nohup: ignoring input
[rocBLAS] src      : /home/limonene/ROCm-project/ROCm-repos_AETS/rocBLAS
[rocBLAS] build    : /home/limonene/ROCm-project/ROCm-repos_AETS/rocBLAS/build-mi25-gfx900
[rocBLAS] tensile  : /home/limonene/ROCm-project/ROCm-repos_AETS/Tensile
[rocBLAS] arch     : gfx900
[rocBLAS] jobs     : 12
[rocBLAS] deps     : 0
+ printf '\033[32mCreating project build directory in: \033[33m/home/limonene/ROCm-project/ROCm-repos_AETS/rocBLAS/build-mi25-gfx900\033[0m\n'
[32mCreating project build directory in: [33m/home/limonene/ROCm-project/ROCm-repos_AETS/rocBLAS/build-mi25-gfx900[0m
+ cmake_executable=cmake
+ cxx=g++
+ cc=gcc
+ fc=gfortran
+ [[ false == true ]]
+ [[ false == true ]]
+ full_build_dir=
+ [[ true == true ]]
+ full_build_dir=/home/limonene/ROCm-project/ROCm-repos_AETS/rocBLAS/build-mi25-gfx900/release
+ [[ false == false ]]
+ pushd .
~/ROCm-project/ROCm-repos_AETS/rocBLAS ~/ROCm-project/ROCm-repos_AETS/rocBLAS
+ rm -rf /home/limonene/ROCm-project/ROCm-repos_AETS/rocBLAS/build-mi25-gfx900/release
+ python3 ./rmake.py --install_invoked --build_dir /home/limonene/ROCm-project/ROCm-repos_AETS/rocBLAS/build-mi25-gfx900 -a gfx900 --jobs 12 --no_hipblaslt --skipldconf --test_local_path /home/limonene/ROCm-project/ROCm-repos_AETS/Tensile --build_dir=/home/limonene/ROCm-project/ROCm-repos_AETS/rocBLAS/build-mi25-gfx900 --src_path=/home/limonene/ROCm-project/ROCm-repos_AETS/rocBLAS
-- The CXX compiler identification is Clang 22.0.0
-- Detecting CXX compiler ABI info
-- Detecting CXX compiler ABI info - done
-- Check for working CXX compiler: /opt/rocm/bin/amdclang++ - skipped
-- Detecting CXX compile features
-- Detecting CXX compile features - done
-- Performing Test CXX_COMPILER_SUPPORTS_OFFLOAD_COMPRESS
-- Performing Test CXX_COMPILER_SUPPORTS_OFFLOAD_COMPRESS - Success
-- Use amdclang to build for amdgpu backend
-- Performing Test CMAKE_HAVE_LIBC_PTHREAD
-- Performing Test CMAKE_HAVE_LIBC_PTHREAD - Success
-- Found Threads: TRUE  
-- OS detected is ubuntu
-- ROCM Platform Version: 7.2.0 default supported gfx list
-- Performing Test COMPILER_HAS_TARGET_ID_gfx900
-- Performing Test COMPILER_HAS_TARGET_ID_gfx900 - Success
/usr/bin/python3 -m venv /home/limonene/ROCm-project/ROCm-repos_AETS/rocBLAS/build-mi25-gfx900/release/virtualenv --system-site-packages --clear
The virtual environment was not created successfully because ensurepip is not
available.  On Debian/Ubuntu systems, you need to install the python3-venv
package using the following command.

    apt install python3.12-venv

You may need to use sudo with that command.  After installing the python3-venv
package, recreate your virtual environment.

Failing command: /home/limonene/ROCm-project/ROCm-repos_AETS/rocBLAS/build-mi25-gfx900/release/virtualenv/bin/python3

CMake Error at cmake/virtualenv.cmake:23 (message):
  1
Call Stack (most recent call first):
  cmake/virtualenv.cmake:49 (virtualenv_create)
  CMakeLists.txt:194 (virtualenv_install)


-- Configuring incomplete, errors occurred!
psutil: not installed so can't estimate RAM limit
{'PRETTY_NAME': 'Ubuntu 24.04.4 LTS', 'NAME': 'Ubuntu', 'VERSION_ID': '24.04', 'VERSION': '24.04.4 LTS (Noble Numbat)', 'VERSION_CODENAME': 'noble', 'ID': 'ubuntu', 'ID_LIKE': 'debian', 'HOME_URL': 'https://www.ubuntu.com/', 'SUPPORT_URL': 'https://help.ubuntu.com/', 'BUG_REPORT_URL': 'https://bugs.launchpad.net/ubuntu/', 'PRIVACY_POLICY_URL': 'https://www.ubuntu.com/legal/terms-and-policies/privacy-policy', 'UBUNTU_CODENAME': 'noble', 'LOGO': 'ubuntu-logo', 'NUM_PROC': 8, 'RAM_GB': 0}
Build source path: /home/limonene/ROCm-project/ROCm-repos_AETS/rocBLAS
cmake -DCMAKE_TOOLCHAIN_FILE=toolchain-linux.cmake -DROCM_DIR:PATH=/opt/rocm -DCPACK_PACKAGING_INSTALL_PREFIX=/opt/rocm -DCMAKE_INSTALL_PREFIX="rocblas-install" -DROCM_PATH=/opt/rocm -DCMAKE_PREFIX_PATH:PATH=/opt/rocm -DCPACK_SET_DESTDIR=OFF -DCMAKE_BUILD_TYPE=Release -DROCM_DISABLE_LDCONFIG=ON -DGPU_TARGETS="gfx900" -DTensile_CODE_OBJECT_VERSION=default -DTensile_LOGIC=asm_full -DTensile_TEST_LOCAL_PATH=/home/limonene/ROCm-project/ROCm-repos_AETS/Tensile -DTensile_SEPARATE_ARCHITECTURES=ON -DTensile_LAZY_LIBRARY_LOADING=ON -DTensile_LIBRARY_FORMAT=msgpack -DTensile_CPU_THREADS=12 -DBUILD_WITH_HIPBLASLT=OFF /home/limonene/ROCm-project/ROCm-repos_AETS/rocBLAS
Traceback (most recent call last):
  File "/home/limonene/ROCm-project/ROCm-repos_AETS/rocBLAS/./rmake.py", line 614, in <module>
    main()
  File "/home/limonene/ROCm-project/ROCm-repos_AETS/rocBLAS/./rmake.py", line 602, in main
    if run_cmd(exe, opts):
       ^^^^^^^^^^^^^^^^^^
  File "/home/limonene/ROCm-project/ROCm-repos_AETS/rocBLAS/./rmake.py", line 566, in run_cmd
    proc = subprocess.run(program, check=True, stderr=subprocess.STDOUT, shell=True)
           ^^^^^^^^^^^^^^^^^^^^^^^^^^^^^^^^^^^^^^^^^^^^^^^^^^^^^^^^^^^^^^^^^^^^^^^^^
  File "/usr/lib/python3.12/subprocess.py", line 571, in run
    raise CalledProcessError(retcode, process.args,
subprocess.CalledProcessError: Command 'cmake -DCMAKE_TOOLCHAIN_FILE=toolchain-linux.cmake -DROCM_DIR:PATH=/opt/rocm -DCPACK_PACKAGING_INSTALL_PREFIX=/opt/rocm -DCMAKE_INSTALL_PREFIX="rocblas-install" -DROCM_PATH=/opt/rocm -DCMAKE_PREFIX_PATH:PATH=/opt/rocm -DCPACK_SET_DESTDIR=OFF -DCMAKE_BUILD_TYPE=Release -DROCM_DISABLE_LDCONFIG=ON -DGPU_TARGETS="gfx900" -DTensile_CODE_OBJECT_VERSION=default -DTensile_LOGIC=asm_full -DTensile_TEST_LOCAL_PATH=/home/limonene/ROCm-project/ROCm-repos_AETS/Tensile -DTensile_SEPARATE_ARCHITECTURES=ON -DTensile_LAZY_LIBRARY_LOADING=ON -DTensile_LIBRARY_FORMAT=msgpack -DTensile_CPU_THREADS=12 -DBUILD_WITH_HIPBLASLT=OFF /home/limonene/ROCm-project/ROCm-repos_AETS/rocBLAS' returned non-zero exit status 1.
+ check_exit_code 1
+ ((  1 != 0  ))
+ exit 1
