===== 2026-03-20 19:15:25 =====
WARNING: AMD GPU device(s) is/are in a low-power state. Check power control/runtime_status



============================ ROCm System Management Interface ============================
====================================== Temperature =======================================
GPU[0]		: Temperature (Sensor edge) (C): 25.0
GPU[0]		: Temperature (Sensor junction) (C): 26.0
GPU[0]		: Temperature (Sensor memory) (C): 26.0
GPU[1]		: Temperature (Sensor edge) (C): 32.0
==========================================================================================
=================================== Power Consumption ====================================
GPU[0]		: Current Socket Graphics Package Power (W): 6.0
energy_count_secondary_die_check, Unexpected data received
==========================================================================================
=================================== % time GPU is busy ===================================
GPU[0]		: GPU use (%): 0
GPU[1]		: GPU use (%): 0
==========================================================================================
=================================== Current Memory Use ===================================
GPU[0]		: GPU Memory Allocated (VRAM%): 0
GPU[0]		: Memory Activity: N/A
GPU[0]		: Not supported on the given system
GPU[1]		: GPU Memory Allocated (VRAM%): 1
GPU[1]		: Memory Activity: N/A
GPU[1]		: Not supported on the given system
==========================================================================================
================================== End of ROCm SMI Log ===================================

===== 2026-03-20 19:15:26 =====
WARNING: AMD GPU device(s) is/are in a low-power state. Check power control/runtime_status



============================ ROCm System Management Interface ============================
====================================== Temperature =======================================
GPU[0]		: Temperature (Sensor edge) (C): 25.0
GPU[0]		: Temperature (Sensor junction) (C): 26.0
GPU[0]		: Temperature (Sensor memory) (C): 26.0
GPU[1]		: Temperature (Sensor edge) (C): 45.0
==========================================================================================
=================================== Power Consumption ====================================
GPU[0]		: Current Socket Graphics Package Power (W): 6.0
energy_count_secondary_die_check, Unexpected data received
==========================================================================================
=================================== % time GPU is busy ===================================
GPU[0]		: GPU use (%): 0
GPU[1]		: GPU use (%): 0
==========================================================================================
=================================== Current Memory Use ===================================
GPU[0]		: GPU Memory Allocated (VRAM%): 0
GPU[0]		: Memory Activity: N/A
GPU[0]		: Not supported on the given system
GPU[1]		: GPU Memory Allocated (VRAM%): 1
GPU[1]		: Memory Activity: N/A
GPU[1]		: Not supported on the given system
==========================================================================================
================================== End of ROCm SMI Log ===================================

===== 2026-03-20 19:15:27 =====
WARNING: AMD GPU device(s) is/are in a low-power state. Check power control/runtime_status



============================ ROCm System Management Interface ============================
====================================== Temperature =======================================
GPU[0]		: Temperature (Sensor edge) (C): 25.0
GPU[0]		: Temperature (Sensor junction) (C): 26.0
GPU[0]		: Temperature (Sensor memory) (C): 26.0
GPU[1]		: Temperature (Sensor edge) (C): 47.0
==========================================================================================
=================================== Power Consumption ====================================
GPU[0]		: Current Socket Graphics Package Power (W): 6.0
energy_count_secondary_die_check, Unexpected data received
==========================================================================================
=================================== % time GPU is busy ===================================
GPU[0]		: GPU use (%): 0
GPU[1]		: GPU use (%): 0
==========================================================================================
=================================== Current Memory Use ===================================
GPU[0]		: GPU Memory Allocated (VRAM%): 0
GPU[0]		: Memory Activity: N/A
GPU[0]		: Not supported on the given system
GPU[1]		: GPU Memory Allocated (VRAM%): 1
GPU[1]		: Memory Activity: N/A
GPU[1]		: Not supported on the given system
==========================================================================================
================================== End of ROCm SMI Log ===================================

===== 2026-03-20 19:15:28 =====
WARNING: AMD GPU device(s) is/are in a low-power state. Check power control/runtime_status



============================ ROCm System Management Interface ============================
====================================== Temperature =======================================
GPU[0]		: Temperature (Sensor edge) (C): 25.0
GPU[0]		: Temperature (Sensor junction) (C): 26.0
GPU[0]		: Temperature (Sensor memory) (C): 26.0
GPU[1]		: Temperature (Sensor edge) (C): 46.0
==========================================================================================
=================================== Power Consumption ====================================
GPU[0]		: Current Socket Graphics Package Power (W): 6.0
energy_count_secondary_die_check, Unexpected data received
==========================================================================================
=================================== % time GPU is busy ===================================
GPU[0]		: GPU use (%): 0
GPU[1]		: GPU use (%): 0
==========================================================================================
=================================== Current Memory Use ===================================
GPU[0]		: GPU Memory Allocated (VRAM%): 0
GPU[0]		: Memory Activity: N/A
GPU[0]		: Not supported on the given system
GPU[1]		: GPU Memory Allocated (VRAM%): 1
GPU[1]		: Memory Activity: N/A
GPU[1]		: Not supported on the given system
==========================================================================================
================================== End of ROCm SMI Log ===================================

===== 2026-03-20 19:15:29 =====
WARNING: AMD GPU device(s) is/are in a low-power state. Check power control/runtime_status



============================ ROCm System Management Interface ============================
====================================== Temperature =======================================
GPU[0]		: Temperature (Sensor edge) (C): 25.0
GPU[0]		: Temperature (Sensor junction) (C): 26.0
GPU[0]		: Temperature (Sensor memory) (C): 26.0
GPU[1]		: Temperature (Sensor edge) (C): 46.0
==========================================================================================
=================================== Power Consumption ====================================
GPU[0]		: Current Socket Graphics Package Power (W): 6.0
energy_count_secondary_die_check, Unexpected data received
==========================================================================================
=================================== % time GPU is busy ===================================
GPU[0]		: GPU use (%): 0
GPU[1]		: GPU use (%): 0
==========================================================================================
=================================== Current Memory Use ===================================
GPU[0]		: GPU Memory Allocated (VRAM%): 0
GPU[0]		: Memory Activity: N/A
GPU[0]		: Not supported on the given system
GPU[1]		: GPU Memory Allocated (VRAM%): 1
GPU[1]		: Memory Activity: N/A
GPU[1]		: Not supported on the given system
==========================================================================================
================================== End of ROCm SMI Log ===================================

===== 2026-03-20 19:15:30 =====
WARNING: AMD GPU device(s) is/are in a low-power state. Check power control/runtime_status



============================ ROCm System Management Interface ============================
====================================== Temperature =======================================
GPU[0]		: Temperature (Sensor edge) (C): 25.0
GPU[0]		: Temperature (Sensor junction) (C): 26.0
GPU[0]		: Temperature (Sensor memory) (C): 26.0
GPU[1]		: Temperature (Sensor edge) (C): 46.0
==========================================================================================
=================================== Power Consumption ====================================
GPU[0]		: Current Socket Graphics Package Power (W): 7.0
energy_count_secondary_die_check, Unexpected data received
==========================================================================================
=================================== % time GPU is busy ===================================
GPU[0]		: GPU use (%): 0
GPU[1]		: GPU use (%): 0
==========================================================================================
=================================== Current Memory Use ===================================
GPU[0]		: GPU Memory Allocated (VRAM%): 0
GPU[0]		: Memory Activity: N/A
GPU[0]		: Not supported on the given system
GPU[1]		: GPU Memory Allocated (VRAM%): 1
GPU[1]		: Memory Activity: N/A
GPU[1]		: Not supported on the given system
==========================================================================================
================================== End of ROCm SMI Log ===================================

===== 2026-03-20 19:15:32 =====
WARNING: AMD GPU device(s) is/are in a low-power state. Check power control/runtime_status



============================ ROCm System Management Interface ============================
====================================== Temperature =======================================
GPU[0]		: Temperature (Sensor edge) (C): 25.0
GPU[0]		: Temperature (Sensor junction) (C): 26.0
GPU[0]		: Temperature (Sensor memory) (C): 26.0
GPU[1]		: Temperature (Sensor edge) (C): 46.0
==========================================================================================
=================================== Power Consumption ====================================
GPU[0]		: Current Socket Graphics Package Power (W): 7.0
energy_count_secondary_die_check, Unexpected data received
==========================================================================================
=================================== % time GPU is busy ===================================
GPU[0]		: GPU use (%): 0
GPU[1]		: GPU use (%): 0
==========================================================================================
=================================== Current Memory Use ===================================
GPU[0]		: GPU Memory Allocated (VRAM%): 0
GPU[0]		: Memory Activity: N/A
GPU[0]		: Not supported on the given system
GPU[1]		: GPU Memory Allocated (VRAM%): 1
GPU[1]		: Memory Activity: N/A
GPU[1]		: Not supported on the given system
==========================================================================================
================================== End of ROCm SMI Log ===================================

===== 2026-03-20 19:15:33 =====
WARNING: AMD GPU device(s) is/are in a low-power state. Check power control/runtime_status



============================ ROCm System Management Interface ============================
====================================== Temperature =======================================
GPU[0]		: Temperature (Sensor edge) (C): 25.0
GPU[0]		: Temperature (Sensor junction) (C): 26.0
GPU[0]		: Temperature (Sensor memory) (C): 26.0
GPU[1]		: Temperature (Sensor edge) (C): 57.0
==========================================================================================
=================================== Power Consumption ====================================
GPU[0]		: Current Socket Graphics Package Power (W): 7.0
energy_count_secondary_die_check, Unexpected data received
==========================================================================================
=================================== % time GPU is busy ===================================
GPU[0]		: GPU use (%): 0
GPU[1]		: GPU use (%): 0
==========================================================================================
=================================== Current Memory Use ===================================
GPU[0]		: GPU Memory Allocated (VRAM%): 0
GPU[0]		: Memory Activity: N/A
GPU[0]		: Not supported on the given system
GPU[1]		: GPU Memory Allocated (VRAM%): 1
GPU[1]		: Memory Activity: N/A
GPU[1]		: Not supported on the given system
==========================================================================================
================================== End of ROCm SMI Log ===================================

===== 2026-03-20 19:15:34 =====
WARNING: AMD GPU device(s) is/are in a low-power state. Check power control/runtime_status



============================ ROCm System Management Interface ============================
====================================== Temperature =======================================
GPU[0]		: Temperature (Sensor edge) (C): 25.0
GPU[0]		: Temperature (Sensor junction) (C): 26.0
GPU[0]		: Temperature (Sensor memory) (C): 26.0
GPU[1]		: Temperature (Sensor edge) (C): 55.0
==========================================================================================
=================================== Power Consumption ====================================
GPU[0]		: Current Socket Graphics Package Power (W): 7.0
energy_count_secondary_die_check, Unexpected data received
==========================================================================================
=================================== % time GPU is busy ===================================
GPU[0]		: GPU use (%): 0
GPU[1]		: GPU use (%): 0
==========================================================================================
=================================== Current Memory Use ===================================
GPU[0]		: GPU Memory Allocated (VRAM%): 0
GPU[0]		: Memory Activity: N/A
GPU[0]		: Not supported on the given system
GPU[1]		: GPU Memory Allocated (VRAM%): 1
GPU[1]		: Memory Activity: N/A
GPU[1]		: Not supported on the given system
==========================================================================================
================================== End of ROCm SMI Log ===================================

===== 2026-03-20 19:15:35 =====
WARNING: AMD GPU device(s) is/are in a low-power state. Check power control/runtime_status



============================ ROCm System Management Interface ============================
====================================== Temperature =======================================
GPU[0]		: Temperature (Sensor edge) (C): 25.0
GPU[0]		: Temperature (Sensor junction) (C): 26.0
GPU[0]		: Temperature (Sensor memory) (C): 26.0
GPU[1]		: Temperature (Sensor edge) (C): 53.0
==========================================================================================
=================================== Power Consumption ====================================
GPU[0]		: Current Socket Graphics Package Power (W): 7.0
energy_count_secondary_die_check, Unexpected data received
==========================================================================================
=================================== % time GPU is busy ===================================
GPU[0]		: GPU use (%): 0
GPU[1]		: GPU use (%): 0
==========================================================================================
=================================== Current Memory Use ===================================
GPU[0]		: GPU Memory Allocated (VRAM%): 0
GPU[0]		: Memory Activity: N/A
GPU[0]		: Not supported on the given system
GPU[1]		: GPU Memory Allocated (VRAM%): 1
GPU[1]		: Memory Activity: N/A
GPU[1]		: Not supported on the given system
==========================================================================================
================================== End of ROCm SMI Log ===================================

===== 2026-03-20 19:15:36 =====
WARNING: AMD GPU device(s) is/are in a low-power state. Check power control/runtime_status



============================ ROCm System Management Interface ============================
====================================== Temperature =======================================
GPU[0]		: Temperature (Sensor edge) (C): 25.0
GPU[0]		: Temperature (Sensor junction) (C): 26.0
GPU[0]		: Temperature (Sensor memory) (C): 26.0
GPU[1]		: Temperature (Sensor edge) (C): 51.0
==========================================================================================
=================================== Power Consumption ====================================
GPU[0]		: Current Socket Graphics Package Power (W): 7.0
energy_count_secondary_die_check, Unexpected data received
==========================================================================================
=================================== % time GPU is busy ===================================
GPU[0]		: GPU use (%): 0
GPU[1]		: GPU use (%): 0
==========================================================================================
=================================== Current Memory Use ===================================
GPU[0]		: GPU Memory Allocated (VRAM%): 0
GPU[0]		: Memory Activity: N/A
GPU[0]		: Not supported on the given system
GPU[1]		: GPU Memory Allocated (VRAM%): 1
GPU[1]		: Memory Activity: N/A
GPU[1]		: Not supported on the given system
==========================================================================================
================================== End of ROCm SMI Log ===================================

===== 2026-03-20 19:15:37 =====
WARNING: AMD GPU device(s) is/are in a low-power state. Check power control/runtime_status



============================ ROCm System Management Interface ============================
====================================== Temperature =======================================
GPU[0]		: Temperature (Sensor edge) (C): 25.0
GPU[0]		: Temperature (Sensor junction) (C): 26.0
GPU[0]		: Temperature (Sensor memory) (C): 26.0
GPU[1]		: Temperature (Sensor edge) (C): 49.0
==========================================================================================
=================================== Power Consumption ====================================
GPU[0]		: Current Socket Graphics Package Power (W): 7.0
energy_count_secondary_die_check, Unexpected data received
==========================================================================================
=================================== % time GPU is busy ===================================
GPU[0]		: GPU use (%): 0
GPU[1]		: GPU use (%): 0
==========================================================================================
=================================== Current Memory Use ===================================
GPU[0]		: GPU Memory Allocated (VRAM%): 0
GPU[0]		: Memory Activity: N/A
GPU[0]		: Not supported on the given system
GPU[1]		: GPU Memory Allocated (VRAM%): 1
GPU[1]		: Memory Activity: N/A
GPU[1]		: Not supported on the given system
==========================================================================================
================================== End of ROCm SMI Log ===================================

===== 2026-03-20 19:15:39 =====
WARNING: AMD GPU device(s) is/are in a low-power state. Check power control/runtime_status



============================ ROCm System Management Interface ============================
====================================== Temperature =======================================
GPU[0]		: Temperature (Sensor edge) (C): 25.0
GPU[0]		: Temperature (Sensor junction) (C): 27.0
GPU[0]		: Temperature (Sensor memory) (C): 26.0
GPU[1]		: Temperature (Sensor edge) (C): 47.0
==========================================================================================
=================================== Power Consumption ====================================
GPU[0]		: Current Socket Graphics Package Power (W): 7.0
energy_count_secondary_die_check, Unexpected data received
==========================================================================================
=================================== % time GPU is busy ===================================
GPU[0]		: GPU use (%): 0
GPU[1]		: GPU use (%): 0
==========================================================================================
=================================== Current Memory Use ===================================
GPU[0]		: GPU Memory Allocated (VRAM%): 0
GPU[0]		: Memory Activity: N/A
GPU[0]		: Not supported on the given system
GPU[1]		: GPU Memory Allocated (VRAM%): 1
GPU[1]		: Memory Activity: N/A
GPU[1]		: Not supported on the given system
==========================================================================================
================================== End of ROCm SMI Log ===================================

===== 2026-03-20 19:15:40 =====
WARNING: AMD GPU device(s) is/are in a low-power state. Check power control/runtime_status



============================ ROCm System Management Interface ============================
====================================== Temperature =======================================
GPU[0]		: Temperature (Sensor edge) (C): 25.0
GPU[0]		: Temperature (Sensor junction) (C): 26.0
GPU[0]		: Temperature (Sensor memory) (C): 26.0
GPU[1]		: Temperature (Sensor edge) (C): 46.0
==========================================================================================
=================================== Power Consumption ====================================
GPU[0]		: Current Socket Graphics Package Power (W): 6.0
energy_count_secondary_die_check, Unexpected data received
==========================================================================================
=================================== % time GPU is busy ===================================
GPU[0]		: GPU use (%): 0
GPU[1]		: GPU use (%): 0
==========================================================================================
=================================== Current Memory Use ===================================
GPU[0]		: GPU Memory Allocated (VRAM%): 0
GPU[0]		: Memory Activity: N/A
GPU[0]		: Not supported on the given system
GPU[1]		: GPU Memory Allocated (VRAM%): 1
GPU[1]		: Memory Activity: N/A
GPU[1]		: Not supported on the given system
==========================================================================================
================================== End of ROCm SMI Log ===================================

===== 2026-03-20 19:15:41 =====
WARNING: AMD GPU device(s) is/are in a low-power state. Check power control/runtime_status



============================ ROCm System Management Interface ============================
====================================== Temperature =======================================
GPU[0]		: Temperature (Sensor edge) (C): 25.0
GPU[0]		: Temperature (Sensor junction) (C): 27.0
GPU[0]		: Temperature (Sensor memory) (C): 26.0
GPU[1]		: Temperature (Sensor edge) (C): 44.0
==========================================================================================
=================================== Power Consumption ====================================
GPU[0]		: Current Socket Graphics Package Power (W): 6.0
energy_count_secondary_die_check, Unexpected data received
==========================================================================================
=================================== % time GPU is busy ===================================
GPU[0]		: GPU use (%): 0
GPU[1]		: GPU use (%): 0
==========================================================================================
=================================== Current Memory Use ===================================
GPU[0]		: GPU Memory Allocated (VRAM%): 0
GPU[0]		: Memory Activity: N/A
GPU[0]		: Not supported on the given system
GPU[1]		: GPU Memory Allocated (VRAM%): 1
GPU[1]		: Memory Activity: N/A
GPU[1]		: Not supported on the given system
==========================================================================================
================================== End of ROCm SMI Log ===================================

===== 2026-03-20 19:15:42 =====
WARNING: AMD GPU device(s) is/are in a low-power state. Check power control/runtime_status



============================ ROCm System Management Interface ============================
====================================== Temperature =======================================
GPU[0]		: Temperature (Sensor edge) (C): 25.0
GPU[0]		: Temperature (Sensor junction) (C): 26.0
GPU[0]		: Temperature (Sensor memory) (C): 26.0
GPU[1]		: Temperature (Sensor edge) (C): 42.0
==========================================================================================
=================================== Power Consumption ====================================
GPU[0]		: Current Socket Graphics Package Power (W): 6.0
energy_count_secondary_die_check, Unexpected data received
==========================================================================================
=================================== % time GPU is busy ===================================
GPU[0]		: GPU use (%): 0
GPU[1]		: GPU use (%): 0
==========================================================================================
=================================== Current Memory Use ===================================
GPU[0]		: GPU Memory Allocated (VRAM%): 0
GPU[0]		: Memory Activity: N/A
GPU[0]		: Not supported on the given system
GPU[1]		: GPU Memory Allocated (VRAM%): 1
GPU[1]		: Memory Activity: N/A
GPU[1]		: Not supported on the given system
==========================================================================================
================================== End of ROCm SMI Log ===================================

===== 2026-03-20 19:15:43 =====
WARNING: AMD GPU device(s) is/are in a low-power state. Check power control/runtime_status



============================ ROCm System Management Interface ============================
====================================== Temperature =======================================
GPU[0]		: Temperature (Sensor edge) (C): 25.0
GPU[0]		: Temperature (Sensor junction) (C): 27.0
GPU[0]		: Temperature (Sensor memory) (C): 26.0
GPU[1]		: Temperature (Sensor edge) (C): 40.0
==========================================================================================
=================================== Power Consumption ====================================
GPU[0]		: Current Socket Graphics Package Power (W): 7.0
energy_count_secondary_die_check, Unexpected data received
==========================================================================================
=================================== % time GPU is busy ===================================
GPU[0]		: GPU use (%): 0
GPU[1]		: GPU use (%): 0
==========================================================================================
=================================== Current Memory Use ===================================
GPU[0]		: GPU Memory Allocated (VRAM%): 0
GPU[0]		: Memory Activity: N/A
GPU[0]		: Not supported on the given system
GPU[1]		: GPU Memory Allocated (VRAM%): 1
GPU[1]		: Memory Activity: N/A
GPU[1]		: Not supported on the given system
==========================================================================================
================================== End of ROCm SMI Log ===================================

===== 2026-03-20 19:15:44 =====
WARNING: AMD GPU device(s) is/are in a low-power state. Check power control/runtime_status



============================ ROCm System Management Interface ============================
====================================== Temperature =======================================
GPU[0]		: Temperature (Sensor edge) (C): 25.0
GPU[0]		: Temperature (Sensor junction) (C): 26.0
GPU[0]		: Temperature (Sensor memory) (C): 26.0
GPU[1]		: Temperature (Sensor edge) (C): 38.0
==========================================================================================
=================================== Power Consumption ====================================
GPU[0]		: Current Socket Graphics Package Power (W): 6.0
energy_count_secondary_die_check, Unexpected data received
==========================================================================================
=================================== % time GPU is busy ===================================
GPU[0]		: GPU use (%): 0
GPU[1]		: GPU use (%): 0
==========================================================================================
=================================== Current Memory Use ===================================
GPU[0]		: GPU Memory Allocated (VRAM%): 0
GPU[0]		: Memory Activity: N/A
GPU[0]		: Not supported on the given system
GPU[1]		: GPU Memory Allocated (VRAM%): 1
GPU[1]		: Memory Activity: N/A
GPU[1]		: Not supported on the given system
==========================================================================================
================================== End of ROCm SMI Log ===================================

===== 2026-03-20 19:15:45 =====
WARNING: AMD GPU device(s) is/are in a low-power state. Check power control/runtime_status



============================ ROCm System Management Interface ============================
====================================== Temperature =======================================
GPU[0]		: Temperature (Sensor edge) (C): 25.0
GPU[0]		: Temperature (Sensor junction) (C): 26.0
GPU[0]		: Temperature (Sensor memory) (C): 26.0
GPU[1]		: Temperature (Sensor edge) (C): 37.0
==========================================================================================
=================================== Power Consumption ====================================
GPU[0]		: Current Socket Graphics Package Power (W): 8.0
energy_count_secondary_die_check, Unexpected data received
==========================================================================================
=================================== % time GPU is busy ===================================
GPU[0]		: GPU use (%): 0
GPU[1]		: GPU use (%): 0
==========================================================================================
=================================== Current Memory Use ===================================
GPU[0]		: GPU Memory Allocated (VRAM%): 0
GPU[0]		: Memory Activity: N/A
GPU[0]		: Not supported on the given system
GPU[1]		: GPU Memory Allocated (VRAM%): 1
GPU[1]		: Memory Activity: N/A
GPU[1]		: Not supported on the given system
==========================================================================================
================================== End of ROCm SMI Log ===================================

===== 2026-03-20 19:15:47 =====
WARNING: AMD GPU device(s) is/are in a low-power state. Check power control/runtime_status



============================ ROCm System Management Interface ============================
====================================== Temperature =======================================
GPU[0]		: Temperature (Sensor edge) (C): 25.0
GPU[0]		: Temperature (Sensor junction) (C): 26.0
GPU[0]		: Temperature (Sensor memory) (C): 26.0
GPU[1]		: Temperature (Sensor edge) (C): 35.0
==========================================================================================
=================================== Power Consumption ====================================
GPU[0]		: Current Socket Graphics Package Power (W): 6.0
energy_count_secondary_die_check, Unexpected data received
==========================================================================================
=================================== % time GPU is busy ===================================
GPU[0]		: GPU use (%): 0
GPU[1]		: GPU use (%): 0
==========================================================================================
=================================== Current Memory Use ===================================
GPU[0]		: GPU Memory Allocated (VRAM%): 0
GPU[0]		: Memory Activity: N/A
GPU[0]		: Not supported on the given system
GPU[1]		: GPU Memory Allocated (VRAM%): 1
GPU[1]		: Memory Activity: N/A
GPU[1]		: Not supported on the given system
==========================================================================================
================================== End of ROCm SMI Log ===================================

===== 2026-03-20 19:15:48 =====
WARNING: AMD GPU device(s) is/are in a low-power state. Check power control/runtime_status



============================ ROCm System Management Interface ============================
====================================== Temperature =======================================
GPU[0]		: Temperature (Sensor edge) (C): 25.0
GPU[0]		: Temperature (Sensor junction) (C): 26.0
GPU[0]		: Temperature (Sensor memory) (C): 26.0
GPU[1]		: Temperature (Sensor edge) (C): 33.0
==========================================================================================
=================================== Power Consumption ====================================
GPU[0]		: Current Socket Graphics Package Power (W): 6.0
energy_count_secondary_die_check, Unexpected data received
==========================================================================================
=================================== % time GPU is busy ===================================
GPU[0]		: GPU use (%): 0
GPU[1]		: GPU use (%): 0
==========================================================================================
=================================== Current Memory Use ===================================
GPU[0]		: GPU Memory Allocated (VRAM%): 0
GPU[0]		: Memory Activity: N/A
GPU[0]		: Not supported on the given system
GPU[1]		: GPU Memory Allocated (VRAM%): 1
GPU[1]		: Memory Activity: N/A
GPU[1]		: Not supported on the given system
==========================================================================================
================================== End of ROCm SMI Log ===================================

===== 2026-03-20 19:15:49 =====
WARNING: AMD GPU device(s) is/are in a low-power state. Check power control/runtime_status



============================ ROCm System Management Interface ============================
====================================== Temperature =======================================
GPU[0]		: Temperature (Sensor edge) (C): 25.0
GPU[0]		: Temperature (Sensor junction) (C): 26.0
GPU[0]		: Temperature (Sensor memory) (C): 26.0
GPU[1]		: Temperature (Sensor edge) (C): 32.0
==========================================================================================
=================================== Power Consumption ====================================
GPU[0]		: Current Socket Graphics Package Power (W): 6.0
energy_count_secondary_die_check, Unexpected data received
==========================================================================================
=================================== % time GPU is busy ===================================
GPU[0]		: GPU use (%): 0
GPU[1]		: GPU use (%): 0
==========================================================================================
=================================== Current Memory Use ===================================
GPU[0]		: GPU Memory Allocated (VRAM%): 0
GPU[0]		: Memory Activity: N/A
GPU[0]		: Not supported on the given system
GPU[1]		: GPU Memory Allocated (VRAM%): 1
GPU[1]		: Memory Activity: N/A
GPU[1]		: Not supported on the given system
==========================================================================================
================================== End of ROCm SMI Log ===================================

===== 2026-03-20 19:15:50 =====
WARNING: AMD GPU device(s) is/are in a low-power state. Check power control/runtime_status



============================ ROCm System Management Interface ============================
====================================== Temperature =======================================
GPU[0]		: Temperature (Sensor edge) (C): 25.0
GPU[0]		: Temperature (Sensor junction) (C): 26.0
GPU[0]		: Temperature (Sensor memory) (C): 26.0
GPU[1]		: Temperature (Sensor edge) (C): 30.0
==========================================================================================
=================================== Power Consumption ====================================
GPU[0]		: Current Socket Graphics Package Power (W): 7.0
energy_count_secondary_die_check, Unexpected data received
==========================================================================================
=================================== % time GPU is busy ===================================
GPU[0]		: GPU use (%): 0
GPU[1]		: GPU use (%): 0
==========================================================================================
=================================== Current Memory Use ===================================
GPU[0]		: GPU Memory Allocated (VRAM%): 0
GPU[0]		: Memory Activity: N/A
GPU[0]		: Not supported on the given system
GPU[1]		: GPU Memory Allocated (VRAM%): 1
GPU[1]		: Memory Activity: N/A
GPU[1]		: Not supported on the given system
==========================================================================================
================================== End of ROCm SMI Log ===================================

===== 2026-03-20 19:15:51 =====
WARNING: AMD GPU device(s) is/are in a low-power state. Check power control/runtime_status



============================ ROCm System Management Interface ============================
====================================== Temperature =======================================
GPU[0]		: Temperature (Sensor edge) (C): 25.0
GPU[0]		: Temperature (Sensor junction) (C): 27.0
GPU[0]		: Temperature (Sensor memory) (C): 27.0
GPU[1]		: Temperature (Sensor edge) (C): 38.0
==========================================================================================
=================================== Power Consumption ====================================
GPU[0]		: Current Socket Graphics Package Power (W): 7.0
energy_count_secondary_die_check, Unexpected data received
==========================================================================================
=================================== % time GPU is busy ===================================
GPU[0]		: GPU use (%): 0
GPU[1]		: GPU use (%): 0
==========================================================================================
=================================== Current Memory Use ===================================
GPU[0]		: GPU Memory Allocated (VRAM%): 0
GPU[0]		: Memory Activity: N/A
GPU[0]		: Not supported on the given system
GPU[1]		: GPU Memory Allocated (VRAM%): 1
GPU[1]		: Memory Activity: N/A
GPU[1]		: Not supported on the given system
==========================================================================================
================================== End of ROCm SMI Log ===================================

===== 2026-03-20 19:15:52 =====
WARNING: AMD GPU device(s) is/are in a low-power state. Check power control/runtime_status



============================ ROCm System Management Interface ============================
====================================== Temperature =======================================
GPU[0]		: Temperature (Sensor edge) (C): 25.0
GPU[0]		: Temperature (Sensor junction) (C): 26.0
GPU[0]		: Temperature (Sensor memory) (C): 26.0
GPU[1]		: Temperature (Sensor edge) (C): 36.0
==========================================================================================
=================================== Power Consumption ====================================
GPU[0]		: Current Socket Graphics Package Power (W): 7.0
energy_count_secondary_die_check, Unexpected data received
==========================================================================================
=================================== % time GPU is busy ===================================
GPU[0]		: GPU use (%): 0
GPU[1]		: GPU use (%): 0
==========================================================================================
=================================== Current Memory Use ===================================
GPU[0]		: GPU Memory Allocated (VRAM%): 0
GPU[0]		: Memory Activity: N/A
GPU[0]		: Not supported on the given system
GPU[1]		: GPU Memory Allocated (VRAM%): 1
GPU[1]		: Memory Activity: N/A
GPU[1]		: Not supported on the given system
==========================================================================================
================================== End of ROCm SMI Log ===================================

===== 2026-03-20 19:15:53 =====
WARNING: AMD GPU device(s) is/are in a low-power state. Check power control/runtime_status



============================ ROCm System Management Interface ============================
====================================== Temperature =======================================
GPU[0]		: Temperature (Sensor edge) (C): 25.0
GPU[0]		: Temperature (Sensor junction) (C): 26.0
GPU[0]		: Temperature (Sensor memory) (C): 26.0
GPU[1]		: Temperature (Sensor edge) (C): 35.0
==========================================================================================
=================================== Power Consumption ====================================
GPU[0]		: Current Socket Graphics Package Power (W): 7.0
energy_count_secondary_die_check, Unexpected data received
==========================================================================================
=================================== % time GPU is busy ===================================
GPU[0]		: GPU use (%): 0
GPU[1]		: GPU use (%): 0
==========================================================================================
=================================== Current Memory Use ===================================
GPU[0]		: GPU Memory Allocated (VRAM%): 0
GPU[0]		: Memory Activity: N/A
GPU[0]		: Not supported on the given system
GPU[1]		: GPU Memory Allocated (VRAM%): 1
GPU[1]		: Memory Activity: N/A
GPU[1]		: Not supported on the given system
==========================================================================================
================================== End of ROCm SMI Log ===================================

===== 2026-03-20 19:15:55 =====
WARNING: AMD GPU device(s) is/are in a low-power state. Check power control/runtime_status



============================ ROCm System Management Interface ============================
====================================== Temperature =======================================
GPU[0]		: Temperature (Sensor edge) (C): 25.0
GPU[0]		: Temperature (Sensor junction) (C): 26.0
GPU[0]		: Temperature (Sensor memory) (C): 26.0
GPU[1]		: Temperature (Sensor edge) (C): 33.0
==========================================================================================
=================================== Power Consumption ====================================
GPU[0]		: Current Socket Graphics Package Power (W): 7.0
energy_count_secondary_die_check, Unexpected data received
==========================================================================================
=================================== % time GPU is busy ===================================
GPU[0]		: GPU use (%): 0
GPU[1]		: GPU use (%): 0
==========================================================================================
=================================== Current Memory Use ===================================
GPU[0]		: GPU Memory Allocated (VRAM%): 0
GPU[0]		: Memory Activity: N/A
GPU[0]		: Not supported on the given system
GPU[1]		: GPU Memory Allocated (VRAM%): 1
GPU[1]		: Memory Activity: N/A
GPU[1]		: Not supported on the given system
==========================================================================================
================================== End of ROCm SMI Log ===================================

===== 2026-03-20 19:15:56 =====
WARNING: AMD GPU device(s) is/are in a low-power state. Check power control/runtime_status



============================ ROCm System Management Interface ============================
====================================== Temperature =======================================
GPU[0]		: Temperature (Sensor edge) (C): 25.0
GPU[0]		: Temperature (Sensor junction) (C): 26.0
GPU[0]		: Temperature (Sensor memory) (C): 26.0
GPU[1]		: Temperature (Sensor edge) (C): 31.0
==========================================================================================
=================================== Power Consumption ====================================
GPU[0]		: Current Socket Graphics Package Power (W): 7.0
energy_count_secondary_die_check, Unexpected data received
==========================================================================================
=================================== % time GPU is busy ===================================
GPU[0]		: GPU use (%): 0
GPU[1]		: GPU use (%): 0
==========================================================================================
=================================== Current Memory Use ===================================
GPU[0]		: GPU Memory Allocated (VRAM%): 0
GPU[0]		: Memory Activity: N/A
GPU[0]		: Not supported on the given system
GPU[1]		: GPU Memory Allocated (VRAM%): 1
GPU[1]		: Memory Activity: N/A
GPU[1]		: Not supported on the given system
==========================================================================================
================================== End of ROCm SMI Log ===================================

===== 2026-03-20 19:15:57 =====
WARNING: AMD GPU device(s) is/are in a low-power state. Check power control/runtime_status



============================ ROCm System Management Interface ============================
====================================== Temperature =======================================
GPU[0]		: Temperature (Sensor edge) (C): 25.0
GPU[0]		: Temperature (Sensor junction) (C): 26.0
GPU[0]		: Temperature (Sensor memory) (C): 26.0
GPU[1]		: Temperature (Sensor edge) (C): 30.0
==========================================================================================
=================================== Power Consumption ====================================
GPU[0]		: Current Socket Graphics Package Power (W): 7.0
energy_count_secondary_die_check, Unexpected data received
==========================================================================================
=================================== % time GPU is busy ===================================
GPU[0]		: GPU use (%): 0
GPU[1]		: GPU use (%): 0
==========================================================================================
=================================== Current Memory Use ===================================
GPU[0]		: GPU Memory Allocated (VRAM%): 0
GPU[0]		: Memory Activity: N/A
GPU[0]		: Not supported on the given system
GPU[1]		: GPU Memory Allocated (VRAM%): 1
GPU[1]		: Memory Activity: N/A
GPU[1]		: Not supported on the given system
==========================================================================================
================================== End of ROCm SMI Log ===================================

===== 2026-03-20 19:15:58 =====
WARNING: AMD GPU device(s) is/are in a low-power state. Check power control/runtime_status



============================ ROCm System Management Interface ============================
====================================== Temperature =======================================
GPU[0]		: Temperature (Sensor edge) (C): 25.0
GPU[0]		: Temperature (Sensor junction) (C): 26.0
GPU[0]		: Temperature (Sensor memory) (C): 26.0
GPU[1]		: Temperature (Sensor edge) (C): 28.0
==========================================================================================
=================================== Power Consumption ====================================
GPU[0]		: Current Socket Graphics Package Power (W): 6.0
energy_count_secondary_die_check, Unexpected data received
==========================================================================================
=================================== % time GPU is busy ===================================
GPU[0]		: GPU use (%): 0
GPU[1]		: GPU use (%): 0
==========================================================================================
=================================== Current Memory Use ===================================
GPU[0]		: GPU Memory Allocated (VRAM%): 0
GPU[0]		: Memory Activity: N/A
GPU[0]		: Not supported on the given system
GPU[1]		: GPU Memory Allocated (VRAM%): 1
GPU[1]		: Memory Activity: N/A
GPU[1]		: Not supported on the given system
==========================================================================================
================================== End of ROCm SMI Log ===================================

===== 2026-03-20 19:15:59 =====
WARNING: AMD GPU device(s) is/are in a low-power state. Check power control/runtime_status



============================ ROCm System Management Interface ============================
====================================== Temperature =======================================
GPU[0]		: Temperature (Sensor edge) (C): 25.0
GPU[0]		: Temperature (Sensor junction) (C): 27.0
GPU[0]		: Temperature (Sensor memory) (C): 26.0
GPU[1]		: Temperature (Sensor edge) (C): 27.0
==========================================================================================
=================================== Power Consumption ====================================
GPU[0]		: Current Socket Graphics Package Power (W): 6.0
energy_count_secondary_die_check, Unexpected data received
==========================================================================================
=================================== % time GPU is busy ===================================
GPU[0]		: GPU use (%): 0
GPU[1]		: GPU use (%): 0
==========================================================================================
=================================== Current Memory Use ===================================
GPU[0]		: GPU Memory Allocated (VRAM%): 0
GPU[0]		: Memory Activity: N/A
GPU[0]		: Not supported on the given system
GPU[1]		: GPU Memory Allocated (VRAM%): 1
GPU[1]		: Memory Activity: N/A
GPU[1]		: Not supported on the given system
==========================================================================================
================================== End of ROCm SMI Log ===================================

===== 2026-03-20 19:16:00 =====
WARNING: AMD GPU device(s) is/are in a low-power state. Check power control/runtime_status



============================ ROCm System Management Interface ============================
====================================== Temperature =======================================
GPU[0]		: Temperature (Sensor edge) (C): 25.0
GPU[0]		: Temperature (Sensor junction) (C): 26.0
GPU[0]		: Temperature (Sensor memory) (C): 26.0
GPU[1]		: Temperature (Sensor edge) (C): 26.0
==========================================================================================
=================================== Power Consumption ====================================
GPU[0]		: Current Socket Graphics Package Power (W): 7.0
energy_count_secondary_die_check, Unexpected data received
==========================================================================================
=================================== % time GPU is busy ===================================
GPU[0]		: GPU use (%): 0
GPU[1]		: GPU use (%): 0
==========================================================================================
=================================== Current Memory Use ===================================
GPU[0]		: GPU Memory Allocated (VRAM%): 0
GPU[0]		: Memory Activity: N/A
GPU[0]		: Not supported on the given system
GPU[1]		: GPU Memory Allocated (VRAM%): 1
GPU[1]		: Memory Activity: N/A
GPU[1]		: Not supported on the given system
==========================================================================================
================================== End of ROCm SMI Log ===================================

===== 2026-03-20 19:16:02 =====
WARNING: AMD GPU device(s) is/are in a low-power state. Check power control/runtime_status



============================ ROCm System Management Interface ============================
====================================== Temperature =======================================
GPU[0]		: Temperature (Sensor edge) (C): 25.0
GPU[0]		: Temperature (Sensor junction) (C): 26.0
GPU[0]		: Temperature (Sensor memory) (C): 26.0
GPU[1]		: Temperature (Sensor edge) (C): 24.0
==========================================================================================
=================================== Power Consumption ====================================
GPU[0]		: Current Socket Graphics Package Power (W): 6.0
energy_count_secondary_die_check, Unexpected data received
==========================================================================================
=================================== % time GPU is busy ===================================
GPU[0]		: GPU use (%): 0
GPU[1]		: GPU use (%): 0
==========================================================================================
=================================== Current Memory Use ===================================
GPU[0]		: GPU Memory Allocated (VRAM%): 0
GPU[0]		: Memory Activity: N/A
GPU[0]		: Not supported on the given system
GPU[1]		: GPU Memory Allocated (VRAM%): 1
GPU[1]		: Memory Activity: N/A
GPU[1]		: Not supported on the given system
==========================================================================================
================================== End of ROCm SMI Log ===================================

===== 2026-03-20 19:16:03 =====
WARNING: AMD GPU device(s) is/are in a low-power state. Check power control/runtime_status



============================ ROCm System Management Interface ============================
====================================== Temperature =======================================
GPU[0]		: Temperature (Sensor edge) (C): 26.0
GPU[0]		: Temperature (Sensor junction) (C): 26.0
GPU[0]		: Temperature (Sensor memory) (C): 26.0
GPU[1]		: Temperature (Sensor edge) (C): 24.0
==========================================================================================
=================================== Power Consumption ====================================
GPU[0]		: Current Socket Graphics Package Power (W): 6.0
energy_count_secondary_die_check, Unexpected data received
==========================================================================================
=================================== % time GPU is busy ===================================
GPU[0]		: GPU use (%): 0
GPU[1]		: GPU use (%): 0
==========================================================================================
=================================== Current Memory Use ===================================
GPU[0]		: GPU Memory Allocated (VRAM%): 0
GPU[0]		: Memory Activity: N/A
GPU[0]		: Not supported on the given system
GPU[1]		: GPU Memory Allocated (VRAM%): 1
GPU[1]		: Memory Activity: N/A
GPU[1]		: Not supported on the given system
==========================================================================================
================================== End of ROCm SMI Log ===================================

===== 2026-03-20 19:16:04 =====
WARNING: AMD GPU device(s) is/are in a low-power state. Check power control/runtime_status



============================ ROCm System Management Interface ============================
====================================== Temperature =======================================
GPU[0]		: Temperature (Sensor edge) (C): 25.0
GPU[0]		: Temperature (Sensor junction) (C): 26.0
GPU[0]		: Temperature (Sensor memory) (C): 26.0
GPU[1]		: Temperature (Sensor edge) (C): 33.0
==========================================================================================
=================================== Power Consumption ====================================
GPU[0]		: Current Socket Graphics Package Power (W): 6.0
energy_count_secondary_die_check, Unexpected data received
==========================================================================================
=================================== % time GPU is busy ===================================
GPU[0]		: GPU use (%): 0
GPU[1]		: GPU use (%): 0
==========================================================================================
=================================== Current Memory Use ===================================
GPU[0]		: GPU Memory Allocated (VRAM%): 0
GPU[0]		: Memory Activity: N/A
GPU[0]		: Not supported on the given system
GPU[1]		: GPU Memory Allocated (VRAM%): 1
GPU[1]		: Memory Activity: N/A
GPU[1]		: Not supported on the given system
==========================================================================================
================================== End of ROCm SMI Log ===================================

===== 2026-03-20 19:16:05 =====
WARNING: AMD GPU device(s) is/are in a low-power state. Check power control/runtime_status



============================ ROCm System Management Interface ============================
====================================== Temperature =======================================
GPU[0]		: Temperature (Sensor edge) (C): 25.0
GPU[0]		: Temperature (Sensor junction) (C): 26.0
GPU[0]		: Temperature (Sensor memory) (C): 26.0
GPU[1]		: Temperature (Sensor edge) (C): 32.0
==========================================================================================
=================================== Power Consumption ====================================
GPU[0]		: Current Socket Graphics Package Power (W): 7.0
energy_count_secondary_die_check, Unexpected data received
==========================================================================================
=================================== % time GPU is busy ===================================
GPU[0]		: GPU use (%): 0
GPU[1]		: GPU use (%): 0
==========================================================================================
=================================== Current Memory Use ===================================
GPU[0]		: GPU Memory Allocated (VRAM%): 0
GPU[0]		: Memory Activity: N/A
GPU[0]		: Not supported on the given system
GPU[1]		: GPU Memory Allocated (VRAM%): 1
GPU[1]		: Memory Activity: N/A
GPU[1]		: Not supported on the given system
==========================================================================================
================================== End of ROCm SMI Log ===================================

===== 2026-03-20 19:16:06 =====
WARNING: AMD GPU device(s) is/are in a low-power state. Check power control/runtime_status



============================ ROCm System Management Interface ============================
====================================== Temperature =======================================
GPU[0]		: Temperature (Sensor edge) (C): 25.0
GPU[0]		: Temperature (Sensor junction) (C): 26.0
GPU[0]		: Temperature (Sensor memory) (C): 26.0
GPU[1]		: Temperature (Sensor edge) (C): 30.0
==========================================================================================
=================================== Power Consumption ====================================
GPU[0]		: Current Socket Graphics Package Power (W): 6.0
energy_count_secondary_die_check, Unexpected data received
==========================================================================================
=================================== % time GPU is busy ===================================
GPU[0]		: GPU use (%): 0
GPU[1]		: GPU use (%): 0
==========================================================================================
=================================== Current Memory Use ===================================
GPU[0]		: GPU Memory Allocated (VRAM%): 0
GPU[0]		: Memory Activity: N/A
GPU[0]		: Not supported on the given system
GPU[1]		: GPU Memory Allocated (VRAM%): 1
GPU[1]		: Memory Activity: N/A
GPU[1]		: Not supported on the given system
==========================================================================================
================================== End of ROCm SMI Log ===================================

===== 2026-03-20 19:16:07 =====
WARNING: AMD GPU device(s) is/are in a low-power state. Check power control/runtime_status



============================ ROCm System Management Interface ============================
====================================== Temperature =======================================
GPU[0]		: Temperature (Sensor edge) (C): 25.0
GPU[0]		: Temperature (Sensor junction) (C): 26.0
GPU[0]		: Temperature (Sensor memory) (C): 26.0
GPU[1]		: Temperature (Sensor edge) (C): 29.0
==========================================================================================
=================================== Power Consumption ====================================
GPU[0]		: Current Socket Graphics Package Power (W): 7.0
energy_count_secondary_die_check, Unexpected data received
==========================================================================================
=================================== % time GPU is busy ===================================
GPU[0]		: GPU use (%): 0
GPU[1]		: GPU use (%): 0
==========================================================================================
=================================== Current Memory Use ===================================
GPU[0]		: GPU Memory Allocated (VRAM%): 0
GPU[0]		: Memory Activity: N/A
GPU[0]		: Not supported on the given system
GPU[1]		: GPU Memory Allocated (VRAM%): 1
GPU[1]		: Memory Activity: N/A
GPU[1]		: Not supported on the given system
==========================================================================================
================================== End of ROCm SMI Log ===================================

===== 2026-03-20 19:16:08 =====
WARNING: AMD GPU device(s) is/are in a low-power state. Check power control/runtime_status



============================ ROCm System Management Interface ============================
====================================== Temperature =======================================
GPU[0]		: Temperature (Sensor edge) (C): 25.0
GPU[0]		: Temperature (Sensor junction) (C): 26.0
GPU[0]		: Temperature (Sensor memory) (C): 26.0
GPU[1]		: Temperature (Sensor edge) (C): 27.0
==========================================================================================
=================================== Power Consumption ====================================
GPU[0]		: Current Socket Graphics Package Power (W): 6.0
energy_count_secondary_die_check, Unexpected data received
==========================================================================================
=================================== % time GPU is busy ===================================
GPU[0]		: GPU use (%): 0
GPU[1]		: GPU use (%): 0
==========================================================================================
=================================== Current Memory Use ===================================
GPU[0]		: GPU Memory Allocated (VRAM%): 0
GPU[0]		: Memory Activity: N/A
GPU[0]		: Not supported on the given system
GPU[1]		: GPU Memory Allocated (VRAM%): 1
GPU[1]		: Memory Activity: N/A
GPU[1]		: Not supported on the given system
==========================================================================================
================================== End of ROCm SMI Log ===================================

===== 2026-03-20 19:16:10 =====
WARNING: AMD GPU device(s) is/are in a low-power state. Check power control/runtime_status



============================ ROCm System Management Interface ============================
====================================== Temperature =======================================
GPU[0]		: Temperature (Sensor edge) (C): 25.0
GPU[0]		: Temperature (Sensor junction) (C): 27.0
GPU[0]		: Temperature (Sensor memory) (C): 27.0
GPU[1]		: Temperature (Sensor edge) (C): 26.0
==========================================================================================
=================================== Power Consumption ====================================
GPU[0]		: Current Socket Graphics Package Power (W): 6.0
energy_count_secondary_die_check, Unexpected data received
==========================================================================================
=================================== % time GPU is busy ===================================
GPU[0]		: GPU use (%): 0
GPU[1]		: GPU use (%): 0
==========================================================================================
=================================== Current Memory Use ===================================
GPU[0]		: GPU Memory Allocated (VRAM%): 0
GPU[0]		: Memory Activity: N/A
GPU[0]		: Not supported on the given system
GPU[1]		: GPU Memory Allocated (VRAM%): 1
GPU[1]		: Memory Activity: N/A
GPU[1]		: Not supported on the given system
==========================================================================================
================================== End of ROCm SMI Log ===================================

