===== 2026-03-20T19:41:27+09:00 =====


============================ ROCm System Management Interface ============================
====================================== Temperature =======================================
GPU[0]		: Temperature (Sensor edge) (C): 25.0
GPU[0]		: Temperature (Sensor junction) (C): 26.0
GPU[0]		: Temperature (Sensor memory) (C): 26.0
GPU[1]		: Temperature (Sensor edge) (C): 54.0
==========================================================================================
=============================== Current clock frequencies ================================
GPU[0]		: mclk clock level: 0: (167Mhz)
GPU[0]		: sclk clock level: 0: (852Mhz)
GPU[0]		: socclk clock level: 0: (600Mhz)
GPU[1]		: mclk clock level: 2: (1200Mhz)
GPU[1]		: sclk clock level: 0: (200Mhz)
==========================================================================================
=================================== Power Consumption ====================================
GPU[0]		: Current Socket Graphics Package Power (W): 8.0
energy_count_secondary_die_check, Unexpected data received
==========================================================================================
=================================== % time GPU is busy ===================================
GPU[0]		: GPU use (%): 0
GPU[1]		: GPU use (%): 0
==========================================================================================
=================================== Current Memory Use ===================================
GPU[0]		: GPU Memory Allocated (VRAM%): 0
GPU[0]		: Memory Activity: N/A
GPU[0]		: Not supported on the given system
GPU[1]		: GPU Memory Allocated (VRAM%): 1
GPU[1]		: Memory Activity: N/A
GPU[1]		: Not supported on the given system
==========================================================================================
================================== End of ROCm SMI Log ===================================

===== 2026-03-20T19:41:29+09:00 =====


============================ ROCm System Management Interface ============================
====================================== Temperature =======================================
GPU[0]		: Temperature (Sensor edge) (C): 25.0
GPU[0]		: Temperature (Sensor junction) (C): 26.0
GPU[0]		: Temperature (Sensor memory) (C): 26.0
GPU[1]		: Temperature (Sensor edge) (C): 52.0
==========================================================================================
=============================== Current clock frequencies ================================
GPU[0]		: mclk clock level: 0: (167Mhz)
GPU[0]		: sclk clock level: 0: (852Mhz)
GPU[0]		: socclk clock level: 0: (600Mhz)
GPU[1]		: mclk clock level: 1: (933Mhz)
GPU[1]		: sclk clock level: 0: (200Mhz)
==========================================================================================
=================================== Power Consumption ====================================
GPU[0]		: Current Socket Graphics Package Power (W): 6.0
energy_count_secondary_die_check, Unexpected data received
==========================================================================================
=================================== % time GPU is busy ===================================
GPU[0]		: GPU use (%): 0
GPU[1]		: GPU use (%): 0
==========================================================================================
=================================== Current Memory Use ===================================
GPU[0]		: GPU Memory Allocated (VRAM%): 0
GPU[0]		: Memory Activity: N/A
GPU[0]		: Not supported on the given system
GPU[1]		: GPU Memory Allocated (VRAM%): 1
GPU[1]		: Memory Activity: N/A
GPU[1]		: Not supported on the given system
==========================================================================================
================================== End of ROCm SMI Log ===================================

