===== 2026-03-20T19:29:48+09:00 =====


============================ ROCm System Management Interface ============================
====================================== Temperature =======================================
GPU[0]		: Temperature (Sensor edge) (C): 25.0
GPU[0]		: Temperature (Sensor junction) (C): 26.0
GPU[0]		: Temperature (Sensor memory) (C): 26.0
GPU[1]		: Temperature (Sensor edge) (C): 54.0
==========================================================================================
=============================== Current clock frequencies ================================
GPU[0]		: mclk clock level: 0: (167Mhz)
GPU[0]		: sclk clock level: 0: (852Mhz)
GPU[0]		: socclk clock level: 0: (600Mhz)
GPU[1]		: mclk clock level: 1: (933Mhz)
GPU[1]		: sclk clock level: 0: (200Mhz)
==========================================================================================
=================================== Power Consumption ====================================
GPU[0]		: Current Socket Graphics Package Power (W): 6.0
energy_count_secondary_die_check, Unexpected data received
==========================================================================================
=================================== % time GPU is busy ===================================
GPU[0]		: GPU use (%): 0
GPU[1]		: GPU use (%): 0
==========================================================================================
=================================== Current Memory Use ===================================
GPU[0]		: GPU Memory Allocated (VRAM%): 0
GPU[0]		: Memory Activity: N/A
GPU[0]		: Not supported on the given system
GPU[1]		: GPU Memory Allocated (VRAM%): 1
GPU[1]		: Memory Activity: N/A
GPU[1]		: Not supported on the given system
==========================================================================================
================================== End of ROCm SMI Log ===================================

===== 2026-03-20T19:29:49+09:00 =====


============================ ROCm System Management Interface ============================
====================================== Temperature =======================================
GPU[0]		: Temperature (Sensor edge) (C): 25.0
GPU[0]		: Temperature (Sensor junction) (C): 26.0
GPU[0]		: Temperature (Sensor memory) (C): 26.0
GPU[1]		: Temperature (Sensor edge) (C): 52.0
==========================================================================================
=============================== Current clock frequencies ================================
GPU[0]		: mclk clock level: 0: (167Mhz)
GPU[0]		: sclk clock level: 0: (852Mhz)
GPU[0]		: socclk clock level: 0: (600Mhz)
GPU[1]		: mclk clock level: 1: (933Mhz)
GPU[1]		: sclk clock level: 0: (200Mhz)
==========================================================================================
=================================== Power Consumption ====================================
GPU[0]		: Current Socket Graphics Package Power (W): 7.0
energy_count_secondary_die_check, Unexpected data received
==========================================================================================
=================================== % time GPU is busy ===================================
GPU[0]		: GPU use (%): 0
GPU[1]		: GPU use (%): 0
==========================================================================================
=================================== Current Memory Use ===================================
GPU[0]		: GPU Memory Allocated (VRAM%): 0
GPU[0]		: Memory Activity: N/A
GPU[0]		: Not supported on the given system
GPU[1]		: GPU Memory Allocated (VRAM%): 1
GPU[1]		: Memory Activity: N/A
GPU[1]		: Not supported on the given system
==========================================================================================
================================== End of ROCm SMI Log ===================================

===== 2026-03-20T19:29:51+09:00 =====


============================ ROCm System Management Interface ============================
====================================== Temperature =======================================
GPU[0]		: Temperature (Sensor edge) (C): 25.0
GPU[0]		: Temperature (Sensor junction) (C): 27.0
GPU[0]		: Temperature (Sensor memory) (C): 26.0
GPU[1]		: Temperature (Sensor edge) (C): 51.0
==========================================================================================
=============================== Current clock frequencies ================================
GPU[0]		: mclk clock level: 0: (167Mhz)
GPU[0]		: sclk clock level: 0: (852Mhz)
GPU[0]		: socclk clock level: 0: (600Mhz)
GPU[1]		: mclk clock level: 1: (933Mhz)
GPU[1]		: sclk clock level: 0: (200Mhz)
==========================================================================================
=================================== Power Consumption ====================================
GPU[0]		: Current Socket Graphics Package Power (W): 6.0
energy_count_secondary_die_check, Unexpected data received
==========================================================================================
=================================== % time GPU is busy ===================================
GPU[0]		: GPU use (%): 0
GPU[1]		: GPU use (%): 0
==========================================================================================
=================================== Current Memory Use ===================================
GPU[0]		: GPU Memory Allocated (VRAM%): 0
GPU[0]		: Memory Activity: N/A
GPU[0]		: Not supported on the given system
GPU[1]		: GPU Memory Allocated (VRAM%): 1
GPU[1]		: Memory Activity: N/A
GPU[1]		: Not supported on the given system
==========================================================================================
================================== End of ROCm SMI Log ===================================

===== 2026-03-20T19:29:52+09:00 =====


============================ ROCm System Management Interface ============================
====================================== Temperature =======================================
GPU[0]		: Temperature (Sensor edge) (C): 25.0
GPU[0]		: Temperature (Sensor junction) (C): 26.0
GPU[0]		: Temperature (Sensor memory) (C): 26.0
GPU[1]		: Temperature (Sensor edge) (C): 51.0
==========================================================================================
=============================== Current clock frequencies ================================
GPU[0]		: mclk clock level: 0: (167Mhz)
GPU[0]		: sclk clock level: 0: (852Mhz)
GPU[0]		: socclk clock level: 0: (600Mhz)
GPU[1]		: mclk clock level: 1: (933Mhz)
GPU[1]		: sclk clock level: 0: (200Mhz)
==========================================================================================
=================================== Power Consumption ====================================
GPU[0]		: Current Socket Graphics Package Power (W): 6.0
energy_count_secondary_die_check, Unexpected data received
==========================================================================================
=================================== % time GPU is busy ===================================
GPU[0]		: GPU use (%): 0
GPU[1]		: GPU use (%): 0
==========================================================================================
=================================== Current Memory Use ===================================
GPU[0]		: GPU Memory Allocated (VRAM%): 0
GPU[0]		: Memory Activity: N/A
GPU[0]		: Not supported on the given system
GPU[1]		: GPU Memory Allocated (VRAM%): 1
GPU[1]		: Memory Activity: N/A
GPU[1]		: Not supported on the given system
==========================================================================================
================================== End of ROCm SMI Log ===================================

===== 2026-03-20T19:29:53+09:00 =====


============================ ROCm System Management Interface ============================
====================================== Temperature =======================================
GPU[0]		: Temperature (Sensor edge) (C): 25.0
GPU[0]		: Temperature (Sensor junction) (C): 26.0
GPU[0]		: Temperature (Sensor memory) (C): 26.0
GPU[1]		: Temperature (Sensor edge) (C): 51.0
==========================================================================================
=============================== Current clock frequencies ================================
GPU[0]		: mclk clock level: 0: (167Mhz)
GPU[0]		: sclk clock level: 0: (852Mhz)
GPU[0]		: socclk clock level: 0: (600Mhz)
GPU[1]		: mclk clock level: 3: (1333Mhz)
GPU[1]		: sclk clock level: 0: (200Mhz)
==========================================================================================
=================================== Power Consumption ====================================
GPU[0]		: Current Socket Graphics Package Power (W): 6.0
energy_count_secondary_die_check, Unexpected data received
==========================================================================================
=================================== % time GPU is busy ===================================
GPU[0]		: GPU use (%): 0
GPU[1]		: GPU use (%): 0
==========================================================================================
=================================== Current Memory Use ===================================
GPU[0]		: GPU Memory Allocated (VRAM%): 0
GPU[0]		: Memory Activity: N/A
GPU[0]		: Not supported on the given system
GPU[1]		: GPU Memory Allocated (VRAM%): 1
GPU[1]		: Memory Activity: N/A
GPU[1]		: Not supported on the given system
==========================================================================================
================================== End of ROCm SMI Log ===================================

===== 2026-03-20T19:29:54+09:00 =====


============================ ROCm System Management Interface ============================
====================================== Temperature =======================================
GPU[0]		: Temperature (Sensor edge) (C): 25.0
GPU[0]		: Temperature (Sensor junction) (C): 26.0
GPU[0]		: Temperature (Sensor memory) (C): 26.0
GPU[1]		: Temperature (Sensor edge) (C): 51.0
==========================================================================================
=============================== Current clock frequencies ================================
GPU[0]		: mclk clock level: 0: (167Mhz)
GPU[0]		: sclk clock level: 0: (852Mhz)
GPU[0]		: socclk clock level: 0: (600Mhz)
GPU[1]		: mclk clock level: 3: (1333Mhz)
GPU[1]		: sclk clock level: 0: (200Mhz)
==========================================================================================
=================================== Power Consumption ====================================
GPU[0]		: Current Socket Graphics Package Power (W): 6.0
energy_count_secondary_die_check, Unexpected data received
==========================================================================================
=================================== % time GPU is busy ===================================
GPU[0]		: GPU use (%): 0
GPU[1]		: GPU use (%): 0
==========================================================================================
=================================== Current Memory Use ===================================
GPU[0]		: GPU Memory Allocated (VRAM%): 0
GPU[0]		: Memory Activity: N/A
GPU[0]		: Not supported on the given system
GPU[1]		: GPU Memory Allocated (VRAM%): 1
GPU[1]		: Memory Activity: N/A
GPU[1]		: Not supported on the given system
==========================================================================================
================================== End of ROCm SMI Log ===================================

===== 2026-03-20T19:29:55+09:00 =====


============================ ROCm System Management Interface ============================
====================================== Temperature =======================================
GPU[0]		: Temperature (Sensor edge) (C): 25.0
GPU[0]		: Temperature (Sensor junction) (C): 26.0
GPU[0]		: Temperature (Sensor memory) (C): 26.0
GPU[1]		: Temperature (Sensor edge) (C): 61.0
==========================================================================================
=============================== Current clock frequencies ================================
GPU[0]		: mclk clock level: 0: (167Mhz)
GPU[0]		: sclk clock level: 0: (852Mhz)
GPU[0]		: socclk clock level: 0: (600Mhz)
GPU[1]		: mclk clock level: 3: (1333Mhz)
GPU[1]		: sclk clock level: 0: (200Mhz)
==========================================================================================
=================================== Power Consumption ====================================
GPU[0]		: Current Socket Graphics Package Power (W): 6.0
energy_count_secondary_die_check, Unexpected data received
==========================================================================================
=================================== % time GPU is busy ===================================
GPU[0]		: GPU use (%): 0
GPU[1]		: GPU use (%): 0
==========================================================================================
=================================== Current Memory Use ===================================
GPU[0]		: GPU Memory Allocated (VRAM%): 0
GPU[0]		: Memory Activity: N/A
GPU[0]		: Not supported on the given system
GPU[1]		: GPU Memory Allocated (VRAM%): 1
GPU[1]		: Memory Activity: N/A
GPU[1]		: Not supported on the given system
==========================================================================================
================================== End of ROCm SMI Log ===================================

===== 2026-03-20T19:29:56+09:00 =====


============================ ROCm System Management Interface ============================
====================================== Temperature =======================================
GPU[0]		: Temperature (Sensor edge) (C): 25.0
GPU[0]		: Temperature (Sensor junction) (C): 26.0
GPU[0]		: Temperature (Sensor memory) (C): 26.0
GPU[1]		: Temperature (Sensor edge) (C): 59.0
==========================================================================================
=============================== Current clock frequencies ================================
GPU[0]		: mclk clock level: 0: (167Mhz)
GPU[0]		: sclk clock level: 0: (852Mhz)
GPU[0]		: socclk clock level: 0: (600Mhz)
GPU[1]		: mclk clock level: 3: (1333Mhz)
GPU[1]		: sclk clock level: 0: (200Mhz)
==========================================================================================
=================================== Power Consumption ====================================
GPU[0]		: Current Socket Graphics Package Power (W): 7.0
energy_count_secondary_die_check, Unexpected data received
==========================================================================================
=================================== % time GPU is busy ===================================
GPU[0]		: GPU use (%): 0
GPU[1]		: GPU use (%): 0
==========================================================================================
=================================== Current Memory Use ===================================
GPU[0]		: GPU Memory Allocated (VRAM%): 0
GPU[0]		: Memory Activity: N/A
GPU[0]		: Not supported on the given system
GPU[1]		: GPU Memory Allocated (VRAM%): 1
GPU[1]		: Memory Activity: N/A
GPU[1]		: Not supported on the given system
==========================================================================================
================================== End of ROCm SMI Log ===================================

===== 2026-03-20T19:29:58+09:00 =====


============================ ROCm System Management Interface ============================
====================================== Temperature =======================================
GPU[0]		: Temperature (Sensor edge) (C): 26.0
GPU[0]		: Temperature (Sensor junction) (C): 26.0
GPU[0]		: Temperature (Sensor memory) (C): 26.0
GPU[1]		: Temperature (Sensor edge) (C): 57.0
==========================================================================================
=============================== Current clock frequencies ================================
GPU[0]		: mclk clock level: 0: (167Mhz)
GPU[0]		: sclk clock level: 0: (852Mhz)
GPU[0]		: socclk clock level: 0: (600Mhz)
GPU[1]		: mclk clock level: 3: (1333Mhz)
GPU[1]		: sclk clock level: 0: (200Mhz)
==========================================================================================
=================================== Power Consumption ====================================
GPU[0]		: Current Socket Graphics Package Power (W): 7.0
energy_count_secondary_die_check, Unexpected data received
==========================================================================================
=================================== % time GPU is busy ===================================
GPU[0]		: GPU use (%): 0
GPU[1]		: GPU use (%): 0
==========================================================================================
=================================== Current Memory Use ===================================
GPU[0]		: GPU Memory Allocated (VRAM%): 0
GPU[0]		: Memory Activity: N/A
GPU[0]		: Not supported on the given system
GPU[1]		: GPU Memory Allocated (VRAM%): 1
GPU[1]		: Memory Activity: N/A
GPU[1]		: Not supported on the given system
==========================================================================================
================================== End of ROCm SMI Log ===================================

===== 2026-03-20T19:29:59+09:00 =====


============================ ROCm System Management Interface ============================
====================================== Temperature =======================================
GPU[0]		: Temperature (Sensor edge) (C): 25.0
GPU[0]		: Temperature (Sensor junction) (C): 26.0
GPU[0]		: Temperature (Sensor memory) (C): 26.0
GPU[1]		: Temperature (Sensor edge) (C): 56.0
==========================================================================================
=============================== Current clock frequencies ================================
GPU[0]		: mclk clock level: 0: (167Mhz)
GPU[0]		: sclk clock level: 0: (852Mhz)
GPU[0]		: socclk clock level: 0: (600Mhz)
GPU[1]		: mclk clock level: 3: (1333Mhz)
GPU[1]		: sclk clock level: 0: (200Mhz)
==========================================================================================
=================================== Power Consumption ====================================
GPU[0]		: Current Socket Graphics Package Power (W): 7.0
energy_count_secondary_die_check, Unexpected data received
==========================================================================================
=================================== % time GPU is busy ===================================
GPU[0]		: GPU use (%): 0
GPU[1]		: GPU use (%): 0
==========================================================================================
=================================== Current Memory Use ===================================
GPU[0]		: GPU Memory Allocated (VRAM%): 0
GPU[0]		: Memory Activity: N/A
GPU[0]		: Not supported on the given system
GPU[1]		: GPU Memory Allocated (VRAM%): 1
GPU[1]		: Memory Activity: N/A
GPU[1]		: Not supported on the given system
==========================================================================================
================================== End of ROCm SMI Log ===================================

===== 2026-03-20T19:30:00+09:00 =====


============================ ROCm System Management Interface ============================
====================================== Temperature =======================================
GPU[0]		: Temperature (Sensor edge) (C): 25.0
GPU[0]		: Temperature (Sensor junction) (C): 26.0
GPU[0]		: Temperature (Sensor memory) (C): 26.0
GPU[1]		: Temperature (Sensor edge) (C): 55.0
==========================================================================================
=============================== Current clock frequencies ================================
GPU[0]		: mclk clock level: 0: (167Mhz)
GPU[0]		: sclk clock level: 0: (852Mhz)
GPU[0]		: socclk clock level: 0: (600Mhz)
GPU[1]		: mclk clock level: 3: (1333Mhz)
GPU[1]		: sclk clock level: 0: (200Mhz)
==========================================================================================
=================================== Power Consumption ====================================
GPU[0]		: Current Socket Graphics Package Power (W): 7.0
energy_count_secondary_die_check, Unexpected data received
==========================================================================================
=================================== % time GPU is busy ===================================
GPU[0]		: GPU use (%): 0
GPU[1]		: GPU use (%): 0
==========================================================================================
=================================== Current Memory Use ===================================
GPU[0]		: GPU Memory Allocated (VRAM%): 0
GPU[0]		: Memory Activity: N/A
GPU[0]		: Not supported on the given system
GPU[1]		: GPU Memory Allocated (VRAM%): 1
GPU[1]		: Memory Activity: N/A
GPU[1]		: Not supported on the given system
==========================================================================================
================================== End of ROCm SMI Log ===================================

===== 2026-03-20T19:30:01+09:00 =====


============================ ROCm System Management Interface ============================
====================================== Temperature =======================================
GPU[0]		: Temperature (Sensor edge) (C): 25.0
GPU[0]		: Temperature (Sensor junction) (C): 26.0
GPU[0]		: Temperature (Sensor memory) (C): 26.0
GPU[1]		: Temperature (Sensor edge) (C): 53.0
==========================================================================================
=============================== Current clock frequencies ================================
GPU[0]		: mclk clock level: 0: (167Mhz)
GPU[0]		: sclk clock level: 0: (852Mhz)
GPU[0]		: socclk clock level: 0: (600Mhz)
GPU[1]		: mclk clock level: 3: (1333Mhz)
GPU[1]		: sclk clock level: 0: (200Mhz)
==========================================================================================
=================================== Power Consumption ====================================
GPU[0]		: Current Socket Graphics Package Power (W): 6.0
energy_count_secondary_die_check, Unexpected data received
==========================================================================================
=================================== % time GPU is busy ===================================
GPU[0]		: GPU use (%): 0
GPU[1]		: GPU use (%): 0
==========================================================================================
=================================== Current Memory Use ===================================
GPU[0]		: GPU Memory Allocated (VRAM%): 0
GPU[0]		: Memory Activity: N/A
GPU[0]		: Not supported on the given system
GPU[1]		: GPU Memory Allocated (VRAM%): 1
GPU[1]		: Memory Activity: N/A
GPU[1]		: Not supported on the given system
==========================================================================================
================================== End of ROCm SMI Log ===================================

===== 2026-03-20T19:30:02+09:00 =====


============================ ROCm System Management Interface ============================
====================================== Temperature =======================================
GPU[0]		: Temperature (Sensor edge) (C): 25.0
GPU[0]		: Temperature (Sensor junction) (C): 26.0
GPU[0]		: Temperature (Sensor memory) (C): 26.0
GPU[1]		: Temperature (Sensor edge) (C): 52.0
==========================================================================================
=============================== Current clock frequencies ================================
GPU[0]		: mclk clock level: 0: (167Mhz)
GPU[0]		: sclk clock level: 0: (852Mhz)
GPU[0]		: socclk clock level: 0: (600Mhz)
GPU[1]		: mclk clock level: 3: (1333Mhz)
GPU[1]		: sclk clock level: 0: (200Mhz)
==========================================================================================
=================================== Power Consumption ====================================
GPU[0]		: Current Socket Graphics Package Power (W): 7.0
energy_count_secondary_die_check, Unexpected data received
==========================================================================================
=================================== % time GPU is busy ===================================
GPU[0]		: GPU use (%): 0
GPU[1]		: GPU use (%): 0
==========================================================================================
=================================== Current Memory Use ===================================
GPU[0]		: GPU Memory Allocated (VRAM%): 0
GPU[0]		: Memory Activity: N/A
GPU[0]		: Not supported on the given system
GPU[1]		: GPU Memory Allocated (VRAM%): 1
GPU[1]		: Memory Activity: N/A
GPU[1]		: Not supported on the given system
==========================================================================================
================================== End of ROCm SMI Log ===================================

===== 2026-03-20T19:30:04+09:00 =====


============================ ROCm System Management Interface ============================
====================================== Temperature =======================================
GPU[0]		: Temperature (Sensor edge) (C): 25.0
GPU[0]		: Temperature (Sensor junction) (C): 26.0
GPU[0]		: Temperature (Sensor memory) (C): 26.0
GPU[1]		: Temperature (Sensor edge) (C): 52.0
==========================================================================================
=============================== Current clock frequencies ================================
GPU[0]		: mclk clock level: 0: (167Mhz)
GPU[0]		: sclk clock level: 0: (852Mhz)
GPU[0]		: socclk clock level: 0: (600Mhz)
GPU[1]		: mclk clock level: 3: (1333Mhz)
GPU[1]		: sclk clock level: 0: (200Mhz)
==========================================================================================
=================================== Power Consumption ====================================
GPU[0]		: Current Socket Graphics Package Power (W): 7.0
energy_count_secondary_die_check, Unexpected data received
==========================================================================================
=================================== % time GPU is busy ===================================
GPU[0]		: GPU use (%): 0
GPU[1]		: GPU use (%): 0
==========================================================================================
=================================== Current Memory Use ===================================
GPU[0]		: GPU Memory Allocated (VRAM%): 0
GPU[0]		: Memory Activity: N/A
GPU[0]		: Not supported on the given system
GPU[1]		: GPU Memory Allocated (VRAM%): 1
GPU[1]		: Memory Activity: N/A
GPU[1]		: Not supported on the given system
==========================================================================================
================================== End of ROCm SMI Log ===================================

===== 2026-03-20T19:30:05+09:00 =====


============================ ROCm System Management Interface ============================
====================================== Temperature =======================================
GPU[0]		: Temperature (Sensor edge) (C): 25.0
GPU[0]		: Temperature (Sensor junction) (C): 27.0
GPU[0]		: Temperature (Sensor memory) (C): 26.0
GPU[1]		: Temperature (Sensor edge) (C): 51.0
==========================================================================================
=============================== Current clock frequencies ================================
GPU[0]		: mclk clock level: 0: (167Mhz)
GPU[0]		: sclk clock level: 0: (852Mhz)
GPU[0]		: socclk clock level: 0: (600Mhz)
GPU[1]		: mclk clock level: 3: (1333Mhz)
GPU[1]		: sclk clock level: 0: (200Mhz)
==========================================================================================
=================================== Power Consumption ====================================
GPU[0]		: Current Socket Graphics Package Power (W): 7.0
energy_count_secondary_die_check, Unexpected data received
==========================================================================================
=================================== % time GPU is busy ===================================
GPU[0]		: GPU use (%): 0
GPU[1]		: GPU use (%): 0
==========================================================================================
=================================== Current Memory Use ===================================
GPU[0]		: GPU Memory Allocated (VRAM%): 0
GPU[0]		: Memory Activity: N/A
GPU[0]		: Not supported on the given system
GPU[1]		: GPU Memory Allocated (VRAM%): 1
GPU[1]		: Memory Activity: N/A
GPU[1]		: Not supported on the given system
==========================================================================================
================================== End of ROCm SMI Log ===================================

===== 2026-03-20T19:30:06+09:00 =====


============================ ROCm System Management Interface ============================
====================================== Temperature =======================================
GPU[0]		: Temperature (Sensor edge) (C): 25.0
GPU[0]		: Temperature (Sensor junction) (C): 26.0
GPU[0]		: Temperature (Sensor memory) (C): 26.0
GPU[1]		: Temperature (Sensor edge) (C): 51.0
==========================================================================================
=============================== Current clock frequencies ================================
GPU[0]		: mclk clock level: 0: (167Mhz)
GPU[0]		: sclk clock level: 0: (852Mhz)
GPU[0]		: socclk clock level: 0: (600Mhz)
GPU[1]		: mclk clock level: 3: (1333Mhz)
GPU[1]		: sclk clock level: 0: (200Mhz)
==========================================================================================
=================================== Power Consumption ====================================
GPU[0]		: Current Socket Graphics Package Power (W): 7.0
energy_count_secondary_die_check, Unexpected data received
==========================================================================================
=================================== % time GPU is busy ===================================
GPU[0]		: GPU use (%): 0
GPU[1]		: GPU use (%): 0
==========================================================================================
=================================== Current Memory Use ===================================
GPU[0]		: GPU Memory Allocated (VRAM%): 0
GPU[0]		: Memory Activity: N/A
GPU[0]		: Not supported on the given system
GPU[1]		: GPU Memory Allocated (VRAM%): 1
GPU[1]		: Memory Activity: N/A
GPU[1]		: Not supported on the given system
==========================================================================================
================================== End of ROCm SMI Log ===================================

===== 2026-03-20T19:30:07+09:00 =====


============================ ROCm System Management Interface ============================
====================================== Temperature =======================================
GPU[0]		: Temperature (Sensor edge) (C): 25.0
GPU[0]		: Temperature (Sensor junction) (C): 26.0
GPU[0]		: Temperature (Sensor memory) (C): 26.0
GPU[1]		: Temperature (Sensor edge) (C): 51.0
==========================================================================================
=============================== Current clock frequencies ================================
GPU[0]		: mclk clock level: 0: (167Mhz)
GPU[0]		: sclk clock level: 0: (852Mhz)
GPU[0]		: socclk clock level: 0: (600Mhz)
GPU[1]		: mclk clock level: 3: (1333Mhz)
GPU[1]		: sclk clock level: 0: (200Mhz)
==========================================================================================
=================================== Power Consumption ====================================
GPU[0]		: Current Socket Graphics Package Power (W): 7.0
energy_count_secondary_die_check, Unexpected data received
==========================================================================================
=================================== % time GPU is busy ===================================
GPU[0]		: GPU use (%): 0
GPU[1]		: GPU use (%): 0
==========================================================================================
=================================== Current Memory Use ===================================
GPU[0]		: GPU Memory Allocated (VRAM%): 0
GPU[0]		: Memory Activity: N/A
GPU[0]		: Not supported on the given system
GPU[1]		: GPU Memory Allocated (VRAM%): 1
GPU[1]		: Memory Activity: N/A
GPU[1]		: Not supported on the given system
==========================================================================================
================================== End of ROCm SMI Log ===================================

===== 2026-03-20T19:30:08+09:00 =====


============================ ROCm System Management Interface ============================
====================================== Temperature =======================================
GPU[0]		: Temperature (Sensor edge) (C): 25.0
GPU[0]		: Temperature (Sensor junction) (C): 26.0
GPU[0]		: Temperature (Sensor memory) (C): 26.0
GPU[1]		: Temperature (Sensor edge) (C): 51.0
==========================================================================================
=============================== Current clock frequencies ================================
GPU[0]		: mclk clock level: 0: (167Mhz)
GPU[0]		: sclk clock level: 0: (852Mhz)
GPU[0]		: socclk clock level: 0: (600Mhz)
GPU[1]		: mclk clock level: 3: (1333Mhz)
GPU[1]		: sclk clock level: 0: (200Mhz)
==========================================================================================
=================================== Power Consumption ====================================
GPU[0]		: Current Socket Graphics Package Power (W): 6.0
energy_count_secondary_die_check, Unexpected data received
==========================================================================================
=================================== % time GPU is busy ===================================
GPU[0]		: GPU use (%): 0
GPU[1]		: GPU use (%): 0
==========================================================================================
=================================== Current Memory Use ===================================
GPU[0]		: GPU Memory Allocated (VRAM%): 0
GPU[0]		: Memory Activity: N/A
GPU[0]		: Not supported on the given system
GPU[1]		: GPU Memory Allocated (VRAM%): 1
GPU[1]		: Memory Activity: N/A
GPU[1]		: Not supported on the given system
==========================================================================================
================================== End of ROCm SMI Log ===================================

===== 2026-03-20T19:30:09+09:00 =====


============================ ROCm System Management Interface ============================
====================================== Temperature =======================================
GPU[0]		: Temperature (Sensor edge) (C): 25.0
GPU[0]		: Temperature (Sensor junction) (C): 26.0
GPU[0]		: Temperature (Sensor memory) (C): 26.0
GPU[1]		: Temperature (Sensor edge) (C): 51.0
==========================================================================================
=============================== Current clock frequencies ================================
GPU[0]		: mclk clock level: 0: (167Mhz)
GPU[0]		: sclk clock level: 0: (852Mhz)
GPU[0]		: socclk clock level: 0: (600Mhz)
GPU[1]		: mclk clock level: 3: (1333Mhz)
GPU[1]		: sclk clock level: 0: (200Mhz)
==========================================================================================
=================================== Power Consumption ====================================
GPU[0]		: Current Socket Graphics Package Power (W): 7.0
energy_count_secondary_die_check, Unexpected data received
==========================================================================================
=================================== % time GPU is busy ===================================
GPU[0]		: GPU use (%): 0
GPU[1]		: GPU use (%): 0
==========================================================================================
=================================== Current Memory Use ===================================
GPU[0]		: GPU Memory Allocated (VRAM%): 0
GPU[0]		: Memory Activity: N/A
GPU[0]		: Not supported on the given system
GPU[1]		: GPU Memory Allocated (VRAM%): 1
GPU[1]		: Memory Activity: N/A
GPU[1]		: Not supported on the given system
==========================================================================================
================================== End of ROCm SMI Log ===================================

===== 2026-03-20T19:30:11+09:00 =====


============================ ROCm System Management Interface ============================
====================================== Temperature =======================================
GPU[0]		: Temperature (Sensor edge) (C): 25.0
GPU[0]		: Temperature (Sensor junction) (C): 26.0
GPU[0]		: Temperature (Sensor memory) (C): 26.0
GPU[1]		: Temperature (Sensor edge) (C): 61.0
==========================================================================================
=============================== Current clock frequencies ================================
GPU[0]		: mclk clock level: 0: (167Mhz)
GPU[0]		: sclk clock level: 0: (852Mhz)
GPU[0]		: socclk clock level: 0: (600Mhz)
GPU[1]		: mclk clock level: 3: (1333Mhz)
GPU[1]		: sclk clock level: 0: (200Mhz)
==========================================================================================
=================================== Power Consumption ====================================
GPU[0]		: Current Socket Graphics Package Power (W): 7.0
energy_count_secondary_die_check, Unexpected data received
==========================================================================================
=================================== % time GPU is busy ===================================
GPU[0]		: GPU use (%): 0
GPU[1]		: GPU use (%): 0
==========================================================================================
=================================== Current Memory Use ===================================
GPU[0]		: GPU Memory Allocated (VRAM%): 0
GPU[0]		: Memory Activity: N/A
GPU[0]		: Not supported on the given system
GPU[1]		: GPU Memory Allocated (VRAM%): 1
GPU[1]		: Memory Activity: N/A
GPU[1]		: Not supported on the given system
==========================================================================================
================================== End of ROCm SMI Log ===================================

===== 2026-03-20T19:30:12+09:00 =====


============================ ROCm System Management Interface ============================
====================================== Temperature =======================================
GPU[0]		: Temperature (Sensor edge) (C): 25.0
GPU[0]		: Temperature (Sensor junction) (C): 26.0
GPU[0]		: Temperature (Sensor memory) (C): 26.0
GPU[1]		: Temperature (Sensor edge) (C): 59.0
==========================================================================================
=============================== Current clock frequencies ================================
GPU[0]		: mclk clock level: 0: (167Mhz)
GPU[0]		: sclk clock level: 0: (852Mhz)
GPU[0]		: socclk clock level: 0: (600Mhz)
GPU[1]		: mclk clock level: 3: (1333Mhz)
GPU[1]		: sclk clock level: 0: (200Mhz)
==========================================================================================
=================================== Power Consumption ====================================
GPU[0]		: Current Socket Graphics Package Power (W): 6.0
energy_count_secondary_die_check, Unexpected data received
==========================================================================================
=================================== % time GPU is busy ===================================
GPU[0]		: GPU use (%): 0
GPU[1]		: GPU use (%): 0
==========================================================================================
=================================== Current Memory Use ===================================
GPU[0]		: GPU Memory Allocated (VRAM%): 0
GPU[0]		: Memory Activity: N/A
GPU[0]		: Not supported on the given system
GPU[1]		: GPU Memory Allocated (VRAM%): 1
GPU[1]		: Memory Activity: N/A
GPU[1]		: Not supported on the given system
==========================================================================================
================================== End of ROCm SMI Log ===================================

===== 2026-03-20T19:30:13+09:00 =====


============================ ROCm System Management Interface ============================
====================================== Temperature =======================================
GPU[0]		: Temperature (Sensor edge) (C): 25.0
GPU[0]		: Temperature (Sensor junction) (C): 26.0
GPU[0]		: Temperature (Sensor memory) (C): 26.0
GPU[1]		: Temperature (Sensor edge) (C): 57.0
==========================================================================================
=============================== Current clock frequencies ================================
GPU[0]		: mclk clock level: 0: (167Mhz)
GPU[0]		: sclk clock level: 0: (852Mhz)
GPU[0]		: socclk clock level: 0: (600Mhz)
GPU[1]		: mclk clock level: 3: (1333Mhz)
GPU[1]		: sclk clock level: 0: (200Mhz)
==========================================================================================
=================================== Power Consumption ====================================
GPU[0]		: Current Socket Graphics Package Power (W): 7.0
energy_count_secondary_die_check, Unexpected data received
==========================================================================================
=================================== % time GPU is busy ===================================
GPU[0]		: GPU use (%): 0
GPU[1]		: GPU use (%): 0
==========================================================================================
=================================== Current Memory Use ===================================
GPU[0]		: GPU Memory Allocated (VRAM%): 0
GPU[0]		: Memory Activity: N/A
GPU[0]		: Not supported on the given system
GPU[1]		: GPU Memory Allocated (VRAM%): 1
GPU[1]		: Memory Activity: N/A
GPU[1]		: Not supported on the given system
==========================================================================================
================================== End of ROCm SMI Log ===================================

===== 2026-03-20T19:30:14+09:00 =====


============================ ROCm System Management Interface ============================
====================================== Temperature =======================================
GPU[0]		: Temperature (Sensor edge) (C): 25.0
GPU[0]		: Temperature (Sensor junction) (C): 26.0
GPU[0]		: Temperature (Sensor memory) (C): 26.0
GPU[1]		: Temperature (Sensor edge) (C): 56.0
==========================================================================================
=============================== Current clock frequencies ================================
GPU[0]		: mclk clock level: 0: (167Mhz)
GPU[0]		: sclk clock level: 0: (852Mhz)
GPU[0]		: socclk clock level: 0: (600Mhz)
GPU[1]		: mclk clock level: 3: (1333Mhz)
GPU[1]		: sclk clock level: 0: (200Mhz)
==========================================================================================
=================================== Power Consumption ====================================
GPU[0]		: Current Socket Graphics Package Power (W): 7.0
energy_count_secondary_die_check, Unexpected data received
==========================================================================================
=================================== % time GPU is busy ===================================
GPU[0]		: GPU use (%): 0
GPU[1]		: GPU use (%): 0
==========================================================================================
=================================== Current Memory Use ===================================
GPU[0]		: GPU Memory Allocated (VRAM%): 0
GPU[0]		: Memory Activity: N/A
GPU[0]		: Not supported on the given system
GPU[1]		: GPU Memory Allocated (VRAM%): 1
GPU[1]		: Memory Activity: N/A
GPU[1]		: Not supported on the given system
==========================================================================================
================================== End of ROCm SMI Log ===================================

===== 2026-03-20T19:30:15+09:00 =====


============================ ROCm System Management Interface ============================
====================================== Temperature =======================================
GPU[0]		: Temperature (Sensor edge) (C): 25.0
GPU[0]		: Temperature (Sensor junction) (C): 26.0
GPU[0]		: Temperature (Sensor memory) (C): 26.0
GPU[1]		: Temperature (Sensor edge) (C): 55.0
==========================================================================================
=============================== Current clock frequencies ================================
GPU[0]		: mclk clock level: 0: (167Mhz)
GPU[0]		: sclk clock level: 0: (852Mhz)
GPU[0]		: socclk clock level: 0: (600Mhz)
GPU[1]		: mclk clock level: 3: (1333Mhz)
GPU[1]		: sclk clock level: 0: (200Mhz)
==========================================================================================
=================================== Power Consumption ====================================
GPU[0]		: Current Socket Graphics Package Power (W): 6.0
energy_count_secondary_die_check, Unexpected data received
==========================================================================================
=================================== % time GPU is busy ===================================
GPU[0]		: GPU use (%): 0
GPU[1]		: GPU use (%): 0
==========================================================================================
=================================== Current Memory Use ===================================
GPU[0]		: GPU Memory Allocated (VRAM%): 0
GPU[0]		: Memory Activity: N/A
GPU[0]		: Not supported on the given system
GPU[1]		: GPU Memory Allocated (VRAM%): 1
GPU[1]		: Memory Activity: N/A
GPU[1]		: Not supported on the given system
==========================================================================================
================================== End of ROCm SMI Log ===================================

===== 2026-03-20T19:30:17+09:00 =====


============================ ROCm System Management Interface ============================
====================================== Temperature =======================================
GPU[0]		: Temperature (Sensor edge) (C): 25.0
GPU[0]		: Temperature (Sensor junction) (C): 26.0
GPU[0]		: Temperature (Sensor memory) (C): 26.0
GPU[1]		: Temperature (Sensor edge) (C): 54.0
==========================================================================================
=============================== Current clock frequencies ================================
GPU[0]		: mclk clock level: 0: (167Mhz)
GPU[0]		: sclk clock level: 0: (852Mhz)
GPU[0]		: socclk clock level: 0: (600Mhz)
GPU[1]		: mclk clock level: 3: (1333Mhz)
GPU[1]		: sclk clock level: 0: (200Mhz)
==========================================================================================
=================================== Power Consumption ====================================
GPU[0]		: Current Socket Graphics Package Power (W): 7.0
energy_count_secondary_die_check, Unexpected data received
==========================================================================================
=================================== % time GPU is busy ===================================
GPU[0]		: GPU use (%): 0
GPU[1]		: GPU use (%): 0
==========================================================================================
=================================== Current Memory Use ===================================
GPU[0]		: GPU Memory Allocated (VRAM%): 0
GPU[0]		: Memory Activity: N/A
GPU[0]		: Not supported on the given system
GPU[1]		: GPU Memory Allocated (VRAM%): 1
GPU[1]		: Memory Activity: N/A
GPU[1]		: Not supported on the given system
==========================================================================================
================================== End of ROCm SMI Log ===================================

===== 2026-03-20T19:30:18+09:00 =====


============================ ROCm System Management Interface ============================
====================================== Temperature =======================================
GPU[0]		: Temperature (Sensor edge) (C): 25.0
GPU[0]		: Temperature (Sensor junction) (C): 26.0
GPU[0]		: Temperature (Sensor memory) (C): 26.0
GPU[1]		: Temperature (Sensor edge) (C): 53.0
==========================================================================================
=============================== Current clock frequencies ================================
GPU[0]		: mclk clock level: 0: (167Mhz)
GPU[0]		: sclk clock level: 0: (852Mhz)
GPU[0]		: socclk clock level: 0: (600Mhz)
GPU[1]		: mclk clock level: 3: (1333Mhz)
GPU[1]		: sclk clock level: 0: (200Mhz)
==========================================================================================
=================================== Power Consumption ====================================
GPU[0]		: Current Socket Graphics Package Power (W): 6.0
energy_count_secondary_die_check, Unexpected data received
==========================================================================================
=================================== % time GPU is busy ===================================
GPU[0]		: GPU use (%): 0
GPU[1]		: GPU use (%): 0
==========================================================================================
=================================== Current Memory Use ===================================
GPU[0]		: GPU Memory Allocated (VRAM%): 0
GPU[0]		: Memory Activity: N/A
GPU[0]		: Not supported on the given system
GPU[1]		: GPU Memory Allocated (VRAM%): 1
GPU[1]		: Memory Activity: N/A
GPU[1]		: Not supported on the given system
==========================================================================================
================================== End of ROCm SMI Log ===================================

===== 2026-03-20T19:30:19+09:00 =====


============================ ROCm System Management Interface ============================
====================================== Temperature =======================================
GPU[0]		: Temperature (Sensor edge) (C): 25.0
GPU[0]		: Temperature (Sensor junction) (C): 26.0
GPU[0]		: Temperature (Sensor memory) (C): 26.0
GPU[1]		: Temperature (Sensor edge) (C): 52.0
==========================================================================================
=============================== Current clock frequencies ================================
GPU[0]		: mclk clock level: 0: (167Mhz)
GPU[0]		: sclk clock level: 0: (852Mhz)
GPU[0]		: socclk clock level: 0: (600Mhz)
GPU[1]		: mclk clock level: 3: (1333Mhz)
GPU[1]		: sclk clock level: 0: (200Mhz)
==========================================================================================
=================================== Power Consumption ====================================
GPU[0]		: Current Socket Graphics Package Power (W): 6.0
energy_count_secondary_die_check, Unexpected data received
==========================================================================================
=================================== % time GPU is busy ===================================
GPU[0]		: GPU use (%): 0
GPU[1]		: GPU use (%): 0
==========================================================================================
=================================== Current Memory Use ===================================
GPU[0]		: GPU Memory Allocated (VRAM%): 0
GPU[0]		: Memory Activity: N/A
GPU[0]		: Not supported on the given system
GPU[1]		: GPU Memory Allocated (VRAM%): 1
GPU[1]		: Memory Activity: N/A
GPU[1]		: Not supported on the given system
==========================================================================================
================================== End of ROCm SMI Log ===================================

===== 2026-03-20T19:30:20+09:00 =====


============================ ROCm System Management Interface ============================
====================================== Temperature =======================================
GPU[0]		: Temperature (Sensor edge) (C): 25.0
GPU[0]		: Temperature (Sensor junction) (C): 26.0
GPU[0]		: Temperature (Sensor memory) (C): 26.0
GPU[1]		: Temperature (Sensor edge) (C): 52.0
==========================================================================================
=============================== Current clock frequencies ================================
GPU[0]		: mclk clock level: 0: (167Mhz)
GPU[0]		: sclk clock level: 0: (852Mhz)
GPU[0]		: socclk clock level: 0: (600Mhz)
GPU[1]		: mclk clock level: 3: (1333Mhz)
GPU[1]		: sclk clock level: 0: (200Mhz)
==========================================================================================
=================================== Power Consumption ====================================
GPU[0]		: Current Socket Graphics Package Power (W): 6.0
energy_count_secondary_die_check, Unexpected data received
==========================================================================================
=================================== % time GPU is busy ===================================
GPU[0]		: GPU use (%): 0
GPU[1]		: GPU use (%): 0
==========================================================================================
=================================== Current Memory Use ===================================
GPU[0]		: GPU Memory Allocated (VRAM%): 0
GPU[0]		: Memory Activity: N/A
GPU[0]		: Not supported on the given system
GPU[1]		: GPU Memory Allocated (VRAM%): 1
GPU[1]		: Memory Activity: N/A
GPU[1]		: Not supported on the given system
==========================================================================================
================================== End of ROCm SMI Log ===================================

===== 2026-03-20T19:30:21+09:00 =====


============================ ROCm System Management Interface ============================
====================================== Temperature =======================================
GPU[0]		: Temperature (Sensor edge) (C): 25.0
GPU[0]		: Temperature (Sensor junction) (C): 26.0
GPU[0]		: Temperature (Sensor memory) (C): 26.0
GPU[1]		: Temperature (Sensor edge) (C): 52.0
==========================================================================================
=============================== Current clock frequencies ================================
GPU[0]		: mclk clock level: 0: (167Mhz)
GPU[0]		: sclk clock level: 0: (852Mhz)
GPU[0]		: socclk clock level: 0: (600Mhz)
GPU[1]		: mclk clock level: 3: (1333Mhz)
GPU[1]		: sclk clock level: 0: (200Mhz)
==========================================================================================
=================================== Power Consumption ====================================
GPU[0]		: Current Socket Graphics Package Power (W): 7.0
energy_count_secondary_die_check, Unexpected data received
==========================================================================================
=================================== % time GPU is busy ===================================
GPU[0]		: GPU use (%): 0
GPU[1]		: GPU use (%): 0
==========================================================================================
=================================== Current Memory Use ===================================
GPU[0]		: GPU Memory Allocated (VRAM%): 0
GPU[0]		: Memory Activity: N/A
GPU[0]		: Not supported on the given system
GPU[1]		: GPU Memory Allocated (VRAM%): 1
GPU[1]		: Memory Activity: N/A
GPU[1]		: Not supported on the given system
==========================================================================================
================================== End of ROCm SMI Log ===================================

===== 2026-03-20T19:30:22+09:00 =====


============================ ROCm System Management Interface ============================
====================================== Temperature =======================================
GPU[0]		: Temperature (Sensor edge) (C): 25.0
GPU[0]		: Temperature (Sensor junction) (C): 26.0
GPU[0]		: Temperature (Sensor memory) (C): 26.0
GPU[1]		: Temperature (Sensor edge) (C): 52.0
==========================================================================================
=============================== Current clock frequencies ================================
GPU[0]		: mclk clock level: 0: (167Mhz)
GPU[0]		: sclk clock level: 0: (852Mhz)
GPU[0]		: socclk clock level: 0: (600Mhz)
GPU[1]		: mclk clock level: 3: (1333Mhz)
GPU[1]		: sclk clock level: 0: (200Mhz)
==========================================================================================
=================================== Power Consumption ====================================
GPU[0]		: Current Socket Graphics Package Power (W): 6.0
energy_count_secondary_die_check, Unexpected data received
==========================================================================================
=================================== % time GPU is busy ===================================
GPU[0]		: GPU use (%): 0
GPU[1]		: GPU use (%): 0
==========================================================================================
=================================== Current Memory Use ===================================
GPU[0]		: GPU Memory Allocated (VRAM%): 0
GPU[0]		: Memory Activity: N/A
GPU[0]		: Not supported on the given system
GPU[1]		: GPU Memory Allocated (VRAM%): 1
GPU[1]		: Memory Activity: N/A
GPU[1]		: Not supported on the given system
==========================================================================================
================================== End of ROCm SMI Log ===================================

===== 2026-03-20T19:30:24+09:00 =====


============================ ROCm System Management Interface ============================
====================================== Temperature =======================================
GPU[0]		: Temperature (Sensor edge) (C): 25.0
GPU[0]		: Temperature (Sensor junction) (C): 26.0
GPU[0]		: Temperature (Sensor memory) (C): 26.0
GPU[1]		: Temperature (Sensor edge) (C): 52.0
==========================================================================================
=============================== Current clock frequencies ================================
GPU[0]		: mclk clock level: 0: (167Mhz)
GPU[0]		: sclk clock level: 0: (852Mhz)
GPU[0]		: socclk clock level: 0: (600Mhz)
GPU[1]		: mclk clock level: 3: (1333Mhz)
GPU[1]		: sclk clock level: 0: (200Mhz)
==========================================================================================
=================================== Power Consumption ====================================
GPU[0]		: Current Socket Graphics Package Power (W): 6.0
energy_count_secondary_die_check, Unexpected data received
==========================================================================================
=================================== % time GPU is busy ===================================
GPU[0]		: GPU use (%): 0
GPU[1]		: GPU use (%): 0
==========================================================================================
=================================== Current Memory Use ===================================
GPU[0]		: GPU Memory Allocated (VRAM%): 0
GPU[0]		: Memory Activity: N/A
GPU[0]		: Not supported on the given system
GPU[1]		: GPU Memory Allocated (VRAM%): 1
GPU[1]		: Memory Activity: N/A
GPU[1]		: Not supported on the given system
==========================================================================================
================================== End of ROCm SMI Log ===================================

===== 2026-03-20T19:30:25+09:00 =====


============================ ROCm System Management Interface ============================
====================================== Temperature =======================================
GPU[0]		: Temperature (Sensor edge) (C): 25.0
GPU[0]		: Temperature (Sensor junction) (C): 26.0
GPU[0]		: Temperature (Sensor memory) (C): 26.0
GPU[1]		: Temperature (Sensor edge) (C): 52.0
==========================================================================================
=============================== Current clock frequencies ================================
GPU[0]		: mclk clock level: 0: (167Mhz)
GPU[0]		: sclk clock level: 0: (852Mhz)
GPU[0]		: socclk clock level: 0: (600Mhz)
GPU[1]		: mclk clock level: 3: (1333Mhz)
GPU[1]		: sclk clock level: 0: (200Mhz)
==========================================================================================
=================================== Power Consumption ====================================
GPU[0]		: Current Socket Graphics Package Power (W): 7.0
energy_count_secondary_die_check, Unexpected data received
==========================================================================================
=================================== % time GPU is busy ===================================
GPU[0]		: GPU use (%): 0
GPU[1]		: GPU use (%): 0
==========================================================================================
=================================== Current Memory Use ===================================
GPU[0]		: GPU Memory Allocated (VRAM%): 0
GPU[0]		: Memory Activity: N/A
GPU[0]		: Not supported on the given system
GPU[1]		: GPU Memory Allocated (VRAM%): 1
GPU[1]		: Memory Activity: N/A
GPU[1]		: Not supported on the given system
==========================================================================================
================================== End of ROCm SMI Log ===================================

===== 2026-03-20T19:30:26+09:00 =====


============================ ROCm System Management Interface ============================
====================================== Temperature =======================================
GPU[0]		: Temperature (Sensor edge) (C): 25.0
GPU[0]		: Temperature (Sensor junction) (C): 27.0
GPU[0]		: Temperature (Sensor memory) (C): 26.0
GPU[1]		: Temperature (Sensor edge) (C): 52.0
==========================================================================================
=============================== Current clock frequencies ================================
GPU[0]		: mclk clock level: 0: (167Mhz)
GPU[0]		: sclk clock level: 0: (852Mhz)
GPU[0]		: socclk clock level: 0: (600Mhz)
GPU[1]		: mclk clock level: 3: (1333Mhz)
GPU[1]		: sclk clock level: 0: (200Mhz)
==========================================================================================
=================================== Power Consumption ====================================
GPU[0]		: Current Socket Graphics Package Power (W): 6.0
energy_count_secondary_die_check, Unexpected data received
==========================================================================================
=================================== % time GPU is busy ===================================
GPU[0]		: GPU use (%): 0
GPU[1]		: GPU use (%): 0
==========================================================================================
=================================== Current Memory Use ===================================
GPU[0]		: GPU Memory Allocated (VRAM%): 0
GPU[0]		: Memory Activity: N/A
GPU[0]		: Not supported on the given system
GPU[1]		: GPU Memory Allocated (VRAM%): 1
GPU[1]		: Memory Activity: N/A
GPU[1]		: Not supported on the given system
==========================================================================================
================================== End of ROCm SMI Log ===================================

===== 2026-03-20T19:30:27+09:00 =====


============================ ROCm System Management Interface ============================
====================================== Temperature =======================================
GPU[0]		: Temperature (Sensor edge) (C): 25.0
GPU[0]		: Temperature (Sensor junction) (C): 26.0
GPU[0]		: Temperature (Sensor memory) (C): 26.0
GPU[1]		: Temperature (Sensor edge) (C): 52.0
==========================================================================================
=============================== Current clock frequencies ================================
GPU[0]		: mclk clock level: 0: (167Mhz)
GPU[0]		: sclk clock level: 0: (852Mhz)
GPU[0]		: socclk clock level: 0: (600Mhz)
GPU[1]		: mclk clock level: 3: (1333Mhz)
GPU[1]		: sclk clock level: 0: (200Mhz)
==========================================================================================
=================================== Power Consumption ====================================
GPU[0]		: Current Socket Graphics Package Power (W): 6.0
energy_count_secondary_die_check, Unexpected data received
==========================================================================================
=================================== % time GPU is busy ===================================
GPU[0]		: GPU use (%): 0
GPU[1]		: GPU use (%): 0
==========================================================================================
=================================== Current Memory Use ===================================
GPU[0]		: GPU Memory Allocated (VRAM%): 0
GPU[0]		: Memory Activity: N/A
GPU[0]		: Not supported on the given system
GPU[1]		: GPU Memory Allocated (VRAM%): 1
GPU[1]		: Memory Activity: N/A
GPU[1]		: Not supported on the given system
==========================================================================================
================================== End of ROCm SMI Log ===================================

===== 2026-03-20T19:30:28+09:00 =====


============================ ROCm System Management Interface ============================
====================================== Temperature =======================================
GPU[0]		: Temperature (Sensor edge) (C): 25.0
GPU[0]		: Temperature (Sensor junction) (C): 26.0
GPU[0]		: Temperature (Sensor memory) (C): 26.0
GPU[1]		: Temperature (Sensor edge) (C): 52.0
==========================================================================================
=============================== Current clock frequencies ================================
GPU[0]		: mclk clock level: 0: (167Mhz)
GPU[0]		: sclk clock level: 0: (852Mhz)
GPU[0]		: socclk clock level: 0: (600Mhz)
GPU[1]		: mclk clock level: 3: (1333Mhz)
GPU[1]		: sclk clock level: 0: (200Mhz)
==========================================================================================
=================================== Power Consumption ====================================
GPU[0]		: Current Socket Graphics Package Power (W): 6.0
energy_count_secondary_die_check, Unexpected data received
==========================================================================================
=================================== % time GPU is busy ===================================
GPU[0]		: GPU use (%): 0
GPU[1]		: GPU use (%): 0
==========================================================================================
=================================== Current Memory Use ===================================
GPU[0]		: GPU Memory Allocated (VRAM%): 0
GPU[0]		: Memory Activity: N/A
GPU[0]		: Not supported on the given system
GPU[1]		: GPU Memory Allocated (VRAM%): 1
GPU[1]		: Memory Activity: N/A
GPU[1]		: Not supported on the given system
==========================================================================================
================================== End of ROCm SMI Log ===================================

===== 2026-03-20T19:30:29+09:00 =====


============================ ROCm System Management Interface ============================
====================================== Temperature =======================================
GPU[0]		: Temperature (Sensor edge) (C): 25.0
GPU[0]		: Temperature (Sensor junction) (C): 26.0
GPU[0]		: Temperature (Sensor memory) (C): 26.0
GPU[1]		: Temperature (Sensor edge) (C): 52.0
==========================================================================================
=============================== Current clock frequencies ================================
GPU[0]		: mclk clock level: 0: (167Mhz)
GPU[0]		: sclk clock level: 0: (852Mhz)
GPU[0]		: socclk clock level: 0: (600Mhz)
GPU[1]		: mclk clock level: 3: (1333Mhz)
GPU[1]		: sclk clock level: 0: (200Mhz)
==========================================================================================
=================================== Power Consumption ====================================
GPU[0]		: Current Socket Graphics Package Power (W): 7.0
energy_count_secondary_die_check, Unexpected data received
==========================================================================================
=================================== % time GPU is busy ===================================
GPU[0]		: GPU use (%): 0
GPU[1]		: GPU use (%): 0
==========================================================================================
=================================== Current Memory Use ===================================
GPU[0]		: GPU Memory Allocated (VRAM%): 0
GPU[0]		: Memory Activity: N/A
GPU[0]		: Not supported on the given system
GPU[1]		: GPU Memory Allocated (VRAM%): 1
GPU[1]		: Memory Activity: N/A
GPU[1]		: Not supported on the given system
==========================================================================================
================================== End of ROCm SMI Log ===================================

===== 2026-03-20T19:30:31+09:00 =====


============================ ROCm System Management Interface ============================
====================================== Temperature =======================================
GPU[0]		: Temperature (Sensor edge) (C): 25.0
GPU[0]		: Temperature (Sensor junction) (C): 26.0
GPU[0]		: Temperature (Sensor memory) (C): 26.0
GPU[1]		: Temperature (Sensor edge) (C): 52.0
==========================================================================================
=============================== Current clock frequencies ================================
GPU[0]		: mclk clock level: 0: (167Mhz)
GPU[0]		: sclk clock level: 0: (852Mhz)
GPU[0]		: socclk clock level: 0: (600Mhz)
GPU[1]		: mclk clock level: 3: (1333Mhz)
GPU[1]		: sclk clock level: 0: (200Mhz)
==========================================================================================
=================================== Power Consumption ====================================
GPU[0]		: Current Socket Graphics Package Power (W): 7.0
energy_count_secondary_die_check, Unexpected data received
==========================================================================================
=================================== % time GPU is busy ===================================
GPU[0]		: GPU use (%): 0
GPU[1]		: GPU use (%): 0
==========================================================================================
=================================== Current Memory Use ===================================
GPU[0]		: GPU Memory Allocated (VRAM%): 0
GPU[0]		: Memory Activity: N/A
GPU[0]		: Not supported on the given system
GPU[1]		: GPU Memory Allocated (VRAM%): 1
GPU[1]		: Memory Activity: N/A
GPU[1]		: Not supported on the given system
==========================================================================================
================================== End of ROCm SMI Log ===================================

===== 2026-03-20T19:30:32+09:00 =====


============================ ROCm System Management Interface ============================
====================================== Temperature =======================================
GPU[0]		: Temperature (Sensor edge) (C): 25.0
GPU[0]		: Temperature (Sensor junction) (C): 26.0
GPU[0]		: Temperature (Sensor memory) (C): 26.0
GPU[1]		: Temperature (Sensor edge) (C): 52.0
==========================================================================================
=============================== Current clock frequencies ================================
GPU[0]		: mclk clock level: 0: (167Mhz)
GPU[0]		: sclk clock level: 0: (852Mhz)
GPU[0]		: socclk clock level: 0: (600Mhz)
GPU[1]		: mclk clock level: 3: (1333Mhz)
GPU[1]		: sclk clock level: 0: (200Mhz)
==========================================================================================
=================================== Power Consumption ====================================
GPU[0]		: Current Socket Graphics Package Power (W): 7.0
energy_count_secondary_die_check, Unexpected data received
==========================================================================================
=================================== % time GPU is busy ===================================
GPU[0]		: GPU use (%): 0
GPU[1]		: GPU use (%): 0
==========================================================================================
=================================== Current Memory Use ===================================
GPU[0]		: GPU Memory Allocated (VRAM%): 0
GPU[0]		: Memory Activity: N/A
GPU[0]		: Not supported on the given system
GPU[1]		: GPU Memory Allocated (VRAM%): 1
GPU[1]		: Memory Activity: N/A
GPU[1]		: Not supported on the given system
==========================================================================================
================================== End of ROCm SMI Log ===================================

===== 2026-03-20T19:30:33+09:00 =====


============================ ROCm System Management Interface ============================
====================================== Temperature =======================================
GPU[0]		: Temperature (Sensor edge) (C): 25.0
GPU[0]		: Temperature (Sensor junction) (C): 26.0
GPU[0]		: Temperature (Sensor memory) (C): 26.0
GPU[1]		: Temperature (Sensor edge) (C): 52.0
==========================================================================================
=============================== Current clock frequencies ================================
GPU[0]		: mclk clock level: 0: (167Mhz)
GPU[0]		: sclk clock level: 0: (852Mhz)
GPU[0]		: socclk clock level: 0: (600Mhz)
GPU[1]		: mclk clock level: 3: (1333Mhz)
GPU[1]		: sclk clock level: 0: (200Mhz)
==========================================================================================
=================================== Power Consumption ====================================
GPU[0]		: Current Socket Graphics Package Power (W): 8.0
energy_count_secondary_die_check, Unexpected data received
==========================================================================================
=================================== % time GPU is busy ===================================
GPU[0]		: GPU use (%): 0
GPU[1]		: GPU use (%): 0
==========================================================================================
=================================== Current Memory Use ===================================
GPU[0]		: GPU Memory Allocated (VRAM%): 0
GPU[0]		: Memory Activity: N/A
GPU[0]		: Not supported on the given system
GPU[1]		: GPU Memory Allocated (VRAM%): 1
GPU[1]		: Memory Activity: N/A
GPU[1]		: Not supported on the given system
==========================================================================================
================================== End of ROCm SMI Log ===================================

===== 2026-03-20T19:30:34+09:00 =====


============================ ROCm System Management Interface ============================
====================================== Temperature =======================================
GPU[0]		: Temperature (Sensor edge) (C): 25.0
GPU[0]		: Temperature (Sensor junction) (C): 26.0
GPU[0]		: Temperature (Sensor memory) (C): 26.0
GPU[1]		: Temperature (Sensor edge) (C): 52.0
==========================================================================================
=============================== Current clock frequencies ================================
GPU[0]		: mclk clock level: 0: (167Mhz)
GPU[0]		: sclk clock level: 0: (852Mhz)
GPU[0]		: socclk clock level: 0: (600Mhz)
GPU[1]		: mclk clock level: 3: (1333Mhz)
GPU[1]		: sclk clock level: 0: (200Mhz)
==========================================================================================
=================================== Power Consumption ====================================
GPU[0]		: Current Socket Graphics Package Power (W): 6.0
energy_count_secondary_die_check, Unexpected data received
==========================================================================================
=================================== % time GPU is busy ===================================
GPU[0]		: GPU use (%): 0
GPU[1]		: GPU use (%): 0
==========================================================================================
=================================== Current Memory Use ===================================
GPU[0]		: GPU Memory Allocated (VRAM%): 0
GPU[0]		: Memory Activity: N/A
GPU[0]		: Not supported on the given system
GPU[1]		: GPU Memory Allocated (VRAM%): 1
GPU[1]		: Memory Activity: N/A
GPU[1]		: Not supported on the given system
==========================================================================================
================================== End of ROCm SMI Log ===================================

===== 2026-03-20T19:30:35+09:00 =====


============================ ROCm System Management Interface ============================
====================================== Temperature =======================================
GPU[0]		: Temperature (Sensor edge) (C): 25.0
GPU[0]		: Temperature (Sensor junction) (C): 27.0
GPU[0]		: Temperature (Sensor memory) (C): 26.0
GPU[1]		: Temperature (Sensor edge) (C): 52.0
==========================================================================================
=============================== Current clock frequencies ================================
GPU[0]		: mclk clock level: 0: (167Mhz)
GPU[0]		: sclk clock level: 0: (852Mhz)
GPU[0]		: socclk clock level: 0: (600Mhz)
GPU[1]		: mclk clock level: 3: (1333Mhz)
GPU[1]		: sclk clock level: 0: (200Mhz)
==========================================================================================
=================================== Power Consumption ====================================
GPU[0]		: Current Socket Graphics Package Power (W): 6.0
energy_count_secondary_die_check, Unexpected data received
==========================================================================================
=================================== % time GPU is busy ===================================
GPU[0]		: GPU use (%): 0
GPU[1]		: GPU use (%): 0
==========================================================================================
=================================== Current Memory Use ===================================
GPU[0]		: GPU Memory Allocated (VRAM%): 0
GPU[0]		: Memory Activity: N/A
GPU[0]		: Not supported on the given system
GPU[1]		: GPU Memory Allocated (VRAM%): 1
GPU[1]		: Memory Activity: N/A
GPU[1]		: Not supported on the given system
==========================================================================================
================================== End of ROCm SMI Log ===================================

===== 2026-03-20T19:30:37+09:00 =====


============================ ROCm System Management Interface ============================
====================================== Temperature =======================================
GPU[0]		: Temperature (Sensor edge) (C): 25.0
GPU[0]		: Temperature (Sensor junction) (C): 26.0
GPU[0]		: Temperature (Sensor memory) (C): 26.0
GPU[1]		: Temperature (Sensor edge) (C): 52.0
==========================================================================================
=============================== Current clock frequencies ================================
GPU[0]		: mclk clock level: 0: (167Mhz)
GPU[0]		: sclk clock level: 0: (852Mhz)
GPU[0]		: socclk clock level: 0: (600Mhz)
GPU[1]		: mclk clock level: 3: (1333Mhz)
GPU[1]		: sclk clock level: 0: (200Mhz)
==========================================================================================
=================================== Power Consumption ====================================
GPU[0]		: Current Socket Graphics Package Power (W): 6.0
energy_count_secondary_die_check, Unexpected data received
==========================================================================================
=================================== % time GPU is busy ===================================
GPU[0]		: GPU use (%): 0
GPU[1]		: GPU use (%): 0
==========================================================================================
=================================== Current Memory Use ===================================
GPU[0]		: GPU Memory Allocated (VRAM%): 0
GPU[0]		: Memory Activity: N/A
GPU[0]		: Not supported on the given system
GPU[1]		: GPU Memory Allocated (VRAM%): 1
GPU[1]		: Memory Activity: N/A
GPU[1]		: Not supported on the given system
==========================================================================================
================================== End of ROCm SMI Log ===================================

===== 2026-03-20T19:30:38+09:00 =====


============================ ROCm System Management Interface ============================
====================================== Temperature =======================================
GPU[0]		: Temperature (Sensor edge) (C): 25.0
GPU[0]		: Temperature (Sensor junction) (C): 26.0
GPU[0]		: Temperature (Sensor memory) (C): 26.0
GPU[1]		: Temperature (Sensor edge) (C): 52.0
==========================================================================================
=============================== Current clock frequencies ================================
GPU[0]		: mclk clock level: 0: (167Mhz)
GPU[0]		: sclk clock level: 0: (852Mhz)
GPU[0]		: socclk clock level: 0: (600Mhz)
GPU[1]		: mclk clock level: 3: (1333Mhz)
GPU[1]		: sclk clock level: 0: (200Mhz)
==========================================================================================
=================================== Power Consumption ====================================
GPU[0]		: Current Socket Graphics Package Power (W): 6.0
energy_count_secondary_die_check, Unexpected data received
==========================================================================================
=================================== % time GPU is busy ===================================
GPU[0]		: GPU use (%): 0
GPU[1]		: GPU use (%): 0
==========================================================================================
=================================== Current Memory Use ===================================
GPU[0]		: GPU Memory Allocated (VRAM%): 0
GPU[0]		: Memory Activity: N/A
GPU[0]		: Not supported on the given system
GPU[1]		: GPU Memory Allocated (VRAM%): 1
GPU[1]		: Memory Activity: N/A
GPU[1]		: Not supported on the given system
==========================================================================================
================================== End of ROCm SMI Log ===================================

