===== 2026-03-20T19:38:45+09:00 =====


============================ ROCm System Management Interface ============================
====================================== Temperature =======================================
GPU[0]		: Temperature (Sensor edge) (C): 25.0
GPU[0]		: Temperature (Sensor junction) (C): 26.0
GPU[0]		: Temperature (Sensor memory) (C): 26.0
GPU[1]		: Temperature (Sensor edge) (C): 26.0
==========================================================================================
=============================== Current clock frequencies ================================
GPU[0]		: mclk clock level: 0: (167Mhz)
GPU[0]		: sclk clock level: 0: (852Mhz)
GPU[0]		: socclk clock level: 0: (600Mhz)
GPU[1]		: mclk clock level: 2: (1200Mhz)
GPU[1]		: sclk clock level: 0: (200Mhz)
==========================================================================================
=================================== Power Consumption ====================================
GPU[0]		: Current Socket Graphics Package Power (W): 7.0
energy_count_secondary_die_check, Unexpected data received
==========================================================================================
=================================== % time GPU is busy ===================================
GPU[0]		: GPU use (%): 0
GPU[1]		: GPU use (%): 0
==========================================================================================
=================================== Current Memory Use ===================================
GPU[0]		: GPU Memory Allocated (VRAM%): 0
GPU[0]		: Memory Activity: N/A
GPU[0]		: Not supported on the given system
GPU[1]		: GPU Memory Allocated (VRAM%): 1
GPU[1]		: Memory Activity: N/A
GPU[1]		: Not supported on the given system
==========================================================================================
================================== End of ROCm SMI Log ===================================

===== 2026-03-20T19:38:47+09:00 =====


============================ ROCm System Management Interface ============================
====================================== Temperature =======================================
GPU[0]		: Temperature (Sensor edge) (C): 25.0
GPU[0]		: Temperature (Sensor junction) (C): 27.0
GPU[0]		: Temperature (Sensor memory) (C): 26.0
GPU[1]		: Temperature (Sensor edge) (C): 50.0
==========================================================================================
=============================== Current clock frequencies ================================
GPU[0]		: mclk clock level: 0: (167Mhz)
GPU[0]		: sclk clock level: 0: (852Mhz)
GPU[0]		: socclk clock level: 0: (600Mhz)
GPU[1]		: mclk clock level: 2: (1200Mhz)
GPU[1]		: sclk clock level: 0: (200Mhz)
==========================================================================================
=================================== Power Consumption ====================================
GPU[0]		: Current Socket Graphics Package Power (W): 7.0
energy_count_secondary_die_check, Unexpected data received
==========================================================================================
=================================== % time GPU is busy ===================================
GPU[0]		: GPU use (%): 0
GPU[1]		: GPU use (%): 0
==========================================================================================
=================================== Current Memory Use ===================================
GPU[0]		: GPU Memory Allocated (VRAM%): 0
GPU[0]		: Memory Activity: N/A
GPU[0]		: Not supported on the given system
GPU[1]		: GPU Memory Allocated (VRAM%): 1
GPU[1]		: Memory Activity: N/A
GPU[1]		: Not supported on the given system
==========================================================================================
================================== End of ROCm SMI Log ===================================

===== 2026-03-20T19:38:48+09:00 =====


============================ ROCm System Management Interface ============================
====================================== Temperature =======================================
GPU[0]		: Temperature (Sensor edge) (C): 25.0
GPU[0]		: Temperature (Sensor junction) (C): 26.0
GPU[0]		: Temperature (Sensor memory) (C): 26.0
GPU[1]		: Temperature (Sensor edge) (C): 49.0
==========================================================================================
=============================== Current clock frequencies ================================
GPU[0]		: mclk clock level: 0: (167Mhz)
GPU[0]		: sclk clock level: 0: (852Mhz)
GPU[0]		: socclk clock level: 0: (600Mhz)
GPU[1]		: mclk clock level: 2: (1200Mhz)
GPU[1]		: sclk clock level: 0: (200Mhz)
==========================================================================================
=================================== Power Consumption ====================================
GPU[0]		: Current Socket Graphics Package Power (W): 8.0
energy_count_secondary_die_check, Unexpected data received
==========================================================================================
=================================== % time GPU is busy ===================================
GPU[0]		: GPU use (%): 0
GPU[1]		: GPU use (%): 0
==========================================================================================
=================================== Current Memory Use ===================================
GPU[0]		: GPU Memory Allocated (VRAM%): 0
GPU[0]		: Memory Activity: N/A
GPU[0]		: Not supported on the given system
GPU[1]		: GPU Memory Allocated (VRAM%): 1
GPU[1]		: Memory Activity: N/A
GPU[1]		: Not supported on the given system
==========================================================================================
================================== End of ROCm SMI Log ===================================

===== 2026-03-20T19:38:49+09:00 =====


============================ ROCm System Management Interface ============================
====================================== Temperature =======================================
GPU[0]		: Temperature (Sensor edge) (C): 25.0
GPU[0]		: Temperature (Sensor junction) (C): 26.0
GPU[0]		: Temperature (Sensor memory) (C): 26.0
GPU[1]		: Temperature (Sensor edge) (C): 48.0
==========================================================================================
=============================== Current clock frequencies ================================
GPU[0]		: mclk clock level: 0: (167Mhz)
GPU[0]		: sclk clock level: 0: (852Mhz)
GPU[0]		: socclk clock level: 0: (600Mhz)
GPU[1]		: mclk clock level: 2: (1200Mhz)
GPU[1]		: sclk clock level: 0: (200Mhz)
==========================================================================================
=================================== Power Consumption ====================================
GPU[0]		: Current Socket Graphics Package Power (W): 7.0
energy_count_secondary_die_check, Unexpected data received
==========================================================================================
=================================== % time GPU is busy ===================================
GPU[0]		: GPU use (%): 0
GPU[1]		: GPU use (%): 0
==========================================================================================
=================================== Current Memory Use ===================================
GPU[0]		: GPU Memory Allocated (VRAM%): 0
GPU[0]		: Memory Activity: N/A
GPU[0]		: Not supported on the given system
GPU[1]		: GPU Memory Allocated (VRAM%): 1
GPU[1]		: Memory Activity: N/A
GPU[1]		: Not supported on the given system
==========================================================================================
================================== End of ROCm SMI Log ===================================

===== 2026-03-20T19:38:50+09:00 =====


============================ ROCm System Management Interface ============================
====================================== Temperature =======================================
GPU[0]		: Temperature (Sensor edge) (C): 25.0
GPU[0]		: Temperature (Sensor junction) (C): 26.0
GPU[0]		: Temperature (Sensor memory) (C): 26.0
GPU[1]		: Temperature (Sensor edge) (C): 47.0
==========================================================================================
=============================== Current clock frequencies ================================
GPU[0]		: mclk clock level: 0: (167Mhz)
GPU[0]		: sclk clock level: 0: (852Mhz)
GPU[0]		: socclk clock level: 0: (600Mhz)
GPU[1]		: mclk clock level: 3: (1333Mhz)
GPU[1]		: sclk clock level: 0: (200Mhz)
==========================================================================================
=================================== Power Consumption ====================================
GPU[0]		: Current Socket Graphics Package Power (W): 7.0
energy_count_secondary_die_check, Unexpected data received
==========================================================================================
=================================== % time GPU is busy ===================================
GPU[0]		: GPU use (%): 0
GPU[1]		: GPU use (%): 0
==========================================================================================
=================================== Current Memory Use ===================================
GPU[0]		: GPU Memory Allocated (VRAM%): 0
GPU[0]		: Memory Activity: N/A
GPU[0]		: Not supported on the given system
GPU[1]		: GPU Memory Allocated (VRAM%): 1
GPU[1]		: Memory Activity: N/A
GPU[1]		: Not supported on the given system
==========================================================================================
================================== End of ROCm SMI Log ===================================

===== 2026-03-20T19:38:51+09:00 =====


============================ ROCm System Management Interface ============================
====================================== Temperature =======================================
GPU[0]		: Temperature (Sensor edge) (C): 25.0
GPU[0]		: Temperature (Sensor junction) (C): 26.0
GPU[0]		: Temperature (Sensor memory) (C): 26.0
GPU[1]		: Temperature (Sensor edge) (C): 46.0
==========================================================================================
=============================== Current clock frequencies ================================
GPU[0]		: mclk clock level: 0: (167Mhz)
GPU[0]		: sclk clock level: 0: (852Mhz)
GPU[0]		: socclk clock level: 0: (600Mhz)
GPU[1]		: mclk clock level: 3: (1333Mhz)
GPU[1]		: sclk clock level: 0: (200Mhz)
==========================================================================================
=================================== Power Consumption ====================================
GPU[0]		: Current Socket Graphics Package Power (W): 7.0
energy_count_secondary_die_check, Unexpected data received
==========================================================================================
=================================== % time GPU is busy ===================================
GPU[0]		: GPU use (%): 0
GPU[1]		: GPU use (%): 0
==========================================================================================
=================================== Current Memory Use ===================================
GPU[0]		: GPU Memory Allocated (VRAM%): 0
GPU[0]		: Memory Activity: N/A
GPU[0]		: Not supported on the given system
GPU[1]		: GPU Memory Allocated (VRAM%): 1
GPU[1]		: Memory Activity: N/A
GPU[1]		: Not supported on the given system
==========================================================================================
================================== End of ROCm SMI Log ===================================

===== 2026-03-20T19:38:52+09:00 =====


============================ ROCm System Management Interface ============================
====================================== Temperature =======================================
GPU[0]		: Temperature (Sensor edge) (C): 25.0
GPU[0]		: Temperature (Sensor junction) (C): 26.0
GPU[0]		: Temperature (Sensor memory) (C): 26.0
GPU[1]		: Temperature (Sensor edge) (C): 46.0
==========================================================================================
=============================== Current clock frequencies ================================
GPU[0]		: mclk clock level: 0: (167Mhz)
GPU[0]		: sclk clock level: 0: (852Mhz)
GPU[0]		: socclk clock level: 0: (600Mhz)
GPU[1]		: mclk clock level: 3: (1333Mhz)
GPU[1]		: sclk clock level: 0: (200Mhz)
==========================================================================================
=================================== Power Consumption ====================================
GPU[0]		: Current Socket Graphics Package Power (W): 8.0
energy_count_secondary_die_check, Unexpected data received
==========================================================================================
=================================== % time GPU is busy ===================================
GPU[0]		: GPU use (%): 0
GPU[1]		: GPU use (%): 0
==========================================================================================
=================================== Current Memory Use ===================================
GPU[0]		: GPU Memory Allocated (VRAM%): 0
GPU[0]		: Memory Activity: N/A
GPU[0]		: Not supported on the given system
GPU[1]		: GPU Memory Allocated (VRAM%): 1
GPU[1]		: Memory Activity: N/A
GPU[1]		: Not supported on the given system
==========================================================================================
================================== End of ROCm SMI Log ===================================

===== 2026-03-20T19:38:54+09:00 =====


============================ ROCm System Management Interface ============================
====================================== Temperature =======================================
GPU[0]		: Temperature (Sensor edge) (C): 25.0
GPU[0]		: Temperature (Sensor junction) (C): 26.0
GPU[0]		: Temperature (Sensor memory) (C): 26.0
GPU[1]		: Temperature (Sensor edge) (C): 54.0
==========================================================================================
=============================== Current clock frequencies ================================
GPU[0]		: mclk clock level: 0: (167Mhz)
GPU[0]		: sclk clock level: 0: (852Mhz)
GPU[0]		: socclk clock level: 0: (600Mhz)
GPU[1]		: mclk clock level: 3: (1333Mhz)
GPU[1]		: sclk clock level: 0: (200Mhz)
==========================================================================================
=================================== Power Consumption ====================================
GPU[0]		: Current Socket Graphics Package Power (W): 7.0
energy_count_secondary_die_check, Unexpected data received
==========================================================================================
=================================== % time GPU is busy ===================================
GPU[0]		: GPU use (%): 0
GPU[1]		: GPU use (%): 0
==========================================================================================
=================================== Current Memory Use ===================================
GPU[0]		: GPU Memory Allocated (VRAM%): 0
GPU[0]		: Memory Activity: N/A
GPU[0]		: Not supported on the given system
GPU[1]		: GPU Memory Allocated (VRAM%): 1
GPU[1]		: Memory Activity: N/A
GPU[1]		: Not supported on the given system
==========================================================================================
================================== End of ROCm SMI Log ===================================

===== 2026-03-20T19:38:55+09:00 =====


============================ ROCm System Management Interface ============================
====================================== Temperature =======================================
GPU[0]		: Temperature (Sensor edge) (C): 25.0
GPU[0]		: Temperature (Sensor junction) (C): 26.0
GPU[0]		: Temperature (Sensor memory) (C): 26.0
GPU[1]		: Temperature (Sensor edge) (C): 53.0
==========================================================================================
=============================== Current clock frequencies ================================
GPU[0]		: mclk clock level: 0: (167Mhz)
GPU[0]		: sclk clock level: 0: (852Mhz)
GPU[0]		: socclk clock level: 0: (600Mhz)
GPU[1]		: mclk clock level: 3: (1333Mhz)
GPU[1]		: sclk clock level: 0: (200Mhz)
==========================================================================================
=================================== Power Consumption ====================================
GPU[0]		: Current Socket Graphics Package Power (W): 8.0
energy_count_secondary_die_check, Unexpected data received
==========================================================================================
=================================== % time GPU is busy ===================================
GPU[0]		: GPU use (%): 0
GPU[1]		: GPU use (%): 0
==========================================================================================
=================================== Current Memory Use ===================================
GPU[0]		: GPU Memory Allocated (VRAM%): 0
GPU[0]		: Memory Activity: N/A
GPU[0]		: Not supported on the given system
GPU[1]		: GPU Memory Allocated (VRAM%): 1
GPU[1]		: Memory Activity: N/A
GPU[1]		: Not supported on the given system
==========================================================================================
================================== End of ROCm SMI Log ===================================

===== 2026-03-20T19:38:56+09:00 =====


============================ ROCm System Management Interface ============================
====================================== Temperature =======================================
GPU[0]		: Temperature (Sensor edge) (C): 24.0
GPU[0]		: Temperature (Sensor junction) (C): 26.0
GPU[0]		: Temperature (Sensor memory) (C): 26.0
GPU[1]		: Temperature (Sensor edge) (C): 52.0
==========================================================================================
=============================== Current clock frequencies ================================
GPU[0]		: mclk clock level: 0: (167Mhz)
GPU[0]		: sclk clock level: 0: (852Mhz)
GPU[0]		: socclk clock level: 0: (600Mhz)
GPU[1]		: mclk clock level: 3: (1333Mhz)
GPU[1]		: sclk clock level: 0: (200Mhz)
==========================================================================================
=================================== Power Consumption ====================================
GPU[0]		: Current Socket Graphics Package Power (W): 8.0
energy_count_secondary_die_check, Unexpected data received
==========================================================================================
=================================== % time GPU is busy ===================================
GPU[0]		: GPU use (%): 0
GPU[1]		: GPU use (%): 0
==========================================================================================
=================================== Current Memory Use ===================================
GPU[0]		: GPU Memory Allocated (VRAM%): 0
GPU[0]		: Memory Activity: N/A
GPU[0]		: Not supported on the given system
GPU[1]		: GPU Memory Allocated (VRAM%): 1
GPU[1]		: Memory Activity: N/A
GPU[1]		: Not supported on the given system
==========================================================================================
================================== End of ROCm SMI Log ===================================

===== 2026-03-20T19:38:57+09:00 =====


============================ ROCm System Management Interface ============================
====================================== Temperature =======================================
GPU[0]		: Temperature (Sensor edge) (C): 25.0
GPU[0]		: Temperature (Sensor junction) (C): 26.0
GPU[0]		: Temperature (Sensor memory) (C): 26.0
GPU[1]		: Temperature (Sensor edge) (C): 51.0
==========================================================================================
=============================== Current clock frequencies ================================
GPU[0]		: mclk clock level: 0: (167Mhz)
GPU[0]		: sclk clock level: 0: (852Mhz)
GPU[0]		: socclk clock level: 0: (600Mhz)
GPU[1]		: mclk clock level: 3: (1333Mhz)
GPU[1]		: sclk clock level: 0: (200Mhz)
==========================================================================================
=================================== Power Consumption ====================================
GPU[0]		: Current Socket Graphics Package Power (W): 7.0
energy_count_secondary_die_check, Unexpected data received
==========================================================================================
=================================== % time GPU is busy ===================================
GPU[0]		: GPU use (%): 0
GPU[1]		: GPU use (%): 0
==========================================================================================
=================================== Current Memory Use ===================================
GPU[0]		: GPU Memory Allocated (VRAM%): 0
GPU[0]		: Memory Activity: N/A
GPU[0]		: Not supported on the given system
GPU[1]		: GPU Memory Allocated (VRAM%): 1
GPU[1]		: Memory Activity: N/A
GPU[1]		: Not supported on the given system
==========================================================================================
================================== End of ROCm SMI Log ===================================

===== 2026-03-20T19:38:58+09:00 =====


============================ ROCm System Management Interface ============================
====================================== Temperature =======================================
GPU[0]		: Temperature (Sensor edge) (C): 25.0
GPU[0]		: Temperature (Sensor junction) (C): 26.0
GPU[0]		: Temperature (Sensor memory) (C): 26.0
GPU[1]		: Temperature (Sensor edge) (C): 51.0
==========================================================================================
=============================== Current clock frequencies ================================
GPU[0]		: mclk clock level: 0: (167Mhz)
GPU[0]		: sclk clock level: 0: (852Mhz)
GPU[0]		: socclk clock level: 0: (600Mhz)
GPU[1]		: mclk clock level: 3: (1333Mhz)
GPU[1]		: sclk clock level: 0: (200Mhz)
==========================================================================================
=================================== Power Consumption ====================================
GPU[0]		: Current Socket Graphics Package Power (W): 7.0
energy_count_secondary_die_check, Unexpected data received
==========================================================================================
=================================== % time GPU is busy ===================================
GPU[0]		: GPU use (%): 0
GPU[1]		: GPU use (%): 0
==========================================================================================
=================================== Current Memory Use ===================================
GPU[0]		: GPU Memory Allocated (VRAM%): 0
GPU[0]		: Memory Activity: N/A
GPU[0]		: Not supported on the given system
GPU[1]		: GPU Memory Allocated (VRAM%): 1
GPU[1]		: Memory Activity: N/A
GPU[1]		: Not supported on the given system
==========================================================================================
================================== End of ROCm SMI Log ===================================

===== 2026-03-20T19:38:59+09:00 =====


============================ ROCm System Management Interface ============================
====================================== Temperature =======================================
GPU[0]		: Temperature (Sensor edge) (C): 25.0
GPU[0]		: Temperature (Sensor junction) (C): 26.0
GPU[0]		: Temperature (Sensor memory) (C): 26.0
GPU[1]		: Temperature (Sensor edge) (C): 51.0
==========================================================================================
=============================== Current clock frequencies ================================
GPU[0]		: mclk clock level: 0: (167Mhz)
GPU[0]		: sclk clock level: 0: (852Mhz)
GPU[0]		: socclk clock level: 0: (600Mhz)
GPU[1]		: mclk clock level: 3: (1333Mhz)
GPU[1]		: sclk clock level: 0: (200Mhz)
==========================================================================================
=================================== Power Consumption ====================================
GPU[0]		: Current Socket Graphics Package Power (W): 6.0
energy_count_secondary_die_check, Unexpected data received
==========================================================================================
=================================== % time GPU is busy ===================================
GPU[0]		: GPU use (%): 0
GPU[1]		: GPU use (%): 0
==========================================================================================
=================================== Current Memory Use ===================================
GPU[0]		: GPU Memory Allocated (VRAM%): 0
GPU[0]		: Memory Activity: N/A
GPU[0]		: Not supported on the given system
GPU[1]		: GPU Memory Allocated (VRAM%): 1
GPU[1]		: Memory Activity: N/A
GPU[1]		: Not supported on the given system
==========================================================================================
================================== End of ROCm SMI Log ===================================

===== 2026-03-20T19:39:01+09:00 =====


============================ ROCm System Management Interface ============================
====================================== Temperature =======================================
GPU[0]		: Temperature (Sensor edge) (C): 25.0
GPU[0]		: Temperature (Sensor junction) (C): 26.0
GPU[0]		: Temperature (Sensor memory) (C): 26.0
GPU[1]		: Temperature (Sensor edge) (C): 50.0
==========================================================================================
=============================== Current clock frequencies ================================
GPU[0]		: mclk clock level: 0: (167Mhz)
GPU[0]		: sclk clock level: 0: (852Mhz)
GPU[0]		: socclk clock level: 0: (600Mhz)
GPU[1]		: mclk clock level: 3: (1333Mhz)
GPU[1]		: sclk clock level: 0: (200Mhz)
==========================================================================================
=================================== Power Consumption ====================================
GPU[0]		: Current Socket Graphics Package Power (W): 7.0
energy_count_secondary_die_check, Unexpected data received
==========================================================================================
=================================== % time GPU is busy ===================================
GPU[0]		: GPU use (%): 0
GPU[1]		: GPU use (%): 0
==========================================================================================
=================================== Current Memory Use ===================================
GPU[0]		: GPU Memory Allocated (VRAM%): 0
GPU[0]		: Memory Activity: N/A
GPU[0]		: Not supported on the given system
GPU[1]		: GPU Memory Allocated (VRAM%): 1
GPU[1]		: Memory Activity: N/A
GPU[1]		: Not supported on the given system
==========================================================================================
================================== End of ROCm SMI Log ===================================

===== 2026-03-20T19:39:02+09:00 =====


============================ ROCm System Management Interface ============================
====================================== Temperature =======================================
GPU[0]		: Temperature (Sensor edge) (C): 25.0
GPU[0]		: Temperature (Sensor junction) (C): 26.0
GPU[0]		: Temperature (Sensor memory) (C): 26.0
GPU[1]		: Temperature (Sensor edge) (C): 49.0
==========================================================================================
=============================== Current clock frequencies ================================
GPU[0]		: mclk clock level: 0: (167Mhz)
GPU[0]		: sclk clock level: 0: (852Mhz)
GPU[0]		: socclk clock level: 0: (600Mhz)
GPU[1]		: mclk clock level: 3: (1333Mhz)
GPU[1]		: sclk clock level: 0: (200Mhz)
==========================================================================================
=================================== Power Consumption ====================================
GPU[0]		: Current Socket Graphics Package Power (W): 7.0
energy_count_secondary_die_check, Unexpected data received
==========================================================================================
=================================== % time GPU is busy ===================================
GPU[0]		: GPU use (%): 0
GPU[1]		: GPU use (%): 0
==========================================================================================
=================================== Current Memory Use ===================================
GPU[0]		: GPU Memory Allocated (VRAM%): 0
GPU[0]		: Memory Activity: N/A
GPU[0]		: Not supported on the given system
GPU[1]		: GPU Memory Allocated (VRAM%): 1
GPU[1]		: Memory Activity: N/A
GPU[1]		: Not supported on the given system
==========================================================================================
================================== End of ROCm SMI Log ===================================

===== 2026-03-20T19:39:03+09:00 =====


============================ ROCm System Management Interface ============================
====================================== Temperature =======================================
GPU[0]		: Temperature (Sensor edge) (C): 25.0
GPU[0]		: Temperature (Sensor junction) (C): 26.0
GPU[0]		: Temperature (Sensor memory) (C): 26.0
GPU[1]		: Temperature (Sensor edge) (C): 49.0
==========================================================================================
=============================== Current clock frequencies ================================
GPU[0]		: mclk clock level: 0: (167Mhz)
GPU[0]		: sclk clock level: 0: (852Mhz)
GPU[0]		: socclk clock level: 0: (600Mhz)
GPU[1]		: mclk clock level: 3: (1333Mhz)
GPU[1]		: sclk clock level: 0: (200Mhz)
==========================================================================================
=================================== Power Consumption ====================================
GPU[0]		: Current Socket Graphics Package Power (W): 7.0
energy_count_secondary_die_check, Unexpected data received
==========================================================================================
=================================== % time GPU is busy ===================================
GPU[0]		: GPU use (%): 0
GPU[1]		: GPU use (%): 0
==========================================================================================
=================================== Current Memory Use ===================================
GPU[0]		: GPU Memory Allocated (VRAM%): 0
GPU[0]		: Memory Activity: N/A
GPU[0]		: Not supported on the given system
GPU[1]		: GPU Memory Allocated (VRAM%): 1
GPU[1]		: Memory Activity: N/A
GPU[1]		: Not supported on the given system
==========================================================================================
================================== End of ROCm SMI Log ===================================

===== 2026-03-20T19:39:04+09:00 =====


============================ ROCm System Management Interface ============================
====================================== Temperature =======================================
GPU[0]		: Temperature (Sensor edge) (C): 25.0
GPU[0]		: Temperature (Sensor junction) (C): 26.0
GPU[0]		: Temperature (Sensor memory) (C): 26.0
GPU[1]		: Temperature (Sensor edge) (C): 48.0
==========================================================================================
=============================== Current clock frequencies ================================
GPU[0]		: mclk clock level: 0: (167Mhz)
GPU[0]		: sclk clock level: 0: (852Mhz)
GPU[0]		: socclk clock level: 0: (600Mhz)
GPU[1]		: mclk clock level: 3: (1333Mhz)
GPU[1]		: sclk clock level: 0: (200Mhz)
==========================================================================================
=================================== Power Consumption ====================================
GPU[0]		: Current Socket Graphics Package Power (W): 8.0
energy_count_secondary_die_check, Unexpected data received
==========================================================================================
=================================== % time GPU is busy ===================================
GPU[0]		: GPU use (%): 0
GPU[1]		: GPU use (%): 0
==========================================================================================
=================================== Current Memory Use ===================================
GPU[0]		: GPU Memory Allocated (VRAM%): 0
GPU[0]		: Memory Activity: N/A
GPU[0]		: Not supported on the given system
GPU[1]		: GPU Memory Allocated (VRAM%): 1
GPU[1]		: Memory Activity: N/A
GPU[1]		: Not supported on the given system
==========================================================================================
================================== End of ROCm SMI Log ===================================

===== 2026-03-20T19:39:05+09:00 =====


============================ ROCm System Management Interface ============================
====================================== Temperature =======================================
GPU[0]		: Temperature (Sensor edge) (C): 25.0
GPU[0]		: Temperature (Sensor junction) (C): 26.0
GPU[0]		: Temperature (Sensor memory) (C): 26.0
GPU[1]		: Temperature (Sensor edge) (C): 49.0
==========================================================================================
=============================== Current clock frequencies ================================
GPU[0]		: mclk clock level: 0: (167Mhz)
GPU[0]		: sclk clock level: 0: (852Mhz)
GPU[0]		: socclk clock level: 0: (600Mhz)
GPU[1]		: mclk clock level: 3: (1333Mhz)
GPU[1]		: sclk clock level: 0: (200Mhz)
==========================================================================================
=================================== Power Consumption ====================================
GPU[0]		: Current Socket Graphics Package Power (W): 7.0
energy_count_secondary_die_check, Unexpected data received
==========================================================================================
=================================== % time GPU is busy ===================================
GPU[0]		: GPU use (%): 0
GPU[1]		: GPU use (%): 0
==========================================================================================
=================================== Current Memory Use ===================================
GPU[0]		: GPU Memory Allocated (VRAM%): 0
GPU[0]		: Memory Activity: N/A
GPU[0]		: Not supported on the given system
GPU[1]		: GPU Memory Allocated (VRAM%): 1
GPU[1]		: Memory Activity: N/A
GPU[1]		: Not supported on the given system
==========================================================================================
================================== End of ROCm SMI Log ===================================

===== 2026-03-20T19:39:07+09:00 =====


============================ ROCm System Management Interface ============================
====================================== Temperature =======================================
GPU[0]		: Temperature (Sensor edge) (C): 25.0
GPU[0]		: Temperature (Sensor junction) (C): 26.0
GPU[0]		: Temperature (Sensor memory) (C): 26.0
GPU[1]		: Temperature (Sensor edge) (C): 48.0
==========================================================================================
=============================== Current clock frequencies ================================
GPU[0]		: mclk clock level: 0: (167Mhz)
GPU[0]		: sclk clock level: 0: (852Mhz)
GPU[0]		: socclk clock level: 0: (600Mhz)
GPU[1]		: mclk clock level: 3: (1333Mhz)
GPU[1]		: sclk clock level: 0: (200Mhz)
==========================================================================================
=================================== Power Consumption ====================================
GPU[0]		: Current Socket Graphics Package Power (W): 7.0
energy_count_secondary_die_check, Unexpected data received
==========================================================================================
=================================== % time GPU is busy ===================================
GPU[0]		: GPU use (%): 0
GPU[1]		: GPU use (%): 0
==========================================================================================
=================================== Current Memory Use ===================================
GPU[0]		: GPU Memory Allocated (VRAM%): 0
GPU[0]		: Memory Activity: N/A
GPU[0]		: Not supported on the given system
GPU[1]		: GPU Memory Allocated (VRAM%): 1
GPU[1]		: Memory Activity: N/A
GPU[1]		: Not supported on the given system
==========================================================================================
================================== End of ROCm SMI Log ===================================

===== 2026-03-20T19:39:08+09:00 =====


============================ ROCm System Management Interface ============================
====================================== Temperature =======================================
GPU[0]		: Temperature (Sensor edge) (C): 25.0
GPU[0]		: Temperature (Sensor junction) (C): 26.0
GPU[0]		: Temperature (Sensor memory) (C): 26.0
GPU[1]		: Temperature (Sensor edge) (C): 49.0
==========================================================================================
=============================== Current clock frequencies ================================
GPU[0]		: mclk clock level: 0: (167Mhz)
GPU[0]		: sclk clock level: 0: (852Mhz)
GPU[0]		: socclk clock level: 0: (600Mhz)
GPU[1]		: mclk clock level: 3: (1333Mhz)
GPU[1]		: sclk clock level: 0: (200Mhz)
==========================================================================================
=================================== Power Consumption ====================================
GPU[0]		: Current Socket Graphics Package Power (W): 6.0
energy_count_secondary_die_check, Unexpected data received
==========================================================================================
=================================== % time GPU is busy ===================================
GPU[0]		: GPU use (%): 0
GPU[1]		: GPU use (%): 0
==========================================================================================
=================================== Current Memory Use ===================================
GPU[0]		: GPU Memory Allocated (VRAM%): 0
GPU[0]		: Memory Activity: N/A
GPU[0]		: Not supported on the given system
GPU[1]		: GPU Memory Allocated (VRAM%): 1
GPU[1]		: Memory Activity: N/A
GPU[1]		: Not supported on the given system
==========================================================================================
================================== End of ROCm SMI Log ===================================

===== 2026-03-20T19:39:09+09:00 =====


============================ ROCm System Management Interface ============================
====================================== Temperature =======================================
GPU[0]		: Temperature (Sensor edge) (C): 25.0
GPU[0]		: Temperature (Sensor junction) (C): 26.0
GPU[0]		: Temperature (Sensor memory) (C): 26.0
GPU[1]		: Temperature (Sensor edge) (C): 49.0
==========================================================================================
=============================== Current clock frequencies ================================
GPU[0]		: mclk clock level: 0: (167Mhz)
GPU[0]		: sclk clock level: 0: (852Mhz)
GPU[0]		: socclk clock level: 0: (600Mhz)
GPU[1]		: mclk clock level: 3: (1333Mhz)
GPU[1]		: sclk clock level: 0: (200Mhz)
==========================================================================================
=================================== Power Consumption ====================================
GPU[0]		: Current Socket Graphics Package Power (W): 7.0
energy_count_secondary_die_check, Unexpected data received
==========================================================================================
=================================== % time GPU is busy ===================================
GPU[0]		: GPU use (%): 0
GPU[1]		: GPU use (%): 0
==========================================================================================
=================================== Current Memory Use ===================================
GPU[0]		: GPU Memory Allocated (VRAM%): 0
GPU[0]		: Memory Activity: N/A
GPU[0]		: Not supported on the given system
GPU[1]		: GPU Memory Allocated (VRAM%): 1
GPU[1]		: Memory Activity: N/A
GPU[1]		: Not supported on the given system
==========================================================================================
================================== End of ROCm SMI Log ===================================

===== 2026-03-20T19:39:10+09:00 =====


============================ ROCm System Management Interface ============================
====================================== Temperature =======================================
GPU[0]		: Temperature (Sensor edge) (C): 25.0
GPU[0]		: Temperature (Sensor junction) (C): 26.0
GPU[0]		: Temperature (Sensor memory) (C): 26.0
GPU[1]		: Temperature (Sensor edge) (C): 49.0
==========================================================================================
=============================== Current clock frequencies ================================
GPU[0]		: mclk clock level: 0: (167Mhz)
GPU[0]		: sclk clock level: 0: (852Mhz)
GPU[0]		: socclk clock level: 0: (600Mhz)
GPU[1]		: mclk clock level: 3: (1333Mhz)
GPU[1]		: sclk clock level: 0: (200Mhz)
==========================================================================================
=================================== Power Consumption ====================================
GPU[0]		: Current Socket Graphics Package Power (W): 7.0
energy_count_secondary_die_check, Unexpected data received
==========================================================================================
=================================== % time GPU is busy ===================================
GPU[0]		: GPU use (%): 0
GPU[1]		: GPU use (%): 0
==========================================================================================
=================================== Current Memory Use ===================================
GPU[0]		: GPU Memory Allocated (VRAM%): 0
GPU[0]		: Memory Activity: N/A
GPU[0]		: Not supported on the given system
GPU[1]		: GPU Memory Allocated (VRAM%): 1
GPU[1]		: Memory Activity: N/A
GPU[1]		: Not supported on the given system
==========================================================================================
================================== End of ROCm SMI Log ===================================

===== 2026-03-20T19:39:11+09:00 =====


============================ ROCm System Management Interface ============================
====================================== Temperature =======================================
GPU[0]		: Temperature (Sensor edge) (C): 25.0
GPU[0]		: Temperature (Sensor junction) (C): 26.0
GPU[0]		: Temperature (Sensor memory) (C): 26.0
GPU[1]		: Temperature (Sensor edge) (C): 49.0
==========================================================================================
=============================== Current clock frequencies ================================
GPU[0]		: mclk clock level: 0: (167Mhz)
GPU[0]		: sclk clock level: 0: (852Mhz)
GPU[0]		: socclk clock level: 0: (600Mhz)
GPU[1]		: mclk clock level: 3: (1333Mhz)
GPU[1]		: sclk clock level: 0: (200Mhz)
==========================================================================================
=================================== Power Consumption ====================================
GPU[0]		: Current Socket Graphics Package Power (W): 7.0
energy_count_secondary_die_check, Unexpected data received
==========================================================================================
=================================== % time GPU is busy ===================================
GPU[0]		: GPU use (%): 0
GPU[1]		: GPU use (%): 0
==========================================================================================
=================================== Current Memory Use ===================================
GPU[0]		: GPU Memory Allocated (VRAM%): 0
GPU[0]		: Memory Activity: N/A
GPU[0]		: Not supported on the given system
GPU[1]		: GPU Memory Allocated (VRAM%): 1
GPU[1]		: Memory Activity: N/A
GPU[1]		: Not supported on the given system
==========================================================================================
================================== End of ROCm SMI Log ===================================

===== 2026-03-20T19:39:12+09:00 =====


============================ ROCm System Management Interface ============================
====================================== Temperature =======================================
GPU[0]		: Temperature (Sensor edge) (C): 25.0
GPU[0]		: Temperature (Sensor junction) (C): 26.0
GPU[0]		: Temperature (Sensor memory) (C): 26.0
GPU[1]		: Temperature (Sensor edge) (C): 49.0
==========================================================================================
=============================== Current clock frequencies ================================
GPU[0]		: mclk clock level: 0: (167Mhz)
GPU[0]		: sclk clock level: 0: (852Mhz)
GPU[0]		: socclk clock level: 0: (600Mhz)
GPU[1]		: mclk clock level: 3: (1333Mhz)
GPU[1]		: sclk clock level: 0: (200Mhz)
==========================================================================================
=================================== Power Consumption ====================================
GPU[0]		: Current Socket Graphics Package Power (W): 7.0
energy_count_secondary_die_check, Unexpected data received
==========================================================================================
=================================== % time GPU is busy ===================================
GPU[0]		: GPU use (%): 0
GPU[1]		: GPU use (%): 0
==========================================================================================
=================================== Current Memory Use ===================================
GPU[0]		: GPU Memory Allocated (VRAM%): 0
GPU[0]		: Memory Activity: N/A
GPU[0]		: Not supported on the given system
GPU[1]		: GPU Memory Allocated (VRAM%): 1
GPU[1]		: Memory Activity: N/A
GPU[1]		: Not supported on the given system
==========================================================================================
================================== End of ROCm SMI Log ===================================

===== 2026-03-20T19:39:14+09:00 =====


============================ ROCm System Management Interface ============================
====================================== Temperature =======================================
GPU[0]		: Temperature (Sensor edge) (C): 25.0
GPU[0]		: Temperature (Sensor junction) (C): 26.0
GPU[0]		: Temperature (Sensor memory) (C): 26.0
GPU[1]		: Temperature (Sensor edge) (C): 49.0
==========================================================================================
=============================== Current clock frequencies ================================
GPU[0]		: mclk clock level: 0: (167Mhz)
GPU[0]		: sclk clock level: 0: (852Mhz)
GPU[0]		: socclk clock level: 0: (600Mhz)
GPU[1]		: mclk clock level: 3: (1333Mhz)
GPU[1]		: sclk clock level: 0: (200Mhz)
==========================================================================================
=================================== Power Consumption ====================================
GPU[0]		: Current Socket Graphics Package Power (W): 8.0
energy_count_secondary_die_check, Unexpected data received
==========================================================================================
=================================== % time GPU is busy ===================================
GPU[0]		: GPU use (%): 0
GPU[1]		: GPU use (%): 0
==========================================================================================
=================================== Current Memory Use ===================================
GPU[0]		: GPU Memory Allocated (VRAM%): 0
GPU[0]		: Memory Activity: N/A
GPU[0]		: Not supported on the given system
GPU[1]		: GPU Memory Allocated (VRAM%): 1
GPU[1]		: Memory Activity: N/A
GPU[1]		: Not supported on the given system
==========================================================================================
================================== End of ROCm SMI Log ===================================

===== 2026-03-20T19:39:15+09:00 =====


============================ ROCm System Management Interface ============================
====================================== Temperature =======================================
GPU[0]		: Temperature (Sensor edge) (C): 25.0
GPU[0]		: Temperature (Sensor junction) (C): 26.0
GPU[0]		: Temperature (Sensor memory) (C): 26.0
GPU[1]		: Temperature (Sensor edge) (C): 49.0
==========================================================================================
=============================== Current clock frequencies ================================
GPU[0]		: mclk clock level: 0: (167Mhz)
GPU[0]		: sclk clock level: 0: (852Mhz)
GPU[0]		: socclk clock level: 0: (600Mhz)
GPU[1]		: mclk clock level: 3: (1333Mhz)
GPU[1]		: sclk clock level: 0: (200Mhz)
==========================================================================================
=================================== Power Consumption ====================================
GPU[0]		: Current Socket Graphics Package Power (W): 7.0
energy_count_secondary_die_check, Unexpected data received
==========================================================================================
=================================== % time GPU is busy ===================================
GPU[0]		: GPU use (%): 0
GPU[1]		: GPU use (%): 0
==========================================================================================
=================================== Current Memory Use ===================================
GPU[0]		: GPU Memory Allocated (VRAM%): 0
GPU[0]		: Memory Activity: N/A
GPU[0]		: Not supported on the given system
GPU[1]		: GPU Memory Allocated (VRAM%): 1
GPU[1]		: Memory Activity: N/A
GPU[1]		: Not supported on the given system
==========================================================================================
================================== End of ROCm SMI Log ===================================

