===== 2026-03-20T19:43:11+09:00 =====


============================ ROCm System Management Interface ============================
====================================== Temperature =======================================
GPU[0]		: Temperature (Sensor edge) (C): 25.0
GPU[0]		: Temperature (Sensor junction) (C): 26.0
GPU[0]		: Temperature (Sensor memory) (C): 26.0
GPU[1]		: Temperature (Sensor edge) (C): 54.0
==========================================================================================
=============================== Current clock frequencies ================================
GPU[0]		: mclk clock level: 0: (167Mhz)
GPU[0]		: sclk clock level: 0: (852Mhz)
GPU[0]		: socclk clock level: 0: (600Mhz)
GPU[1]		: mclk clock level: 3: (1333Mhz)
GPU[1]		: sclk clock level: 0: (200Mhz)
==========================================================================================
=================================== Power Consumption ====================================
GPU[0]		: Current Socket Graphics Package Power (W): 7.0
energy_count_secondary_die_check, Unexpected data received
==========================================================================================
=================================== % time GPU is busy ===================================
GPU[0]		: GPU use (%): 0
GPU[1]		: GPU use (%): 0
==========================================================================================
=================================== Current Memory Use ===================================
GPU[0]		: GPU Memory Allocated (VRAM%): 0
GPU[0]		: Memory Activity: N/A
GPU[0]		: Not supported on the given system
GPU[1]		: GPU Memory Allocated (VRAM%): 1
GPU[1]		: Memory Activity: N/A
GPU[1]		: Not supported on the given system
==========================================================================================
================================== End of ROCm SMI Log ===================================

===== 2026-03-20T19:43:12+09:00 =====


============================ ROCm System Management Interface ============================
====================================== Temperature =======================================
GPU[0]		: Temperature (Sensor edge) (C): 25.0
GPU[0]		: Temperature (Sensor junction) (C): 26.0
GPU[0]		: Temperature (Sensor memory) (C): 26.0
GPU[1]		: Temperature (Sensor edge) (C): 53.0
==========================================================================================
=============================== Current clock frequencies ================================
GPU[0]		: mclk clock level: 0: (167Mhz)
GPU[0]		: sclk clock level: 0: (852Mhz)
GPU[0]		: socclk clock level: 0: (600Mhz)
GPU[1]		: mclk clock level: 3: (1333Mhz)
GPU[1]		: sclk clock level: 0: (200Mhz)
==========================================================================================
=================================== Power Consumption ====================================
GPU[0]		: Current Socket Graphics Package Power (W): 7.0
energy_count_secondary_die_check, Unexpected data received
==========================================================================================
=================================== % time GPU is busy ===================================
GPU[0]		: GPU use (%): 0
GPU[1]		: GPU use (%): 0
==========================================================================================
=================================== Current Memory Use ===================================
GPU[0]		: GPU Memory Allocated (VRAM%): 0
GPU[0]		: Memory Activity: N/A
GPU[0]		: Not supported on the given system
GPU[1]		: GPU Memory Allocated (VRAM%): 1
GPU[1]		: Memory Activity: N/A
GPU[1]		: Not supported on the given system
==========================================================================================
================================== End of ROCm SMI Log ===================================

===== 2026-03-20T19:43:14+09:00 =====


============================ ROCm System Management Interface ============================
====================================== Temperature =======================================
GPU[0]		: Temperature (Sensor edge) (C): 25.0
GPU[0]		: Temperature (Sensor junction) (C): 26.0
GPU[0]		: Temperature (Sensor memory) (C): 26.0
GPU[1]		: Temperature (Sensor edge) (C): 62.0
==========================================================================================
=============================== Current clock frequencies ================================
GPU[0]		: mclk clock level: 0: (167Mhz)
GPU[0]		: sclk clock level: 0: (852Mhz)
GPU[0]		: socclk clock level: 0: (600Mhz)
GPU[1]		: mclk clock level: 3: (1333Mhz)
GPU[1]		: sclk clock level: 0: (200Mhz)
==========================================================================================
=================================== Power Consumption ====================================
GPU[0]		: Current Socket Graphics Package Power (W): 8.0
energy_count_secondary_die_check, Unexpected data received
==========================================================================================
=================================== % time GPU is busy ===================================
GPU[0]		: GPU use (%): 0
GPU[1]		: GPU use (%): 0
==========================================================================================
=================================== Current Memory Use ===================================
GPU[0]		: GPU Memory Allocated (VRAM%): 0
GPU[0]		: Memory Activity: N/A
GPU[0]		: Not supported on the given system
GPU[1]		: GPU Memory Allocated (VRAM%): 1
GPU[1]		: Memory Activity: N/A
GPU[1]		: Not supported on the given system
==========================================================================================
================================== End of ROCm SMI Log ===================================

===== 2026-03-20T19:43:15+09:00 =====


============================ ROCm System Management Interface ============================
====================================== Temperature =======================================
GPU[0]		: Temperature (Sensor edge) (C): 25.0
GPU[0]		: Temperature (Sensor junction) (C): 26.0
GPU[0]		: Temperature (Sensor memory) (C): 26.0
GPU[1]		: Temperature (Sensor edge) (C): 60.0
==========================================================================================
=============================== Current clock frequencies ================================
GPU[0]		: mclk clock level: 0: (167Mhz)
GPU[0]		: sclk clock level: 0: (852Mhz)
GPU[0]		: socclk clock level: 0: (600Mhz)
GPU[1]		: mclk clock level: 3: (1333Mhz)
GPU[1]		: sclk clock level: 0: (200Mhz)
==========================================================================================
=================================== Power Consumption ====================================
GPU[0]		: Current Socket Graphics Package Power (W): 6.0
energy_count_secondary_die_check, Unexpected data received
==========================================================================================
=================================== % time GPU is busy ===================================
GPU[0]		: GPU use (%): 0
GPU[1]		: GPU use (%): 0
==========================================================================================
=================================== Current Memory Use ===================================
GPU[0]		: GPU Memory Allocated (VRAM%): 0
GPU[0]		: Memory Activity: N/A
GPU[0]		: Not supported on the given system
GPU[1]		: GPU Memory Allocated (VRAM%): 1
GPU[1]		: Memory Activity: N/A
GPU[1]		: Not supported on the given system
==========================================================================================
================================== End of ROCm SMI Log ===================================

===== 2026-03-20T19:43:16+09:00 =====


============================ ROCm System Management Interface ============================
====================================== Temperature =======================================
GPU[0]		: Temperature (Sensor edge) (C): 25.0
GPU[0]		: Temperature (Sensor junction) (C): 26.0
GPU[0]		: Temperature (Sensor memory) (C): 26.0
GPU[1]		: Temperature (Sensor edge) (C): 59.0
==========================================================================================
=============================== Current clock frequencies ================================
GPU[0]		: mclk clock level: 0: (167Mhz)
GPU[0]		: sclk clock level: 0: (852Mhz)
GPU[0]		: socclk clock level: 0: (600Mhz)
GPU[1]		: mclk clock level: 3: (1333Mhz)
GPU[1]		: sclk clock level: 0: (200Mhz)
==========================================================================================
=================================== Power Consumption ====================================
GPU[0]		: Current Socket Graphics Package Power (W): 7.0
energy_count_secondary_die_check, Unexpected data received
==========================================================================================
=================================== % time GPU is busy ===================================
GPU[0]		: GPU use (%): 0
GPU[1]		: GPU use (%): 0
==========================================================================================
=================================== Current Memory Use ===================================
GPU[0]		: GPU Memory Allocated (VRAM%): 0
GPU[0]		: Memory Activity: N/A
GPU[0]		: Not supported on the given system
GPU[1]		: GPU Memory Allocated (VRAM%): 1
GPU[1]		: Memory Activity: N/A
GPU[1]		: Not supported on the given system
==========================================================================================
================================== End of ROCm SMI Log ===================================

===== 2026-03-20T19:43:17+09:00 =====


============================ ROCm System Management Interface ============================
====================================== Temperature =======================================
GPU[0]		: Temperature (Sensor edge) (C): 25.0
GPU[0]		: Temperature (Sensor junction) (C): 26.0
GPU[0]		: Temperature (Sensor memory) (C): 26.0
GPU[1]		: Temperature (Sensor edge) (C): 58.0
==========================================================================================
=============================== Current clock frequencies ================================
GPU[0]		: mclk clock level: 0: (167Mhz)
GPU[0]		: sclk clock level: 0: (852Mhz)
GPU[0]		: socclk clock level: 0: (600Mhz)
GPU[1]		: mclk clock level: 3: (1333Mhz)
GPU[1]		: sclk clock level: 0: (200Mhz)
==========================================================================================
=================================== Power Consumption ====================================
GPU[0]		: Current Socket Graphics Package Power (W): 7.0
energy_count_secondary_die_check, Unexpected data received
==========================================================================================
=================================== % time GPU is busy ===================================
GPU[0]		: GPU use (%): 0
GPU[1]		: GPU use (%): 0
==========================================================================================
=================================== Current Memory Use ===================================
GPU[0]		: GPU Memory Allocated (VRAM%): 0
GPU[0]		: Memory Activity: N/A
GPU[0]		: Not supported on the given system
GPU[1]		: GPU Memory Allocated (VRAM%): 1
GPU[1]		: Memory Activity: N/A
GPU[1]		: Not supported on the given system
==========================================================================================
================================== End of ROCm SMI Log ===================================

===== 2026-03-20T19:43:18+09:00 =====


============================ ROCm System Management Interface ============================
====================================== Temperature =======================================
GPU[0]		: Temperature (Sensor edge) (C): 25.0
GPU[0]		: Temperature (Sensor junction) (C): 26.0
GPU[0]		: Temperature (Sensor memory) (C): 26.0
GPU[1]		: Temperature (Sensor edge) (C): 57.0
==========================================================================================
=============================== Current clock frequencies ================================
GPU[0]		: mclk clock level: 0: (167Mhz)
GPU[0]		: sclk clock level: 0: (852Mhz)
GPU[0]		: socclk clock level: 0: (600Mhz)
GPU[1]		: mclk clock level: 3: (1333Mhz)
GPU[1]		: sclk clock level: 0: (200Mhz)
==========================================================================================
=================================== Power Consumption ====================================
GPU[0]		: Current Socket Graphics Package Power (W): 7.0
energy_count_secondary_die_check, Unexpected data received
==========================================================================================
=================================== % time GPU is busy ===================================
GPU[0]		: GPU use (%): 0
GPU[1]		: GPU use (%): 0
==========================================================================================
=================================== Current Memory Use ===================================
GPU[0]		: GPU Memory Allocated (VRAM%): 0
GPU[0]		: Memory Activity: N/A
GPU[0]		: Not supported on the given system
GPU[1]		: GPU Memory Allocated (VRAM%): 1
GPU[1]		: Memory Activity: N/A
GPU[1]		: Not supported on the given system
==========================================================================================
================================== End of ROCm SMI Log ===================================

===== 2026-03-20T19:43:20+09:00 =====


============================ ROCm System Management Interface ============================
====================================== Temperature =======================================
GPU[0]		: Temperature (Sensor edge) (C): 25.0
GPU[0]		: Temperature (Sensor junction) (C): 26.0
GPU[0]		: Temperature (Sensor memory) (C): 26.0
GPU[1]		: Temperature (Sensor edge) (C): 56.0
==========================================================================================
=============================== Current clock frequencies ================================
GPU[0]		: mclk clock level: 0: (167Mhz)
GPU[0]		: sclk clock level: 0: (852Mhz)
GPU[0]		: socclk clock level: 0: (600Mhz)
GPU[1]		: mclk clock level: 3: (1333Mhz)
GPU[1]		: sclk clock level: 0: (200Mhz)
==========================================================================================
=================================== Power Consumption ====================================
GPU[0]		: Current Socket Graphics Package Power (W): 7.0
energy_count_secondary_die_check, Unexpected data received
==========================================================================================
=================================== % time GPU is busy ===================================
GPU[0]		: GPU use (%): 0
GPU[1]		: GPU use (%): 0
==========================================================================================
=================================== Current Memory Use ===================================
GPU[0]		: GPU Memory Allocated (VRAM%): 0
GPU[0]		: Memory Activity: N/A
GPU[0]		: Not supported on the given system
GPU[1]		: GPU Memory Allocated (VRAM%): 1
GPU[1]		: Memory Activity: N/A
GPU[1]		: Not supported on the given system
==========================================================================================
================================== End of ROCm SMI Log ===================================

===== 2026-03-20T19:43:21+09:00 =====


============================ ROCm System Management Interface ============================
====================================== Temperature =======================================
GPU[0]		: Temperature (Sensor edge) (C): 25.0
GPU[0]		: Temperature (Sensor junction) (C): 26.0
GPU[0]		: Temperature (Sensor memory) (C): 26.0
GPU[1]		: Temperature (Sensor edge) (C): 55.0
==========================================================================================
=============================== Current clock frequencies ================================
GPU[0]		: mclk clock level: 0: (167Mhz)
GPU[0]		: sclk clock level: 0: (852Mhz)
GPU[0]		: socclk clock level: 0: (600Mhz)
GPU[1]		: mclk clock level: 3: (1333Mhz)
GPU[1]		: sclk clock level: 0: (200Mhz)
==========================================================================================
=================================== Power Consumption ====================================
GPU[0]		: Current Socket Graphics Package Power (W): 8.0
energy_count_secondary_die_check, Unexpected data received
==========================================================================================
=================================== % time GPU is busy ===================================
GPU[0]		: GPU use (%): 0
GPU[1]		: GPU use (%): 0
==========================================================================================
=================================== Current Memory Use ===================================
GPU[0]		: GPU Memory Allocated (VRAM%): 0
GPU[0]		: Memory Activity: N/A
GPU[0]		: Not supported on the given system
GPU[1]		: GPU Memory Allocated (VRAM%): 1
GPU[1]		: Memory Activity: N/A
GPU[1]		: Not supported on the given system
==========================================================================================
================================== End of ROCm SMI Log ===================================

===== 2026-03-20T19:43:22+09:00 =====


============================ ROCm System Management Interface ============================
====================================== Temperature =======================================
GPU[0]		: Temperature (Sensor edge) (C): 25.0
GPU[0]		: Temperature (Sensor junction) (C): 26.0
GPU[0]		: Temperature (Sensor memory) (C): 26.0
GPU[1]		: Temperature (Sensor edge) (C): 55.0
==========================================================================================
=============================== Current clock frequencies ================================
GPU[0]		: mclk clock level: 0: (167Mhz)
GPU[0]		: sclk clock level: 0: (852Mhz)
GPU[0]		: socclk clock level: 0: (600Mhz)
GPU[1]		: mclk clock level: 3: (1333Mhz)
GPU[1]		: sclk clock level: 0: (200Mhz)
==========================================================================================
=================================== Power Consumption ====================================
GPU[0]		: Current Socket Graphics Package Power (W): 7.0
energy_count_secondary_die_check, Unexpected data received
==========================================================================================
=================================== % time GPU is busy ===================================
GPU[0]		: GPU use (%): 0
GPU[1]		: GPU use (%): 0
==========================================================================================
=================================== Current Memory Use ===================================
GPU[0]		: GPU Memory Allocated (VRAM%): 0
GPU[0]		: Memory Activity: N/A
GPU[0]		: Not supported on the given system
GPU[1]		: GPU Memory Allocated (VRAM%): 1
GPU[1]		: Memory Activity: N/A
GPU[1]		: Not supported on the given system
==========================================================================================
================================== End of ROCm SMI Log ===================================

===== 2026-03-20T19:43:23+09:00 =====


============================ ROCm System Management Interface ============================
====================================== Temperature =======================================
GPU[0]		: Temperature (Sensor edge) (C): 25.0
GPU[0]		: Temperature (Sensor junction) (C): 26.0
GPU[0]		: Temperature (Sensor memory) (C): 26.0
GPU[1]		: Temperature (Sensor edge) (C): 55.0
==========================================================================================
=============================== Current clock frequencies ================================
GPU[0]		: mclk clock level: 0: (167Mhz)
GPU[0]		: sclk clock level: 0: (852Mhz)
GPU[0]		: socclk clock level: 0: (600Mhz)
GPU[1]		: mclk clock level: 3: (1333Mhz)
GPU[1]		: sclk clock level: 0: (200Mhz)
==========================================================================================
=================================== Power Consumption ====================================
GPU[0]		: Current Socket Graphics Package Power (W): 8.0
energy_count_secondary_die_check, Unexpected data received
==========================================================================================
=================================== % time GPU is busy ===================================
GPU[0]		: GPU use (%): 0
GPU[1]		: GPU use (%): 0
==========================================================================================
=================================== Current Memory Use ===================================
GPU[0]		: GPU Memory Allocated (VRAM%): 0
GPU[0]		: Memory Activity: N/A
GPU[0]		: Not supported on the given system
GPU[1]		: GPU Memory Allocated (VRAM%): 1
GPU[1]		: Memory Activity: N/A
GPU[1]		: Not supported on the given system
==========================================================================================
================================== End of ROCm SMI Log ===================================

===== 2026-03-20T19:43:24+09:00 =====


============================ ROCm System Management Interface ============================
====================================== Temperature =======================================
GPU[0]		: Temperature (Sensor edge) (C): 25.0
GPU[0]		: Temperature (Sensor junction) (C): 26.0
GPU[0]		: Temperature (Sensor memory) (C): 26.0
GPU[1]		: Temperature (Sensor edge) (C): 55.0
==========================================================================================
=============================== Current clock frequencies ================================
GPU[0]		: mclk clock level: 0: (167Mhz)
GPU[0]		: sclk clock level: 0: (852Mhz)
GPU[0]		: socclk clock level: 0: (600Mhz)
GPU[1]		: mclk clock level: 3: (1333Mhz)
GPU[1]		: sclk clock level: 0: (200Mhz)
==========================================================================================
=================================== Power Consumption ====================================
GPU[0]		: Current Socket Graphics Package Power (W): 7.0
energy_count_secondary_die_check, Unexpected data received
==========================================================================================
=================================== % time GPU is busy ===================================
GPU[0]		: GPU use (%): 0
GPU[1]		: GPU use (%): 0
==========================================================================================
=================================== Current Memory Use ===================================
GPU[0]		: GPU Memory Allocated (VRAM%): 0
GPU[0]		: Memory Activity: N/A
GPU[0]		: Not supported on the given system
GPU[1]		: GPU Memory Allocated (VRAM%): 1
GPU[1]		: Memory Activity: N/A
GPU[1]		: Not supported on the given system
==========================================================================================
================================== End of ROCm SMI Log ===================================

===== 2026-03-20T19:43:25+09:00 =====


============================ ROCm System Management Interface ============================
====================================== Temperature =======================================
GPU[0]		: Temperature (Sensor edge) (C): 25.0
GPU[0]		: Temperature (Sensor junction) (C): 26.0
GPU[0]		: Temperature (Sensor memory) (C): 26.0
GPU[1]		: Temperature (Sensor edge) (C): 55.0
==========================================================================================
=============================== Current clock frequencies ================================
GPU[0]		: mclk clock level: 0: (167Mhz)
GPU[0]		: sclk clock level: 0: (852Mhz)
GPU[0]		: socclk clock level: 0: (600Mhz)
GPU[1]		: mclk clock level: 3: (1333Mhz)
GPU[1]		: sclk clock level: 0: (200Mhz)
==========================================================================================
=================================== Power Consumption ====================================
GPU[0]		: Current Socket Graphics Package Power (W): 7.0
energy_count_secondary_die_check, Unexpected data received
==========================================================================================
=================================== % time GPU is busy ===================================
GPU[0]		: GPU use (%): 0
GPU[1]		: GPU use (%): 0
==========================================================================================
=================================== Current Memory Use ===================================
GPU[0]		: GPU Memory Allocated (VRAM%): 0
GPU[0]		: Memory Activity: N/A
GPU[0]		: Not supported on the given system
GPU[1]		: GPU Memory Allocated (VRAM%): 1
GPU[1]		: Memory Activity: N/A
GPU[1]		: Not supported on the given system
==========================================================================================
================================== End of ROCm SMI Log ===================================

===== 2026-03-20T19:43:27+09:00 =====


============================ ROCm System Management Interface ============================
====================================== Temperature =======================================
GPU[0]		: Temperature (Sensor edge) (C): 25.0
GPU[0]		: Temperature (Sensor junction) (C): 26.0
GPU[0]		: Temperature (Sensor memory) (C): 26.0
GPU[1]		: Temperature (Sensor edge) (C): 55.0
==========================================================================================
=============================== Current clock frequencies ================================
GPU[0]		: mclk clock level: 0: (167Mhz)
GPU[0]		: sclk clock level: 0: (852Mhz)
GPU[0]		: socclk clock level: 0: (600Mhz)
GPU[1]		: mclk clock level: 3: (1333Mhz)
GPU[1]		: sclk clock level: 0: (200Mhz)
==========================================================================================
=================================== Power Consumption ====================================
GPU[0]		: Current Socket Graphics Package Power (W): 7.0
energy_count_secondary_die_check, Unexpected data received
==========================================================================================
=================================== % time GPU is busy ===================================
GPU[0]		: GPU use (%): 0
GPU[1]		: GPU use (%): 0
==========================================================================================
=================================== Current Memory Use ===================================
GPU[0]		: GPU Memory Allocated (VRAM%): 0
GPU[0]		: Memory Activity: N/A
GPU[0]		: Not supported on the given system
GPU[1]		: GPU Memory Allocated (VRAM%): 1
GPU[1]		: Memory Activity: N/A
GPU[1]		: Not supported on the given system
==========================================================================================
================================== End of ROCm SMI Log ===================================

===== 2026-03-20T19:43:28+09:00 =====


============================ ROCm System Management Interface ============================
====================================== Temperature =======================================
GPU[0]		: Temperature (Sensor edge) (C): 25.0
GPU[0]		: Temperature (Sensor junction) (C): 26.0
GPU[0]		: Temperature (Sensor memory) (C): 26.0
GPU[1]		: Temperature (Sensor edge) (C): 55.0
==========================================================================================
=============================== Current clock frequencies ================================
GPU[0]		: mclk clock level: 0: (167Mhz)
GPU[0]		: sclk clock level: 0: (852Mhz)
GPU[0]		: socclk clock level: 0: (600Mhz)
GPU[1]		: mclk clock level: 3: (1333Mhz)
GPU[1]		: sclk clock level: 0: (200Mhz)
==========================================================================================
=================================== Power Consumption ====================================
GPU[0]		: Current Socket Graphics Package Power (W): 8.0
energy_count_secondary_die_check, Unexpected data received
==========================================================================================
=================================== % time GPU is busy ===================================
GPU[0]		: GPU use (%): 0
GPU[1]		: GPU use (%): 0
==========================================================================================
=================================== Current Memory Use ===================================
GPU[0]		: GPU Memory Allocated (VRAM%): 0
GPU[0]		: Memory Activity: N/A
GPU[0]		: Not supported on the given system
GPU[1]		: GPU Memory Allocated (VRAM%): 1
GPU[1]		: Memory Activity: N/A
GPU[1]		: Not supported on the given system
==========================================================================================
================================== End of ROCm SMI Log ===================================

===== 2026-03-20T19:43:29+09:00 =====


============================ ROCm System Management Interface ============================
====================================== Temperature =======================================
GPU[0]		: Temperature (Sensor edge) (C): 25.0
GPU[0]		: Temperature (Sensor junction) (C): 26.0
GPU[0]		: Temperature (Sensor memory) (C): 26.0
GPU[1]		: Temperature (Sensor edge) (C): 54.0
==========================================================================================
=============================== Current clock frequencies ================================
GPU[0]		: mclk clock level: 0: (167Mhz)
GPU[0]		: sclk clock level: 0: (852Mhz)
GPU[0]		: socclk clock level: 0: (600Mhz)
GPU[1]		: mclk clock level: 3: (1333Mhz)
GPU[1]		: sclk clock level: 0: (200Mhz)
==========================================================================================
=================================== Power Consumption ====================================
GPU[0]		: Current Socket Graphics Package Power (W): 8.0
energy_count_secondary_die_check, Unexpected data received
==========================================================================================
=================================== % time GPU is busy ===================================
GPU[0]		: GPU use (%): 0
GPU[1]		: GPU use (%): 0
==========================================================================================
=================================== Current Memory Use ===================================
GPU[0]		: GPU Memory Allocated (VRAM%): 0
GPU[0]		: Memory Activity: N/A
GPU[0]		: Not supported on the given system
GPU[1]		: GPU Memory Allocated (VRAM%): 1
GPU[1]		: Memory Activity: N/A
GPU[1]		: Not supported on the given system
==========================================================================================
================================== End of ROCm SMI Log ===================================

===== 2026-03-20T19:43:30+09:00 =====


============================ ROCm System Management Interface ============================
====================================== Temperature =======================================
GPU[0]		: Temperature (Sensor edge) (C): 25.0
GPU[0]		: Temperature (Sensor junction) (C): 26.0
GPU[0]		: Temperature (Sensor memory) (C): 26.0
GPU[1]		: Temperature (Sensor edge) (C): 54.0
==========================================================================================
=============================== Current clock frequencies ================================
GPU[0]		: mclk clock level: 0: (167Mhz)
GPU[0]		: sclk clock level: 0: (852Mhz)
GPU[0]		: socclk clock level: 0: (600Mhz)
GPU[1]		: mclk clock level: 3: (1333Mhz)
GPU[1]		: sclk clock level: 0: (200Mhz)
==========================================================================================
=================================== Power Consumption ====================================
GPU[0]		: Current Socket Graphics Package Power (W): 7.0
energy_count_secondary_die_check, Unexpected data received
==========================================================================================
=================================== % time GPU is busy ===================================
GPU[0]		: GPU use (%): 0
GPU[1]		: GPU use (%): 0
==========================================================================================
=================================== Current Memory Use ===================================
GPU[0]		: GPU Memory Allocated (VRAM%): 0
GPU[0]		: Memory Activity: N/A
GPU[0]		: Not supported on the given system
GPU[1]		: GPU Memory Allocated (VRAM%): 1
GPU[1]		: Memory Activity: N/A
GPU[1]		: Not supported on the given system
==========================================================================================
================================== End of ROCm SMI Log ===================================

===== 2026-03-20T19:43:31+09:00 =====


============================ ROCm System Management Interface ============================
====================================== Temperature =======================================
GPU[0]		: Temperature (Sensor edge) (C): 25.0
GPU[0]		: Temperature (Sensor junction) (C): 26.0
GPU[0]		: Temperature (Sensor memory) (C): 26.0
GPU[1]		: Temperature (Sensor edge) (C): 54.0
==========================================================================================
=============================== Current clock frequencies ================================
GPU[0]		: mclk clock level: 0: (167Mhz)
GPU[0]		: sclk clock level: 0: (852Mhz)
GPU[0]		: socclk clock level: 0: (600Mhz)
GPU[1]		: mclk clock level: 3: (1333Mhz)
GPU[1]		: sclk clock level: 0: (200Mhz)
==========================================================================================
=================================== Power Consumption ====================================
GPU[0]		: Current Socket Graphics Package Power (W): 7.0
energy_count_secondary_die_check, Unexpected data received
==========================================================================================
=================================== % time GPU is busy ===================================
GPU[0]		: GPU use (%): 0
GPU[1]		: GPU use (%): 0
==========================================================================================
=================================== Current Memory Use ===================================
GPU[0]		: GPU Memory Allocated (VRAM%): 0
GPU[0]		: Memory Activity: N/A
GPU[0]		: Not supported on the given system
GPU[1]		: GPU Memory Allocated (VRAM%): 1
GPU[1]		: Memory Activity: N/A
GPU[1]		: Not supported on the given system
==========================================================================================
================================== End of ROCm SMI Log ===================================

===== 2026-03-20T19:43:32+09:00 =====


============================ ROCm System Management Interface ============================
====================================== Temperature =======================================
GPU[0]		: Temperature (Sensor edge) (C): 25.0
GPU[0]		: Temperature (Sensor junction) (C): 26.0
GPU[0]		: Temperature (Sensor memory) (C): 26.0
GPU[1]		: Temperature (Sensor edge) (C): 64.0
==========================================================================================
=============================== Current clock frequencies ================================
GPU[0]		: mclk clock level: 0: (167Mhz)
GPU[0]		: sclk clock level: 0: (852Mhz)
GPU[0]		: socclk clock level: 0: (600Mhz)
GPU[1]		: mclk clock level: 3: (1333Mhz)
GPU[1]		: sclk clock level: 0: (200Mhz)
==========================================================================================
=================================== Power Consumption ====================================
GPU[0]		: Current Socket Graphics Package Power (W): 8.0
energy_count_secondary_die_check, Unexpected data received
==========================================================================================
=================================== % time GPU is busy ===================================
GPU[0]		: GPU use (%): 0
GPU[1]		: GPU use (%): 0
==========================================================================================
=================================== Current Memory Use ===================================
GPU[0]		: GPU Memory Allocated (VRAM%): 0
GPU[0]		: Memory Activity: N/A
GPU[0]		: Not supported on the given system
GPU[1]		: GPU Memory Allocated (VRAM%): 1
GPU[1]		: Memory Activity: N/A
GPU[1]		: Not supported on the given system
==========================================================================================
================================== End of ROCm SMI Log ===================================

===== 2026-03-20T19:43:34+09:00 =====


============================ ROCm System Management Interface ============================
====================================== Temperature =======================================
GPU[0]		: Temperature (Sensor edge) (C): 25.0
GPU[0]		: Temperature (Sensor junction) (C): 26.0
GPU[0]		: Temperature (Sensor memory) (C): 26.0
GPU[1]		: Temperature (Sensor edge) (C): 62.0
==========================================================================================
=============================== Current clock frequencies ================================
GPU[0]		: mclk clock level: 0: (167Mhz)
GPU[0]		: sclk clock level: 0: (852Mhz)
GPU[0]		: socclk clock level: 0: (600Mhz)
GPU[1]		: mclk clock level: 3: (1333Mhz)
GPU[1]		: sclk clock level: 0: (200Mhz)
==========================================================================================
=================================== Power Consumption ====================================
GPU[0]		: Current Socket Graphics Package Power (W): 7.0
energy_count_secondary_die_check, Unexpected data received
==========================================================================================
=================================== % time GPU is busy ===================================
GPU[0]		: GPU use (%): 0
GPU[1]		: GPU use (%): 0
==========================================================================================
=================================== Current Memory Use ===================================
GPU[0]		: GPU Memory Allocated (VRAM%): 0
GPU[0]		: Memory Activity: N/A
GPU[0]		: Not supported on the given system
GPU[1]		: GPU Memory Allocated (VRAM%): 1
GPU[1]		: Memory Activity: N/A
GPU[1]		: Not supported on the given system
==========================================================================================
================================== End of ROCm SMI Log ===================================

===== 2026-03-20T19:43:35+09:00 =====


============================ ROCm System Management Interface ============================
====================================== Temperature =======================================
GPU[0]		: Temperature (Sensor edge) (C): 25.0
GPU[0]		: Temperature (Sensor junction) (C): 26.0
GPU[0]		: Temperature (Sensor memory) (C): 26.0
GPU[1]		: Temperature (Sensor edge) (C): 60.0
==========================================================================================
=============================== Current clock frequencies ================================
GPU[0]		: mclk clock level: 0: (167Mhz)
GPU[0]		: sclk clock level: 0: (852Mhz)
GPU[0]		: socclk clock level: 0: (600Mhz)
GPU[1]		: mclk clock level: 3: (1333Mhz)
GPU[1]		: sclk clock level: 0: (200Mhz)
==========================================================================================
=================================== Power Consumption ====================================
GPU[0]		: Current Socket Graphics Package Power (W): 8.0
energy_count_secondary_die_check, Unexpected data received
==========================================================================================
=================================== % time GPU is busy ===================================
GPU[0]		: GPU use (%): 0
GPU[1]		: GPU use (%): 0
==========================================================================================
=================================== Current Memory Use ===================================
GPU[0]		: GPU Memory Allocated (VRAM%): 0
GPU[0]		: Memory Activity: N/A
GPU[0]		: Not supported on the given system
GPU[1]		: GPU Memory Allocated (VRAM%): 1
GPU[1]		: Memory Activity: N/A
GPU[1]		: Not supported on the given system
==========================================================================================
================================== End of ROCm SMI Log ===================================

===== 2026-03-20T19:43:36+09:00 =====


============================ ROCm System Management Interface ============================
====================================== Temperature =======================================
GPU[0]		: Temperature (Sensor edge) (C): 25.0
GPU[0]		: Temperature (Sensor junction) (C): 26.0
GPU[0]		: Temperature (Sensor memory) (C): 26.0
GPU[1]		: Temperature (Sensor edge) (C): 59.0
==========================================================================================
=============================== Current clock frequencies ================================
GPU[0]		: mclk clock level: 0: (167Mhz)
GPU[0]		: sclk clock level: 0: (852Mhz)
GPU[0]		: socclk clock level: 0: (600Mhz)
GPU[1]		: mclk clock level: 3: (1333Mhz)
GPU[1]		: sclk clock level: 0: (200Mhz)
==========================================================================================
=================================== Power Consumption ====================================
GPU[0]		: Current Socket Graphics Package Power (W): 7.0
energy_count_secondary_die_check, Unexpected data received
==========================================================================================
=================================== % time GPU is busy ===================================
GPU[0]		: GPU use (%): 0
GPU[1]		: GPU use (%): 0
==========================================================================================
=================================== Current Memory Use ===================================
GPU[0]		: GPU Memory Allocated (VRAM%): 0
GPU[0]		: Memory Activity: N/A
GPU[0]		: Not supported on the given system
GPU[1]		: GPU Memory Allocated (VRAM%): 1
GPU[1]		: Memory Activity: N/A
GPU[1]		: Not supported on the given system
==========================================================================================
================================== End of ROCm SMI Log ===================================

===== 2026-03-20T19:43:37+09:00 =====


============================ ROCm System Management Interface ============================
====================================== Temperature =======================================
GPU[0]		: Temperature (Sensor edge) (C): 25.0
GPU[0]		: Temperature (Sensor junction) (C): 26.0
GPU[0]		: Temperature (Sensor memory) (C): 26.0
GPU[1]		: Temperature (Sensor edge) (C): 58.0
==========================================================================================
=============================== Current clock frequencies ================================
GPU[0]		: mclk clock level: 0: (167Mhz)
GPU[0]		: sclk clock level: 0: (852Mhz)
GPU[0]		: socclk clock level: 0: (600Mhz)
GPU[1]		: mclk clock level: 3: (1333Mhz)
GPU[1]		: sclk clock level: 0: (200Mhz)
==========================================================================================
=================================== Power Consumption ====================================
GPU[0]		: Current Socket Graphics Package Power (W): 7.0
energy_count_secondary_die_check, Unexpected data received
==========================================================================================
=================================== % time GPU is busy ===================================
GPU[0]		: GPU use (%): 0
GPU[1]		: GPU use (%): 0
==========================================================================================
=================================== Current Memory Use ===================================
GPU[0]		: GPU Memory Allocated (VRAM%): 0
GPU[0]		: Memory Activity: N/A
GPU[0]		: Not supported on the given system
GPU[1]		: GPU Memory Allocated (VRAM%): 1
GPU[1]		: Memory Activity: N/A
GPU[1]		: Not supported on the given system
==========================================================================================
================================== End of ROCm SMI Log ===================================

===== 2026-03-20T19:43:38+09:00 =====


============================ ROCm System Management Interface ============================
====================================== Temperature =======================================
GPU[0]		: Temperature (Sensor edge) (C): 25.0
GPU[0]		: Temperature (Sensor junction) (C): 26.0
GPU[0]		: Temperature (Sensor memory) (C): 26.0
GPU[1]		: Temperature (Sensor edge) (C): 57.0
==========================================================================================
=============================== Current clock frequencies ================================
GPU[0]		: mclk clock level: 0: (167Mhz)
GPU[0]		: sclk clock level: 0: (852Mhz)
GPU[0]		: socclk clock level: 0: (600Mhz)
GPU[1]		: mclk clock level: 3: (1333Mhz)
GPU[1]		: sclk clock level: 0: (200Mhz)
==========================================================================================
=================================== Power Consumption ====================================
GPU[0]		: Current Socket Graphics Package Power (W): 7.0
energy_count_secondary_die_check, Unexpected data received
==========================================================================================
=================================== % time GPU is busy ===================================
GPU[0]		: GPU use (%): 0
GPU[1]		: GPU use (%): 0
==========================================================================================
=================================== Current Memory Use ===================================
GPU[0]		: GPU Memory Allocated (VRAM%): 0
GPU[0]		: Memory Activity: N/A
GPU[0]		: Not supported on the given system
GPU[1]		: GPU Memory Allocated (VRAM%): 1
GPU[1]		: Memory Activity: N/A
GPU[1]		: Not supported on the given system
==========================================================================================
================================== End of ROCm SMI Log ===================================

===== 2026-03-20T19:43:39+09:00 =====


============================ ROCm System Management Interface ============================
====================================== Temperature =======================================
GPU[0]		: Temperature (Sensor edge) (C): 25.0
GPU[0]		: Temperature (Sensor junction) (C): 26.0
GPU[0]		: Temperature (Sensor memory) (C): 26.0
GPU[1]		: Temperature (Sensor edge) (C): 57.0
==========================================================================================
=============================== Current clock frequencies ================================
GPU[0]		: mclk clock level: 0: (167Mhz)
GPU[0]		: sclk clock level: 0: (852Mhz)
GPU[0]		: socclk clock level: 0: (600Mhz)
GPU[1]		: mclk clock level: 3: (1333Mhz)
GPU[1]		: sclk clock level: 0: (200Mhz)
==========================================================================================
=================================== Power Consumption ====================================
GPU[0]		: Current Socket Graphics Package Power (W): 7.0
energy_count_secondary_die_check, Unexpected data received
==========================================================================================
=================================== % time GPU is busy ===================================
GPU[0]		: GPU use (%): 0
GPU[1]		: GPU use (%): 0
==========================================================================================
=================================== Current Memory Use ===================================
GPU[0]		: GPU Memory Allocated (VRAM%): 0
GPU[0]		: Memory Activity: N/A
GPU[0]		: Not supported on the given system
GPU[1]		: GPU Memory Allocated (VRAM%): 1
GPU[1]		: Memory Activity: N/A
GPU[1]		: Not supported on the given system
==========================================================================================
================================== End of ROCm SMI Log ===================================

===== 2026-03-20T19:43:41+09:00 =====


============================ ROCm System Management Interface ============================
====================================== Temperature =======================================
GPU[0]		: Temperature (Sensor edge) (C): 25.0
GPU[0]		: Temperature (Sensor junction) (C): 26.0
GPU[0]		: Temperature (Sensor memory) (C): 26.0
GPU[1]		: Temperature (Sensor edge) (C): 56.0
==========================================================================================
=============================== Current clock frequencies ================================
GPU[0]		: mclk clock level: 0: (167Mhz)
GPU[0]		: sclk clock level: 0: (852Mhz)
GPU[0]		: socclk clock level: 0: (600Mhz)
GPU[1]		: mclk clock level: 3: (1333Mhz)
GPU[1]		: sclk clock level: 0: (200Mhz)
==========================================================================================
=================================== Power Consumption ====================================
GPU[0]		: Current Socket Graphics Package Power (W): 8.0
energy_count_secondary_die_check, Unexpected data received
==========================================================================================
=================================== % time GPU is busy ===================================
GPU[0]		: GPU use (%): 0
GPU[1]		: GPU use (%): 0
==========================================================================================
=================================== Current Memory Use ===================================
GPU[0]		: GPU Memory Allocated (VRAM%): 0
GPU[0]		: Memory Activity: N/A
GPU[0]		: Not supported on the given system
GPU[1]		: GPU Memory Allocated (VRAM%): 1
GPU[1]		: Memory Activity: N/A
GPU[1]		: Not supported on the given system
==========================================================================================
================================== End of ROCm SMI Log ===================================

===== 2026-03-20T19:43:42+09:00 =====


============================ ROCm System Management Interface ============================
====================================== Temperature =======================================
GPU[0]		: Temperature (Sensor edge) (C): 25.0
GPU[0]		: Temperature (Sensor junction) (C): 26.0
GPU[0]		: Temperature (Sensor memory) (C): 26.0
GPU[1]		: Temperature (Sensor edge) (C): 55.0
==========================================================================================
=============================== Current clock frequencies ================================
GPU[0]		: mclk clock level: 0: (167Mhz)
GPU[0]		: sclk clock level: 0: (852Mhz)
GPU[0]		: socclk clock level: 0: (600Mhz)
GPU[1]		: mclk clock level: 3: (1333Mhz)
GPU[1]		: sclk clock level: 0: (200Mhz)
==========================================================================================
=================================== Power Consumption ====================================
GPU[0]		: Current Socket Graphics Package Power (W): 7.0
energy_count_secondary_die_check, Unexpected data received
==========================================================================================
=================================== % time GPU is busy ===================================
GPU[0]		: GPU use (%): 0
GPU[1]		: GPU use (%): 0
==========================================================================================
=================================== Current Memory Use ===================================
GPU[0]		: GPU Memory Allocated (VRAM%): 0
GPU[0]		: Memory Activity: N/A
GPU[0]		: Not supported on the given system
GPU[1]		: GPU Memory Allocated (VRAM%): 1
GPU[1]		: Memory Activity: N/A
GPU[1]		: Not supported on the given system
==========================================================================================
================================== End of ROCm SMI Log ===================================

===== 2026-03-20T19:43:43+09:00 =====


============================ ROCm System Management Interface ============================
====================================== Temperature =======================================
GPU[0]		: Temperature (Sensor edge) (C): 25.0
GPU[0]		: Temperature (Sensor junction) (C): 26.0
GPU[0]		: Temperature (Sensor memory) (C): 26.0
GPU[1]		: Temperature (Sensor edge) (C): 55.0
==========================================================================================
=============================== Current clock frequencies ================================
GPU[0]		: mclk clock level: 0: (167Mhz)
GPU[0]		: sclk clock level: 0: (852Mhz)
GPU[0]		: socclk clock level: 0: (600Mhz)
GPU[1]		: mclk clock level: 3: (1333Mhz)
GPU[1]		: sclk clock level: 0: (200Mhz)
==========================================================================================
=================================== Power Consumption ====================================
GPU[0]		: Current Socket Graphics Package Power (W): 8.0
energy_count_secondary_die_check, Unexpected data received
==========================================================================================
=================================== % time GPU is busy ===================================
GPU[0]		: GPU use (%): 0
GPU[1]		: GPU use (%): 0
==========================================================================================
=================================== Current Memory Use ===================================
GPU[0]		: GPU Memory Allocated (VRAM%): 0
GPU[0]		: Memory Activity: N/A
GPU[0]		: Not supported on the given system
GPU[1]		: GPU Memory Allocated (VRAM%): 1
GPU[1]		: Memory Activity: N/A
GPU[1]		: Not supported on the given system
==========================================================================================
================================== End of ROCm SMI Log ===================================

===== 2026-03-20T19:43:44+09:00 =====


============================ ROCm System Management Interface ============================
====================================== Temperature =======================================
GPU[0]		: Temperature (Sensor edge) (C): 25.0
GPU[0]		: Temperature (Sensor junction) (C): 26.0
GPU[0]		: Temperature (Sensor memory) (C): 26.0
GPU[1]		: Temperature (Sensor edge) (C): 55.0
==========================================================================================
=============================== Current clock frequencies ================================
GPU[0]		: mclk clock level: 0: (167Mhz)
GPU[0]		: sclk clock level: 0: (852Mhz)
GPU[0]		: socclk clock level: 0: (600Mhz)
GPU[1]		: mclk clock level: 3: (1333Mhz)
GPU[1]		: sclk clock level: 0: (200Mhz)
==========================================================================================
=================================== Power Consumption ====================================
GPU[0]		: Current Socket Graphics Package Power (W): 7.0
energy_count_secondary_die_check, Unexpected data received
==========================================================================================
=================================== % time GPU is busy ===================================
GPU[0]		: GPU use (%): 0
GPU[1]		: GPU use (%): 0
==========================================================================================
=================================== Current Memory Use ===================================
GPU[0]		: GPU Memory Allocated (VRAM%): 0
GPU[0]		: Memory Activity: N/A
GPU[0]		: Not supported on the given system
GPU[1]		: GPU Memory Allocated (VRAM%): 1
GPU[1]		: Memory Activity: N/A
GPU[1]		: Not supported on the given system
==========================================================================================
================================== End of ROCm SMI Log ===================================

===== 2026-03-20T19:43:45+09:00 =====


============================ ROCm System Management Interface ============================
====================================== Temperature =======================================
GPU[0]		: Temperature (Sensor edge) (C): 25.0
GPU[0]		: Temperature (Sensor junction) (C): 26.0
GPU[0]		: Temperature (Sensor memory) (C): 26.0
GPU[1]		: Temperature (Sensor edge) (C): 55.0
==========================================================================================
=============================== Current clock frequencies ================================
GPU[0]		: mclk clock level: 0: (167Mhz)
GPU[0]		: sclk clock level: 0: (852Mhz)
GPU[0]		: socclk clock level: 0: (600Mhz)
GPU[1]		: mclk clock level: 3: (1333Mhz)
GPU[1]		: sclk clock level: 0: (200Mhz)
==========================================================================================
=================================== Power Consumption ====================================
GPU[0]		: Current Socket Graphics Package Power (W): 8.0
energy_count_secondary_die_check, Unexpected data received
==========================================================================================
=================================== % time GPU is busy ===================================
GPU[0]		: GPU use (%): 0
GPU[1]		: GPU use (%): 0
==========================================================================================
=================================== Current Memory Use ===================================
GPU[0]		: GPU Memory Allocated (VRAM%): 0
GPU[0]		: Memory Activity: N/A
GPU[0]		: Not supported on the given system
GPU[1]		: GPU Memory Allocated (VRAM%): 1
GPU[1]		: Memory Activity: N/A
GPU[1]		: Not supported on the given system
==========================================================================================
================================== End of ROCm SMI Log ===================================

===== 2026-03-20T19:43:47+09:00 =====


============================ ROCm System Management Interface ============================
====================================== Temperature =======================================
GPU[0]		: Temperature (Sensor edge) (C): 25.0
GPU[0]		: Temperature (Sensor junction) (C): 26.0
GPU[0]		: Temperature (Sensor memory) (C): 26.0
GPU[1]		: Temperature (Sensor edge) (C): 55.0
==========================================================================================
=============================== Current clock frequencies ================================
GPU[0]		: mclk clock level: 0: (167Mhz)
GPU[0]		: sclk clock level: 0: (852Mhz)
GPU[0]		: socclk clock level: 0: (600Mhz)
GPU[1]		: mclk clock level: 3: (1333Mhz)
GPU[1]		: sclk clock level: 0: (200Mhz)
==========================================================================================
=================================== Power Consumption ====================================
GPU[0]		: Current Socket Graphics Package Power (W): 7.0
energy_count_secondary_die_check, Unexpected data received
==========================================================================================
=================================== % time GPU is busy ===================================
GPU[0]		: GPU use (%): 0
GPU[1]		: GPU use (%): 0
==========================================================================================
=================================== Current Memory Use ===================================
GPU[0]		: GPU Memory Allocated (VRAM%): 0
GPU[0]		: Memory Activity: N/A
GPU[0]		: Not supported on the given system
GPU[1]		: GPU Memory Allocated (VRAM%): 1
GPU[1]		: Memory Activity: N/A
GPU[1]		: Not supported on the given system
==========================================================================================
================================== End of ROCm SMI Log ===================================

===== 2026-03-20T19:43:48+09:00 =====


============================ ROCm System Management Interface ============================
====================================== Temperature =======================================
GPU[0]		: Temperature (Sensor edge) (C): 25.0
GPU[0]		: Temperature (Sensor junction) (C): 26.0
GPU[0]		: Temperature (Sensor memory) (C): 26.0
GPU[1]		: Temperature (Sensor edge) (C): 55.0
==========================================================================================
=============================== Current clock frequencies ================================
GPU[0]		: mclk clock level: 0: (167Mhz)
GPU[0]		: sclk clock level: 0: (852Mhz)
GPU[0]		: socclk clock level: 0: (600Mhz)
GPU[1]		: mclk clock level: 3: (1333Mhz)
GPU[1]		: sclk clock level: 0: (200Mhz)
==========================================================================================
=================================== Power Consumption ====================================
GPU[0]		: Current Socket Graphics Package Power (W): 7.0
energy_count_secondary_die_check, Unexpected data received
==========================================================================================
=================================== % time GPU is busy ===================================
GPU[0]		: GPU use (%): 0
GPU[1]		: GPU use (%): 0
==========================================================================================
=================================== Current Memory Use ===================================
GPU[0]		: GPU Memory Allocated (VRAM%): 0
GPU[0]		: Memory Activity: N/A
GPU[0]		: Not supported on the given system
GPU[1]		: GPU Memory Allocated (VRAM%): 1
GPU[1]		: Memory Activity: N/A
GPU[1]		: Not supported on the given system
==========================================================================================
================================== End of ROCm SMI Log ===================================

===== 2026-03-20T19:43:49+09:00 =====


============================ ROCm System Management Interface ============================
====================================== Temperature =======================================
GPU[0]		: Temperature (Sensor edge) (C): 25.0
GPU[0]		: Temperature (Sensor junction) (C): 26.0
GPU[0]		: Temperature (Sensor memory) (C): 26.0
GPU[1]		: Temperature (Sensor edge) (C): 55.0
==========================================================================================
=============================== Current clock frequencies ================================
GPU[0]		: mclk clock level: 0: (167Mhz)
GPU[0]		: sclk clock level: 0: (852Mhz)
GPU[0]		: socclk clock level: 0: (600Mhz)
GPU[1]		: mclk clock level: 3: (1333Mhz)
GPU[1]		: sclk clock level: 0: (200Mhz)
==========================================================================================
=================================== Power Consumption ====================================
GPU[0]		: Current Socket Graphics Package Power (W): 7.0
energy_count_secondary_die_check, Unexpected data received
==========================================================================================
=================================== % time GPU is busy ===================================
GPU[0]		: GPU use (%): 0
GPU[1]		: GPU use (%): 0
==========================================================================================
=================================== Current Memory Use ===================================
GPU[0]		: GPU Memory Allocated (VRAM%): 0
GPU[0]		: Memory Activity: N/A
GPU[0]		: Not supported on the given system
GPU[1]		: GPU Memory Allocated (VRAM%): 1
GPU[1]		: Memory Activity: N/A
GPU[1]		: Not supported on the given system
==========================================================================================
================================== End of ROCm SMI Log ===================================

===== 2026-03-20T19:43:50+09:00 =====


============================ ROCm System Management Interface ============================
====================================== Temperature =======================================
GPU[0]		: Temperature (Sensor edge) (C): 25.0
GPU[0]		: Temperature (Sensor junction) (C): 26.0
GPU[0]		: Temperature (Sensor memory) (C): 26.0
GPU[1]		: Temperature (Sensor edge) (C): 54.0
==========================================================================================
=============================== Current clock frequencies ================================
GPU[0]		: mclk clock level: 0: (167Mhz)
GPU[0]		: sclk clock level: 0: (852Mhz)
GPU[0]		: socclk clock level: 0: (600Mhz)
GPU[1]		: mclk clock level: 3: (1333Mhz)
GPU[1]		: sclk clock level: 0: (200Mhz)
==========================================================================================
=================================== Power Consumption ====================================
GPU[0]		: Current Socket Graphics Package Power (W): 7.0
energy_count_secondary_die_check, Unexpected data received
==========================================================================================
=================================== % time GPU is busy ===================================
GPU[0]		: GPU use (%): 0
GPU[1]		: GPU use (%): 0
==========================================================================================
=================================== Current Memory Use ===================================
GPU[0]		: GPU Memory Allocated (VRAM%): 0
GPU[0]		: Memory Activity: N/A
GPU[0]		: Not supported on the given system
GPU[1]		: GPU Memory Allocated (VRAM%): 1
GPU[1]		: Memory Activity: N/A
GPU[1]		: Not supported on the given system
==========================================================================================
================================== End of ROCm SMI Log ===================================

===== 2026-03-20T19:43:51+09:00 =====


============================ ROCm System Management Interface ============================
====================================== Temperature =======================================
GPU[0]		: Temperature (Sensor edge) (C): 25.0
GPU[0]		: Temperature (Sensor junction) (C): 26.0
GPU[0]		: Temperature (Sensor memory) (C): 26.0
GPU[1]		: Temperature (Sensor edge) (C): 62.0
==========================================================================================
=============================== Current clock frequencies ================================
GPU[0]		: mclk clock level: 0: (167Mhz)
GPU[0]		: sclk clock level: 0: (852Mhz)
GPU[0]		: socclk clock level: 0: (600Mhz)
GPU[1]		: mclk clock level: 3: (1333Mhz)
GPU[1]		: sclk clock level: 0: (200Mhz)
==========================================================================================
=================================== Power Consumption ====================================
GPU[0]		: Current Socket Graphics Package Power (W): 7.0
energy_count_secondary_die_check, Unexpected data received
==========================================================================================
=================================== % time GPU is busy ===================================
GPU[0]		: GPU use (%): 0
GPU[1]		: GPU use (%): 0
==========================================================================================
=================================== Current Memory Use ===================================
GPU[0]		: GPU Memory Allocated (VRAM%): 0
GPU[0]		: Memory Activity: N/A
GPU[0]		: Not supported on the given system
GPU[1]		: GPU Memory Allocated (VRAM%): 1
GPU[1]		: Memory Activity: N/A
GPU[1]		: Not supported on the given system
==========================================================================================
================================== End of ROCm SMI Log ===================================

===== 2026-03-20T19:43:52+09:00 =====


============================ ROCm System Management Interface ============================
====================================== Temperature =======================================
GPU[0]		: Temperature (Sensor edge) (C): 25.0
GPU[0]		: Temperature (Sensor junction) (C): 26.0
GPU[0]		: Temperature (Sensor memory) (C): 26.0
GPU[1]		: Temperature (Sensor edge) (C): 60.0
==========================================================================================
=============================== Current clock frequencies ================================
GPU[0]		: mclk clock level: 0: (167Mhz)
GPU[0]		: sclk clock level: 0: (852Mhz)
GPU[0]		: socclk clock level: 0: (600Mhz)
GPU[1]		: mclk clock level: 3: (1333Mhz)
GPU[1]		: sclk clock level: 0: (200Mhz)
==========================================================================================
=================================== Power Consumption ====================================
GPU[0]		: Current Socket Graphics Package Power (W): 7.0
energy_count_secondary_die_check, Unexpected data received
==========================================================================================
=================================== % time GPU is busy ===================================
GPU[0]		: GPU use (%): 0
GPU[1]		: GPU use (%): 0
==========================================================================================
=================================== Current Memory Use ===================================
GPU[0]		: GPU Memory Allocated (VRAM%): 0
GPU[0]		: Memory Activity: N/A
GPU[0]		: Not supported on the given system
GPU[1]		: GPU Memory Allocated (VRAM%): 1
GPU[1]		: Memory Activity: N/A
GPU[1]		: Not supported on the given system
==========================================================================================
================================== End of ROCm SMI Log ===================================

===== 2026-03-20T19:43:54+09:00 =====


============================ ROCm System Management Interface ============================
====================================== Temperature =======================================
GPU[0]		: Temperature (Sensor edge) (C): 25.0
GPU[0]		: Temperature (Sensor junction) (C): 26.0
GPU[0]		: Temperature (Sensor memory) (C): 26.0
GPU[1]		: Temperature (Sensor edge) (C): 59.0
==========================================================================================
=============================== Current clock frequencies ================================
GPU[0]		: mclk clock level: 0: (167Mhz)
GPU[0]		: sclk clock level: 0: (852Mhz)
GPU[0]		: socclk clock level: 0: (600Mhz)
GPU[1]		: mclk clock level: 3: (1333Mhz)
GPU[1]		: sclk clock level: 0: (200Mhz)
==========================================================================================
=================================== Power Consumption ====================================
GPU[0]		: Current Socket Graphics Package Power (W): 6.0
energy_count_secondary_die_check, Unexpected data received
==========================================================================================
=================================== % time GPU is busy ===================================
GPU[0]		: GPU use (%): 0
GPU[1]		: GPU use (%): 0
==========================================================================================
=================================== Current Memory Use ===================================
GPU[0]		: GPU Memory Allocated (VRAM%): 0
GPU[0]		: Memory Activity: N/A
GPU[0]		: Not supported on the given system
GPU[1]		: GPU Memory Allocated (VRAM%): 1
GPU[1]		: Memory Activity: N/A
GPU[1]		: Not supported on the given system
==========================================================================================
================================== End of ROCm SMI Log ===================================

===== 2026-03-20T19:43:55+09:00 =====


============================ ROCm System Management Interface ============================
====================================== Temperature =======================================
GPU[0]		: Temperature (Sensor edge) (C): 25.0
GPU[0]		: Temperature (Sensor junction) (C): 26.0
GPU[0]		: Temperature (Sensor memory) (C): 26.0
GPU[1]		: Temperature (Sensor edge) (C): 57.0
==========================================================================================
=============================== Current clock frequencies ================================
GPU[0]		: mclk clock level: 0: (167Mhz)
GPU[0]		: sclk clock level: 0: (852Mhz)
GPU[0]		: socclk clock level: 0: (600Mhz)
GPU[1]		: mclk clock level: 3: (1333Mhz)
GPU[1]		: sclk clock level: 0: (200Mhz)
==========================================================================================
=================================== Power Consumption ====================================
GPU[0]		: Current Socket Graphics Package Power (W): 8.0
energy_count_secondary_die_check, Unexpected data received
==========================================================================================
=================================== % time GPU is busy ===================================
GPU[0]		: GPU use (%): 0
GPU[1]		: GPU use (%): 0
==========================================================================================
=================================== Current Memory Use ===================================
GPU[0]		: GPU Memory Allocated (VRAM%): 0
GPU[0]		: Memory Activity: N/A
GPU[0]		: Not supported on the given system
GPU[1]		: GPU Memory Allocated (VRAM%): 1
GPU[1]		: Memory Activity: N/A
GPU[1]		: Not supported on the given system
==========================================================================================
================================== End of ROCm SMI Log ===================================

===== 2026-03-20T19:43:56+09:00 =====


============================ ROCm System Management Interface ============================
====================================== Temperature =======================================
GPU[0]		: Temperature (Sensor edge) (C): 25.0
GPU[0]		: Temperature (Sensor junction) (C): 27.0
GPU[0]		: Temperature (Sensor memory) (C): 26.0
GPU[1]		: Temperature (Sensor edge) (C): 56.0
==========================================================================================
=============================== Current clock frequencies ================================
GPU[0]		: mclk clock level: 0: (167Mhz)
GPU[0]		: sclk clock level: 0: (852Mhz)
GPU[0]		: socclk clock level: 0: (600Mhz)
GPU[1]		: mclk clock level: 3: (1333Mhz)
GPU[1]		: sclk clock level: 0: (200Mhz)
==========================================================================================
=================================== Power Consumption ====================================
GPU[0]		: Current Socket Graphics Package Power (W): 7.0
energy_count_secondary_die_check, Unexpected data received
==========================================================================================
=================================== % time GPU is busy ===================================
GPU[0]		: GPU use (%): 0
GPU[1]		: GPU use (%): 0
==========================================================================================
=================================== Current Memory Use ===================================
GPU[0]		: GPU Memory Allocated (VRAM%): 0
GPU[0]		: Memory Activity: N/A
GPU[0]		: Not supported on the given system
GPU[1]		: GPU Memory Allocated (VRAM%): 1
GPU[1]		: Memory Activity: N/A
GPU[1]		: Not supported on the given system
==========================================================================================
================================== End of ROCm SMI Log ===================================

